2023-03-06 20:00:53,515 DEBUG [background-preinit][LoggerProviders.java:152] - Logging Provider: org.jboss.logging.Log4j2LoggerProvider
2023-03-06 20:00:53,515 DEBUG [background-preinit][LoggerProviders.java:152] - Logging Provider: org.jboss.logging.Log4j2LoggerProvider
2023-03-06 20:00:53,529 INFO [background-preinit][Version.java:21] - HV000001: Hibernate Validator 6.1.6.Final
2023-03-06 20:00:53,529 INFO [background-preinit][Version.java:21] - HV000001: Hibernate Validator 6.1.6.Final
2023-03-06 20:00:53,539 DEBUG [background-preinit][ValidationXmlParser.java:120] - Trying to load META-INF/validation.xml for XML based Validator configuration.
2023-03-06 20:00:53,539 DEBUG [background-preinit][ValidationXmlParser.java:120] - Trying to load META-INF/validation.xml for XML based Validator configuration.
2023-03-06 20:00:53,541 DEBUG [background-preinit][ResourceLoaderHelper.java:60] - Trying to load META-INF/validation.xml via TCCL
2023-03-06 20:00:53,541 DEBUG [background-preinit][ResourceLoaderHelper.java:60] - Trying to load META-INF/validation.xml via TCCL
2023-03-06 20:00:53,542 DEBUG [background-preinit][ResourceLoaderHelper.java:66] - Trying to load META-INF/validation.xml via Hibernate Validator's class loader
2023-03-06 20:00:53,542 DEBUG [background-preinit][ResourceLoaderHelper.java:66] - Trying to load META-INF/validation.xml via Hibernate Validator's class loader
2023-03-06 20:00:53,544 DEBUG [background-preinit][ValidationXmlParser.java:127] - No META-INF/validation.xml found. Using annotation based configuration only.
2023-03-06 20:00:53,544 DEBUG [background-preinit][ValidationXmlParser.java:127] - No META-INF/validation.xml found. Using annotation based configuration only.
2023-03-06 20:00:53,550 DEBUG [background-preinit][TraversableResolvers.java:60] - Cannot find javax.persistence.Persistence on classpath. Assuming non JPA 2 environment. All properties will per default be traversable.
2023-03-06 20:00:53,550 DEBUG [background-preinit][TraversableResolvers.java:60] - Cannot find javax.persistence.Persistence on classpath. Assuming non JPA 2 environment. All properties will per default be traversable.
2023-03-06 20:00:53,587 DEBUG [background-preinit][ResourceBundleMessageInterpolator.java:172] - Loaded expression factory via original TCCL
2023-03-06 20:00:53,587 DEBUG [background-preinit][ResourceBundleMessageInterpolator.java:172] - Loaded expression factory via original TCCL
2023-03-06 20:00:53,604 INFO [main][StartupInfoLogger.java:55] - Starting CourseCategoryServiceImplTest on LAPTOP-NGK92PLI with PID 20396 (started by asus in D:\start-project\online-study\os-content\os-content-service)
2023-03-06 20:00:53,604 INFO [main][StartupInfoLogger.java:55] - Starting CourseCategoryServiceImplTest on LAPTOP-NGK92PLI with PID 20396 (started by asus in D:\start-project\online-study\os-content\os-content-service)
2023-03-06 20:00:53,607 DEBUG [main][StartupInfoLogger.java:56] - Running with Spring Boot v2.3.7.RELEASE, Spring v5.2.12.RELEASE
2023-03-06 20:00:53,607 DEBUG [main][StartupInfoLogger.java:56] - Running with Spring Boot v2.3.7.RELEASE, Spring v5.2.12.RELEASE
2023-03-06 20:00:53,610 INFO [main][SpringApplication.java:651] - No active profile set, falling back to default profiles: default
2023-03-06 20:00:53,610 INFO [main][SpringApplication.java:651] - No active profile set, falling back to default profiles: default
2023-03-06 20:00:53,840 DEBUG [background-preinit][ValidatorFactoryConfigurationHelper.java:300] - HV000252: Using org.hibernate.validator.internal.engine.DefaultPropertyNodeNameProvider as property node name provider.
2023-03-06 20:00:53,840 DEBUG [background-preinit][ValidatorFactoryConfigurationHelper.java:300] - HV000252: Using org.hibernate.validator.internal.engine.DefaultPropertyNodeNameProvider as property node name provider.
2023-03-06 20:00:53,854 DEBUG [background-preinit][ValidatorFactoryConfigurationHelper.java:375] - HV000234: Using org.hibernate.validator.messageinterpolation.ResourceBundleMessageInterpolator as ValidatorFactory-scoped message interpolator.
2023-03-06 20:00:53,854 DEBUG [background-preinit][ValidatorFactoryConfigurationHelper.java:375] - HV000234: Using org.hibernate.validator.messageinterpolation.ResourceBundleMessageInterpolator as ValidatorFactory-scoped message interpolator.
2023-03-06 20:00:53,855 DEBUG [background-preinit][ValidatorFactoryConfigurationHelper.java:376] - HV000234: Using org.hibernate.validator.internal.engine.resolver.TraverseAllTraversableResolver as ValidatorFactory-scoped traversable resolver.
2023-03-06 20:00:53,855 DEBUG [background-preinit][ValidatorFactoryConfigurationHelper.java:376] - HV000234: Using org.hibernate.validator.internal.engine.resolver.TraverseAllTraversableResolver as ValidatorFactory-scoped traversable resolver.
2023-03-06 20:00:53,855 DEBUG [background-preinit][ValidatorFactoryConfigurationHelper.java:377] - HV000234: Using org.hibernate.validator.internal.util.ExecutableParameterNameProvider as ValidatorFactory-scoped parameter name provider.
2023-03-06 20:00:53,855 DEBUG [background-preinit][ValidatorFactoryConfigurationHelper.java:377] - HV000234: Using org.hibernate.validator.internal.util.ExecutableParameterNameProvider as ValidatorFactory-scoped parameter name provider.
2023-03-06 20:00:53,855 DEBUG [background-preinit][ValidatorFactoryConfigurationHelper.java:378] - HV000234: Using org.hibernate.validator.internal.engine.DefaultClockProvider as ValidatorFactory-scoped clock provider.
2023-03-06 20:00:53,855 DEBUG [background-preinit][ValidatorFactoryConfigurationHelper.java:378] - HV000234: Using org.hibernate.validator.internal.engine.DefaultClockProvider as ValidatorFactory-scoped clock provider.
2023-03-06 20:00:53,855 DEBUG [background-preinit][ValidatorFactoryConfigurationHelper.java:379] - HV000234: Using org.hibernate.validator.internal.engine.scripting.DefaultScriptEvaluatorFactory as ValidatorFactory-scoped script evaluator factory.
2023-03-06 20:00:53,855 DEBUG [background-preinit][ValidatorFactoryConfigurationHelper.java:379] - HV000234: Using org.hibernate.validator.internal.engine.scripting.DefaultScriptEvaluatorFactory as ValidatorFactory-scoped script evaluator factory.
2023-03-06 20:00:54,593 DEBUG [main][LogFactory.java:105] - Logging initialized using 'class org.apache.ibatis.logging.slf4j.Slf4jImpl' adapter.
2023-03-06 20:00:54,593 DEBUG [main][LogFactory.java:105] - Logging initialized using 'class org.apache.ibatis.logging.slf4j.Slf4jImpl' adapter.
2023-03-06 20:00:55,128 DEBUG [main][HikariConfig.java:946] - Driver class com.mysql.cj.jdbc.Driver found in Thread context class loader sun.misc.Launcher$AppClassLoader@18b4aac2
2023-03-06 20:00:55,128 DEBUG [main][HikariConfig.java:946] - Driver class com.mysql.cj.jdbc.Driver found in Thread context class loader sun.misc.Launcher$AppClassLoader@18b4aac2
2023-03-06 20:00:55,251 DEBUG [main][Logger.java:49] - Registered plugin: 'com.baomidou.mybatisplus.extension.plugins.MybatisPlusInterceptor@3238e2aa'
2023-03-06 20:00:55,251 DEBUG [main][Logger.java:49] - Registered plugin: 'com.baomidou.mybatisplus.extension.plugins.MybatisPlusInterceptor@3238e2aa'
2023-03-06 20:00:55,254 DEBUG [main][Logger.java:49] - Property 'mapperLocations' was not specified.
2023-03-06 20:00:55,254 DEBUG [main][Logger.java:49] - Property 'mapperLocations' was not specified.
2023-03-06 20:00:56,009 DEBUG [main][MybatisConfiguration.java:128] - addMappedStatement: com.study.content.mapper.CourseBaseMapper.insert
2023-03-06 20:00:56,009 DEBUG [main][MybatisConfiguration.java:128] - addMappedStatement: com.study.content.mapper.CourseBaseMapper.insert
2023-03-06 20:00:56,014 DEBUG [main][MybatisConfiguration.java:128] - addMappedStatement: com.study.content.mapper.CourseBaseMapper.delete
2023-03-06 20:00:56,014 DEBUG [main][MybatisConfiguration.java:128] - addMappedStatement: com.study.content.mapper.CourseBaseMapper.delete
2023-03-06 20:00:56,018 DEBUG [main][MybatisConfiguration.java:128] - addMappedStatement: com.study.content.mapper.CourseBaseMapper.deleteByMap
2023-03-06 20:00:56,018 DEBUG [main][MybatisConfiguration.java:128] - addMappedStatement: com.study.content.mapper.CourseBaseMapper.deleteByMap
2023-03-06 20:00:56,047 DEBUG [main][MybatisConfiguration.java:128] - addMappedStatement: com.study.content.mapper.CourseBaseMapper.deleteById
2023-03-06 20:00:56,047 DEBUG [main][MybatisConfiguration.java:128] - addMappedStatement: com.study.content.mapper.CourseBaseMapper.deleteById
2023-03-06 20:00:56,049 DEBUG [main][MybatisConfiguration.java:128] - addMappedStatement: com.study.content.mapper.CourseBaseMapper.deleteBatchIds
2023-03-06 20:00:56,049 DEBUG [main][MybatisConfiguration.java:128] - addMappedStatement: com.study.content.mapper.CourseBaseMapper.deleteBatchIds
2023-03-06 20:00:56,054 DEBUG [main][MybatisConfiguration.java:128] - addMappedStatement: com.study.content.mapper.CourseBaseMapper.update
2023-03-06 20:00:56,054 DEBUG [main][MybatisConfiguration.java:128] - addMappedStatement: com.study.content.mapper.CourseBaseMapper.update
2023-03-06 20:00:56,056 DEBUG [main][MybatisConfiguration.java:128] - addMappedStatement: com.study.content.mapper.CourseBaseMapper.updateById
2023-03-06 20:00:56,056 DEBUG [main][MybatisConfiguration.java:128] - addMappedStatement: com.study.content.mapper.CourseBaseMapper.updateById
2023-03-06 20:00:56,058 DEBUG [main][MybatisConfiguration.java:128] - addMappedStatement: com.study.content.mapper.CourseBaseMapper.selectById
2023-03-06 20:00:56,058 DEBUG [main][MybatisConfiguration.java:128] - addMappedStatement: com.study.content.mapper.CourseBaseMapper.selectById
2023-03-06 20:00:56,061 DEBUG [main][MybatisConfiguration.java:128] - addMappedStatement: com.study.content.mapper.CourseBaseMapper.selectBatchIds
2023-03-06 20:00:56,061 DEBUG [main][MybatisConfiguration.java:128] - addMappedStatement: com.study.content.mapper.CourseBaseMapper.selectBatchIds
2023-03-06 20:00:56,063 DEBUG [main][MybatisConfiguration.java:128] - addMappedStatement: com.study.content.mapper.CourseBaseMapper.selectByMap
2023-03-06 20:00:56,063 DEBUG [main][MybatisConfiguration.java:128] - addMappedStatement: com.study.content.mapper.CourseBaseMapper.selectByMap
2023-03-06 20:00:56,066 DEBUG [main][MybatisConfiguration.java:128] - addMappedStatement: com.study.content.mapper.CourseBaseMapper.selectOne
2023-03-06 20:00:56,066 DEBUG [main][MybatisConfiguration.java:128] - addMappedStatement: com.study.content.mapper.CourseBaseMapper.selectOne
2023-03-06 20:00:56,069 DEBUG [main][MybatisConfiguration.java:128] - addMappedStatement: com.study.content.mapper.CourseBaseMapper.selectCount
2023-03-06 20:00:56,069 DEBUG [main][MybatisConfiguration.java:128] - addMappedStatement: com.study.content.mapper.CourseBaseMapper.selectCount
2023-03-06 20:00:56,072 DEBUG [main][MybatisConfiguration.java:128] - addMappedStatement: com.study.content.mapper.CourseBaseMapper.selectMaps
2023-03-06 20:00:56,072 DEBUG [main][MybatisConfiguration.java:128] - addMappedStatement: com.study.content.mapper.CourseBaseMapper.selectMaps
2023-03-06 20:00:56,075 DEBUG [main][MybatisConfiguration.java:128] - addMappedStatement: com.study.content.mapper.CourseBaseMapper.selectMapsPage
2023-03-06 20:00:56,075 DEBUG [main][MybatisConfiguration.java:128] - addMappedStatement: com.study.content.mapper.CourseBaseMapper.selectMapsPage
2023-03-06 20:00:56,080 DEBUG [main][MybatisConfiguration.java:128] - addMappedStatement: com.study.content.mapper.CourseBaseMapper.selectObjs
2023-03-06 20:00:56,080 DEBUG [main][MybatisConfiguration.java:128] - addMappedStatement: com.study.content.mapper.CourseBaseMapper.selectObjs
2023-03-06 20:00:56,082 DEBUG [main][MybatisConfiguration.java:128] - addMappedStatement: com.study.content.mapper.CourseBaseMapper.selectList
2023-03-06 20:00:56,082 DEBUG [main][MybatisConfiguration.java:128] - addMappedStatement: com.study.content.mapper.CourseBaseMapper.selectList
2023-03-06 20:00:56,085 DEBUG [main][MybatisConfiguration.java:128] - addMappedStatement: com.study.content.mapper.CourseBaseMapper.selectPage
2023-03-06 20:00:56,085 DEBUG [main][MybatisConfiguration.java:128] - addMappedStatement: com.study.content.mapper.CourseBaseMapper.selectPage
2023-03-06 20:00:56,110 DEBUG [main][MybatisConfiguration.java:128] - addMappedStatement: com.study.content.mapper.CourseCategoryMapper.selectTreeNodes
2023-03-06 20:00:56,110 DEBUG [main][MybatisConfiguration.java:128] - addMappedStatement: com.study.content.mapper.CourseCategoryMapper.selectTreeNodes
2023-03-06 20:00:56,113 DEBUG [main][MybatisConfiguration.java:128] - addMappedStatement: com.study.content.mapper.CourseCategoryMapper.insert
2023-03-06 20:00:56,113 DEBUG [main][MybatisConfiguration.java:128] - addMappedStatement: com.study.content.mapper.CourseCategoryMapper.insert
2023-03-06 20:00:56,115 DEBUG [main][MybatisConfiguration.java:128] - addMappedStatement: com.study.content.mapper.CourseCategoryMapper.delete
2023-03-06 20:00:56,115 DEBUG [main][MybatisConfiguration.java:128] - addMappedStatement: com.study.content.mapper.CourseCategoryMapper.delete
2023-03-06 20:00:56,117 DEBUG [main][MybatisConfiguration.java:128] - addMappedStatement: com.study.content.mapper.CourseCategoryMapper.deleteByMap
2023-03-06 20:00:56,117 DEBUG [main][MybatisConfiguration.java:128] - addMappedStatement: com.study.content.mapper.CourseCategoryMapper.deleteByMap
2023-03-06 20:00:56,122 DEBUG [main][MybatisConfiguration.java:128] - addMappedStatement: com.study.content.mapper.CourseCategoryMapper.deleteById
2023-03-06 20:00:56,122 DEBUG [main][MybatisConfiguration.java:128] - addMappedStatement: com.study.content.mapper.CourseCategoryMapper.deleteById
2023-03-06 20:00:56,124 DEBUG [main][MybatisConfiguration.java:128] - addMappedStatement: com.study.content.mapper.CourseCategoryMapper.deleteBatchIds
2023-03-06 20:00:56,124 DEBUG [main][MybatisConfiguration.java:128] - addMappedStatement: com.study.content.mapper.CourseCategoryMapper.deleteBatchIds
2023-03-06 20:00:56,126 DEBUG [main][MybatisConfiguration.java:128] - addMappedStatement: com.study.content.mapper.CourseCategoryMapper.update
2023-03-06 20:00:56,126 DEBUG [main][MybatisConfiguration.java:128] - addMappedStatement: com.study.content.mapper.CourseCategoryMapper.update
2023-03-06 20:00:56,128 DEBUG [main][MybatisConfiguration.java:128] - addMappedStatement: com.study.content.mapper.CourseCategoryMapper.updateById
2023-03-06 20:00:56,128 DEBUG [main][MybatisConfiguration.java:128] - addMappedStatement: com.study.content.mapper.CourseCategoryMapper.updateById
2023-03-06 20:00:56,128 DEBUG [main][MybatisConfiguration.java:128] - addMappedStatement: com.study.content.mapper.CourseCategoryMapper.selectById
2023-03-06 20:00:56,128 DEBUG [main][MybatisConfiguration.java:128] - addMappedStatement: com.study.content.mapper.CourseCategoryMapper.selectById
2023-03-06 20:00:56,130 DEBUG [main][MybatisConfiguration.java:128] - addMappedStatement: com.study.content.mapper.CourseCategoryMapper.selectBatchIds
2023-03-06 20:00:56,130 DEBUG [main][MybatisConfiguration.java:128] - addMappedStatement: com.study.content.mapper.CourseCategoryMapper.selectBatchIds
2023-03-06 20:00:56,132 DEBUG [main][MybatisConfiguration.java:128] - addMappedStatement: com.study.content.mapper.CourseCategoryMapper.selectByMap
2023-03-06 20:00:56,132 DEBUG [main][MybatisConfiguration.java:128] - addMappedStatement: com.study.content.mapper.CourseCategoryMapper.selectByMap
2023-03-06 20:00:56,136 DEBUG [main][MybatisConfiguration.java:128] - addMappedStatement: com.study.content.mapper.CourseCategoryMapper.selectOne
2023-03-06 20:00:56,136 DEBUG [main][MybatisConfiguration.java:128] - addMappedStatement: com.study.content.mapper.CourseCategoryMapper.selectOne
2023-03-06 20:00:56,139 DEBUG [main][MybatisConfiguration.java:128] - addMappedStatement: com.study.content.mapper.CourseCategoryMapper.selectCount
2023-03-06 20:00:56,139 DEBUG [main][MybatisConfiguration.java:128] - addMappedStatement: com.study.content.mapper.CourseCategoryMapper.selectCount
2023-03-06 20:00:56,143 DEBUG [main][MybatisConfiguration.java:128] - addMappedStatement: com.study.content.mapper.CourseCategoryMapper.selectMaps
2023-03-06 20:00:56,143 DEBUG [main][MybatisConfiguration.java:128] - addMappedStatement: com.study.content.mapper.CourseCategoryMapper.selectMaps
2023-03-06 20:00:56,145 DEBUG [main][MybatisConfiguration.java:128] - addMappedStatement: com.study.content.mapper.CourseCategoryMapper.selectMapsPage
2023-03-06 20:00:56,145 DEBUG [main][MybatisConfiguration.java:128] - addMappedStatement: com.study.content.mapper.CourseCategoryMapper.selectMapsPage
2023-03-06 20:00:56,148 DEBUG [main][MybatisConfiguration.java:128] - addMappedStatement: com.study.content.mapper.CourseCategoryMapper.selectObjs
2023-03-06 20:00:56,148 DEBUG [main][MybatisConfiguration.java:128] - addMappedStatement: com.study.content.mapper.CourseCategoryMapper.selectObjs
2023-03-06 20:00:56,151 DEBUG [main][MybatisConfiguration.java:128] - addMappedStatement: com.study.content.mapper.CourseCategoryMapper.selectList
2023-03-06 20:00:56,151 DEBUG [main][MybatisConfiguration.java:128] - addMappedStatement: com.study.content.mapper.CourseCategoryMapper.selectList
2023-03-06 20:00:56,155 DEBUG [main][MybatisConfiguration.java:128] - addMappedStatement: com.study.content.mapper.CourseCategoryMapper.selectPage
2023-03-06 20:00:56,155 DEBUG [main][MybatisConfiguration.java:128] - addMappedStatement: com.study.content.mapper.CourseCategoryMapper.selectPage
2023-03-06 20:00:56,254 DEBUG [main][ResourceBundleMessageInterpolator.java:172] - Loaded expression factory via original TCCL
2023-03-06 20:00:56,254 DEBUG [main][ResourceBundleMessageInterpolator.java:172] - Loaded expression factory via original TCCL
2023-03-06 20:00:56,265 DEBUG [main][AbstractConfigurationImpl.java:171] - Setting custom MessageInterpolator of type org.springframework.validation.beanvalidation.LocaleContextMessageInterpolator
2023-03-06 20:00:56,265 DEBUG [main][AbstractConfigurationImpl.java:171] - Setting custom MessageInterpolator of type org.springframework.validation.beanvalidation.LocaleContextMessageInterpolator
2023-03-06 20:00:56,267 DEBUG [main][AbstractConfigurationImpl.java:203] - Setting custom ConstraintValidatorFactory of type org.springframework.validation.beanvalidation.SpringConstraintValidatorFactory
2023-03-06 20:00:56,267 DEBUG [main][AbstractConfigurationImpl.java:203] - Setting custom ConstraintValidatorFactory of type org.springframework.validation.beanvalidation.SpringConstraintValidatorFactory
2023-03-06 20:00:56,268 DEBUG [main][AbstractConfigurationImpl.java:217] - Setting custom ParameterNameProvider of type org.springframework.validation.beanvalidation.LocalValidatorFactoryBean$1
2023-03-06 20:00:56,268 DEBUG [main][AbstractConfigurationImpl.java:217] - Setting custom ParameterNameProvider of type org.springframework.validation.beanvalidation.LocalValidatorFactoryBean$1
2023-03-06 20:00:56,269 DEBUG [main][ValidationXmlParser.java:120] - Trying to load META-INF/validation.xml for XML based Validator configuration.
2023-03-06 20:00:56,269 DEBUG [main][ValidationXmlParser.java:120] - Trying to load META-INF/validation.xml for XML based Validator configuration.
2023-03-06 20:00:56,269 DEBUG [main][ResourceLoaderHelper.java:53] - Trying to load META-INF/validation.xml via user class loader
2023-03-06 20:00:56,269 DEBUG [main][ResourceLoaderHelper.java:53] - Trying to load META-INF/validation.xml via user class loader
2023-03-06 20:00:56,270 DEBUG [main][ResourceLoaderHelper.java:60] - Trying to load META-INF/validation.xml via TCCL
2023-03-06 20:00:56,270 DEBUG [main][ResourceLoaderHelper.java:60] - Trying to load META-INF/validation.xml via TCCL
2023-03-06 20:00:56,270 DEBUG [main][ResourceLoaderHelper.java:66] - Trying to load META-INF/validation.xml via Hibernate Validator's class loader
2023-03-06 20:00:56,270 DEBUG [main][ResourceLoaderHelper.java:66] - Trying to load META-INF/validation.xml via Hibernate Validator's class loader
2023-03-06 20:00:56,271 DEBUG [main][ValidationXmlParser.java:127] - No META-INF/validation.xml found. Using annotation based configuration only.
2023-03-06 20:00:56,271 DEBUG [main][ValidationXmlParser.java:127] - No META-INF/validation.xml found. Using annotation based configuration only.
2023-03-06 20:00:56,272 DEBUG [main][TraversableResolvers.java:60] - Cannot find javax.persistence.Persistence on classpath. Assuming non JPA 2 environment. All properties will per default be traversable.
2023-03-06 20:00:56,272 DEBUG [main][TraversableResolvers.java:60] - Cannot find javax.persistence.Persistence on classpath. Assuming non JPA 2 environment. All properties will per default be traversable.
2023-03-06 20:00:56,273 DEBUG [main][ValidatorFactoryConfigurationHelper.java:300] - HV000252: Using org.hibernate.validator.internal.engine.DefaultPropertyNodeNameProvider as property node name provider.
2023-03-06 20:00:56,273 DEBUG [main][ValidatorFactoryConfigurationHelper.java:300] - HV000252: Using org.hibernate.validator.internal.engine.DefaultPropertyNodeNameProvider as property node name provider.
2023-03-06 20:00:56,274 DEBUG [main][ValidatorFactoryConfigurationHelper.java:375] - HV000234: Using org.springframework.validation.beanvalidation.LocaleContextMessageInterpolator as ValidatorFactory-scoped message interpolator.
2023-03-06 20:00:56,274 DEBUG [main][ValidatorFactoryConfigurationHelper.java:375] - HV000234: Using org.springframework.validation.beanvalidation.LocaleContextMessageInterpolator as ValidatorFactory-scoped message interpolator.
2023-03-06 20:00:56,274 DEBUG [main][ValidatorFactoryConfigurationHelper.java:376] - HV000234: Using org.hibernate.validator.internal.engine.resolver.TraverseAllTraversableResolver as ValidatorFactory-scoped traversable resolver.
2023-03-06 20:00:56,274 DEBUG [main][ValidatorFactoryConfigurationHelper.java:376] - HV000234: Using org.hibernate.validator.internal.engine.resolver.TraverseAllTraversableResolver as ValidatorFactory-scoped traversable resolver.
2023-03-06 20:00:56,274 DEBUG [main][ValidatorFactoryConfigurationHelper.java:377] - HV000234: Using org.hibernate.validator.internal.util.ExecutableParameterNameProvider as ValidatorFactory-scoped parameter name provider.
2023-03-06 20:00:56,274 DEBUG [main][ValidatorFactoryConfigurationHelper.java:377] - HV000234: Using org.hibernate.validator.internal.util.ExecutableParameterNameProvider as ValidatorFactory-scoped parameter name provider.
2023-03-06 20:00:56,274 DEBUG [main][ValidatorFactoryConfigurationHelper.java:378] - HV000234: Using org.hibernate.validator.internal.engine.DefaultClockProvider as ValidatorFactory-scoped clock provider.
2023-03-06 20:00:56,274 DEBUG [main][ValidatorFactoryConfigurationHelper.java:378] - HV000234: Using org.hibernate.validator.internal.engine.DefaultClockProvider as ValidatorFactory-scoped clock provider.
2023-03-06 20:00:56,275 DEBUG [main][ValidatorFactoryConfigurationHelper.java:379] - HV000234: Using org.hibernate.validator.internal.engine.scripting.DefaultScriptEvaluatorFactory as ValidatorFactory-scoped script evaluator factory.
2023-03-06 20:00:56,275 DEBUG [main][ValidatorFactoryConfigurationHelper.java:379] - HV000234: Using org.hibernate.validator.internal.engine.scripting.DefaultScriptEvaluatorFactory as ValidatorFactory-scoped script evaluator factory.
2023-03-06 20:00:56,768 DEBUG [main][MybatisConfiguration.java:128] - addMappedStatement: com.study.content.mapper.CourseMarketMapper.insert
2023-03-06 20:00:56,768 DEBUG [main][MybatisConfiguration.java:128] - addMappedStatement: com.study.content.mapper.CourseMarketMapper.insert
2023-03-06 20:00:56,771 DEBUG [main][MybatisConfiguration.java:128] - addMappedStatement: com.study.content.mapper.CourseMarketMapper.delete
2023-03-06 20:00:56,771 DEBUG [main][MybatisConfiguration.java:128] - addMappedStatement: com.study.content.mapper.CourseMarketMapper.delete
2023-03-06 20:00:56,774 DEBUG [main][MybatisConfiguration.java:128] - addMappedStatement: com.study.content.mapper.CourseMarketMapper.deleteByMap
2023-03-06 20:00:56,774 DEBUG [main][MybatisConfiguration.java:128] - addMappedStatement: com.study.content.mapper.CourseMarketMapper.deleteByMap
2023-03-06 20:00:56,779 DEBUG [main][MybatisConfiguration.java:128] - addMappedStatement: com.study.content.mapper.CourseMarketMapper.deleteById
2023-03-06 20:00:56,779 DEBUG [main][MybatisConfiguration.java:128] - addMappedStatement: com.study.content.mapper.CourseMarketMapper.deleteById
2023-03-06 20:00:56,780 DEBUG [main][MybatisConfiguration.java:128] - addMappedStatement: com.study.content.mapper.CourseMarketMapper.deleteBatchIds
2023-03-06 20:00:56,780 DEBUG [main][MybatisConfiguration.java:128] - addMappedStatement: com.study.content.mapper.CourseMarketMapper.deleteBatchIds
2023-03-06 20:00:56,783 DEBUG [main][MybatisConfiguration.java:128] - addMappedStatement: com.study.content.mapper.CourseMarketMapper.update
2023-03-06 20:00:56,783 DEBUG [main][MybatisConfiguration.java:128] - addMappedStatement: com.study.content.mapper.CourseMarketMapper.update
2023-03-06 20:00:56,785 DEBUG [main][MybatisConfiguration.java:128] - addMappedStatement: com.study.content.mapper.CourseMarketMapper.updateById
2023-03-06 20:00:56,785 DEBUG [main][MybatisConfiguration.java:128] - addMappedStatement: com.study.content.mapper.CourseMarketMapper.updateById
2023-03-06 20:00:56,785 DEBUG [main][MybatisConfiguration.java:128] - addMappedStatement: com.study.content.mapper.CourseMarketMapper.selectById
2023-03-06 20:00:56,785 DEBUG [main][MybatisConfiguration.java:128] - addMappedStatement: com.study.content.mapper.CourseMarketMapper.selectById
2023-03-06 20:00:56,787 DEBUG [main][MybatisConfiguration.java:128] - addMappedStatement: com.study.content.mapper.CourseMarketMapper.selectBatchIds
2023-03-06 20:00:56,787 DEBUG [main][MybatisConfiguration.java:128] - addMappedStatement: com.study.content.mapper.CourseMarketMapper.selectBatchIds
2023-03-06 20:00:56,790 DEBUG [main][MybatisConfiguration.java:128] - addMappedStatement: com.study.content.mapper.CourseMarketMapper.selectByMap
2023-03-06 20:00:56,790 DEBUG [main][MybatisConfiguration.java:128] - addMappedStatement: com.study.content.mapper.CourseMarketMapper.selectByMap
2023-03-06 20:00:56,792 DEBUG [main][MybatisConfiguration.java:128] - addMappedStatement: com.study.content.mapper.CourseMarketMapper.selectOne
2023-03-06 20:00:56,792 DEBUG [main][MybatisConfiguration.java:128] - addMappedStatement: com.study.content.mapper.CourseMarketMapper.selectOne
2023-03-06 20:00:56,797 DEBUG [main][MybatisConfiguration.java:128] - addMappedStatement: com.study.content.mapper.CourseMarketMapper.selectCount
2023-03-06 20:00:56,797 DEBUG [main][MybatisConfiguration.java:128] - addMappedStatement: com.study.content.mapper.CourseMarketMapper.selectCount
2023-03-06 20:00:56,800 DEBUG [main][MybatisConfiguration.java:128] - addMappedStatement: com.study.content.mapper.CourseMarketMapper.selectMaps
2023-03-06 20:00:56,800 DEBUG [main][MybatisConfiguration.java:128] - addMappedStatement: com.study.content.mapper.CourseMarketMapper.selectMaps
2023-03-06 20:00:56,804 DEBUG [main][MybatisConfiguration.java:128] - addMappedStatement: com.study.content.mapper.CourseMarketMapper.selectMapsPage
2023-03-06 20:00:56,804 DEBUG [main][MybatisConfiguration.java:128] - addMappedStatement: com.study.content.mapper.CourseMarketMapper.selectMapsPage
2023-03-06 20:00:56,807 DEBUG [main][MybatisConfiguration.java:128] - addMappedStatement: com.study.content.mapper.CourseMarketMapper.selectObjs
2023-03-06 20:00:56,807 DEBUG [main][MybatisConfiguration.java:128] - addMappedStatement: com.study.content.mapper.CourseMarketMapper.selectObjs
2023-03-06 20:00:56,810 DEBUG [main][MybatisConfiguration.java:128] - addMappedStatement: com.study.content.mapper.CourseMarketMapper.selectList
2023-03-06 20:00:56,810 DEBUG [main][MybatisConfiguration.java:128] - addMappedStatement: com.study.content.mapper.CourseMarketMapper.selectList
2023-03-06 20:00:56,813 DEBUG [main][MybatisConfiguration.java:128] - addMappedStatement: com.study.content.mapper.CourseMarketMapper.selectPage
2023-03-06 20:00:56,813 DEBUG [main][MybatisConfiguration.java:128] - addMappedStatement: com.study.content.mapper.CourseMarketMapper.selectPage
2023-03-06 20:00:56,825 DEBUG [main][MybatisConfiguration.java:128] - addMappedStatement: com.study.content.mapper.CourseTeacherMapper.insert
2023-03-06 20:00:56,825 DEBUG [main][MybatisConfiguration.java:128] - addMappedStatement: com.study.content.mapper.CourseTeacherMapper.insert
2023-03-06 20:00:56,827 DEBUG [main][MybatisConfiguration.java:128] - addMappedStatement: com.study.content.mapper.CourseTeacherMapper.delete
2023-03-06 20:00:56,827 DEBUG [main][MybatisConfiguration.java:128] - addMappedStatement: com.study.content.mapper.CourseTeacherMapper.delete
2023-03-06 20:00:56,829 DEBUG [main][MybatisConfiguration.java:128] - addMappedStatement: com.study.content.mapper.CourseTeacherMapper.deleteByMap
2023-03-06 20:00:56,829 DEBUG [main][MybatisConfiguration.java:128] - addMappedStatement: com.study.content.mapper.CourseTeacherMapper.deleteByMap
2023-03-06 20:00:56,830 DEBUG [main][MybatisConfiguration.java:128] - addMappedStatement: com.study.content.mapper.CourseTeacherMapper.deleteById
2023-03-06 20:00:56,830 DEBUG [main][MybatisConfiguration.java:128] - addMappedStatement: com.study.content.mapper.CourseTeacherMapper.deleteById
2023-03-06 20:00:56,832 DEBUG [main][MybatisConfiguration.java:128] - addMappedStatement: com.study.content.mapper.CourseTeacherMapper.deleteBatchIds
2023-03-06 20:00:56,832 DEBUG [main][MybatisConfiguration.java:128] - addMappedStatement: com.study.content.mapper.CourseTeacherMapper.deleteBatchIds
2023-03-06 20:00:56,835 DEBUG [main][MybatisConfiguration.java:128] - addMappedStatement: com.study.content.mapper.CourseTeacherMapper.update
2023-03-06 20:00:56,835 DEBUG [main][MybatisConfiguration.java:128] - addMappedStatement: com.study.content.mapper.CourseTeacherMapper.update
2023-03-06 20:00:56,840 DEBUG [main][MybatisConfiguration.java:128] - addMappedStatement: com.study.content.mapper.CourseTeacherMapper.updateById
2023-03-06 20:00:56,840 DEBUG [main][MybatisConfiguration.java:128] - addMappedStatement: com.study.content.mapper.CourseTeacherMapper.updateById
2023-03-06 20:00:56,842 DEBUG [main][MybatisConfiguration.java:128] - addMappedStatement: com.study.content.mapper.CourseTeacherMapper.selectById
2023-03-06 20:00:56,842 DEBUG [main][MybatisConfiguration.java:128] - addMappedStatement: com.study.content.mapper.CourseTeacherMapper.selectById
2023-03-06 20:00:56,843 DEBUG [main][MybatisConfiguration.java:128] - addMappedStatement: com.study.content.mapper.CourseTeacherMapper.selectBatchIds
2023-03-06 20:00:56,843 DEBUG [main][MybatisConfiguration.java:128] - addMappedStatement: com.study.content.mapper.CourseTeacherMapper.selectBatchIds
2023-03-06 20:00:56,845 DEBUG [main][MybatisConfiguration.java:128] - addMappedStatement: com.study.content.mapper.CourseTeacherMapper.selectByMap
2023-03-06 20:00:56,845 DEBUG [main][MybatisConfiguration.java:128] - addMappedStatement: com.study.content.mapper.CourseTeacherMapper.selectByMap
2023-03-06 20:00:56,847 DEBUG [main][MybatisConfiguration.java:128] - addMappedStatement: com.study.content.mapper.CourseTeacherMapper.selectOne
2023-03-06 20:00:56,847 DEBUG [main][MybatisConfiguration.java:128] - addMappedStatement: com.study.content.mapper.CourseTeacherMapper.selectOne
2023-03-06 20:00:56,849 DEBUG [main][MybatisConfiguration.java:128] - addMappedStatement: com.study.content.mapper.CourseTeacherMapper.selectCount
2023-03-06 20:00:56,849 DEBUG [main][MybatisConfiguration.java:128] - addMappedStatement: com.study.content.mapper.CourseTeacherMapper.selectCount
2023-03-06 20:00:56,850 DEBUG [main][MybatisConfiguration.java:128] - addMappedStatement: com.study.content.mapper.CourseTeacherMapper.selectMaps
2023-03-06 20:00:56,850 DEBUG [main][MybatisConfiguration.java:128] - addMappedStatement: com.study.content.mapper.CourseTeacherMapper.selectMaps
2023-03-06 20:00:56,852 DEBUG [main][MybatisConfiguration.java:128] - addMappedStatement: com.study.content.mapper.CourseTeacherMapper.selectMapsPage
2023-03-06 20:00:56,852 DEBUG [main][MybatisConfiguration.java:128] - addMappedStatement: com.study.content.mapper.CourseTeacherMapper.selectMapsPage
2023-03-06 20:00:56,855 DEBUG [main][MybatisConfiguration.java:128] - addMappedStatement: com.study.content.mapper.CourseTeacherMapper.selectObjs
2023-03-06 20:00:56,855 DEBUG [main][MybatisConfiguration.java:128] - addMappedStatement: com.study.content.mapper.CourseTeacherMapper.selectObjs
2023-03-06 20:00:56,860 DEBUG [main][MybatisConfiguration.java:128] - addMappedStatement: com.study.content.mapper.CourseTeacherMapper.selectList
2023-03-06 20:00:56,860 DEBUG [main][MybatisConfiguration.java:128] - addMappedStatement: com.study.content.mapper.CourseTeacherMapper.selectList
2023-03-06 20:00:56,863 DEBUG [main][MybatisConfiguration.java:128] - addMappedStatement: com.study.content.mapper.CourseTeacherMapper.selectPage
2023-03-06 20:00:56,863 DEBUG [main][MybatisConfiguration.java:128] - addMappedStatement: com.study.content.mapper.CourseTeacherMapper.selectPage
2023-03-06 20:00:56,874 DEBUG [main][MybatisConfiguration.java:128] - addMappedStatement: com.study.content.mapper.TeachplanMapper.insert
2023-03-06 20:00:56,874 DEBUG [main][MybatisConfiguration.java:128] - addMappedStatement: com.study.content.mapper.TeachplanMapper.insert
2023-03-06 20:00:56,878 DEBUG [main][MybatisConfiguration.java:128] - addMappedStatement: com.study.content.mapper.TeachplanMapper.delete
2023-03-06 20:00:56,878 DEBUG [main][MybatisConfiguration.java:128] - addMappedStatement: com.study.content.mapper.TeachplanMapper.delete
2023-03-06 20:00:56,880 DEBUG [main][MybatisConfiguration.java:128] - addMappedStatement: com.study.content.mapper.TeachplanMapper.deleteByMap
2023-03-06 20:00:56,880 DEBUG [main][MybatisConfiguration.java:128] - addMappedStatement: com.study.content.mapper.TeachplanMapper.deleteByMap
2023-03-06 20:00:56,884 DEBUG [main][MybatisConfiguration.java:128] - addMappedStatement: com.study.content.mapper.TeachplanMapper.deleteById
2023-03-06 20:00:56,884 DEBUG [main][MybatisConfiguration.java:128] - addMappedStatement: com.study.content.mapper.TeachplanMapper.deleteById
2023-03-06 20:00:56,884 DEBUG [main][MybatisConfiguration.java:128] - addMappedStatement: com.study.content.mapper.TeachplanMapper.deleteBatchIds
2023-03-06 20:00:56,884 DEBUG [main][MybatisConfiguration.java:128] - addMappedStatement: com.study.content.mapper.TeachplanMapper.deleteBatchIds
2023-03-06 20:00:56,884 DEBUG [main][MybatisConfiguration.java:128] - addMappedStatement: com.study.content.mapper.TeachplanMapper.update
2023-03-06 20:00:56,884 DEBUG [main][MybatisConfiguration.java:128] - addMappedStatement: com.study.content.mapper.TeachplanMapper.update
2023-03-06 20:00:56,891 DEBUG [main][MybatisConfiguration.java:128] - addMappedStatement: com.study.content.mapper.TeachplanMapper.updateById
2023-03-06 20:00:56,891 DEBUG [main][MybatisConfiguration.java:128] - addMappedStatement: com.study.content.mapper.TeachplanMapper.updateById
2023-03-06 20:00:56,891 DEBUG [main][MybatisConfiguration.java:128] - addMappedStatement: com.study.content.mapper.TeachplanMapper.selectById
2023-03-06 20:00:56,891 DEBUG [main][MybatisConfiguration.java:128] - addMappedStatement: com.study.content.mapper.TeachplanMapper.selectById
2023-03-06 20:00:56,891 DEBUG [main][MybatisConfiguration.java:128] - addMappedStatement: com.study.content.mapper.TeachplanMapper.selectBatchIds
2023-03-06 20:00:56,891 DEBUG [main][MybatisConfiguration.java:128] - addMappedStatement: com.study.content.mapper.TeachplanMapper.selectBatchIds
2023-03-06 20:00:56,897 DEBUG [main][MybatisConfiguration.java:128] - addMappedStatement: com.study.content.mapper.TeachplanMapper.selectByMap
2023-03-06 20:00:56,897 DEBUG [main][MybatisConfiguration.java:128] - addMappedStatement: com.study.content.mapper.TeachplanMapper.selectByMap
2023-03-06 20:00:56,903 DEBUG [main][MybatisConfiguration.java:128] - addMappedStatement: com.study.content.mapper.TeachplanMapper.selectOne
2023-03-06 20:00:56,903 DEBUG [main][MybatisConfiguration.java:128] - addMappedStatement: com.study.content.mapper.TeachplanMapper.selectOne
2023-03-06 20:00:56,906 DEBUG [main][MybatisConfiguration.java:128] - addMappedStatement: com.study.content.mapper.TeachplanMapper.selectCount
2023-03-06 20:00:56,906 DEBUG [main][MybatisConfiguration.java:128] - addMappedStatement: com.study.content.mapper.TeachplanMapper.selectCount
2023-03-06 20:00:56,908 DEBUG [main][MybatisConfiguration.java:128] - addMappedStatement: com.study.content.mapper.TeachplanMapper.selectMaps
2023-03-06 20:00:56,908 DEBUG [main][MybatisConfiguration.java:128] - addMappedStatement: com.study.content.mapper.TeachplanMapper.selectMaps
2023-03-06 20:00:56,911 DEBUG [main][MybatisConfiguration.java:128] - addMappedStatement: com.study.content.mapper.TeachplanMapper.selectMapsPage
2023-03-06 20:00:56,911 DEBUG [main][MybatisConfiguration.java:128] - addMappedStatement: com.study.content.mapper.TeachplanMapper.selectMapsPage
2023-03-06 20:00:56,913 DEBUG [main][MybatisConfiguration.java:128] - addMappedStatement: com.study.content.mapper.TeachplanMapper.selectObjs
2023-03-06 20:00:56,913 DEBUG [main][MybatisConfiguration.java:128] - addMappedStatement: com.study.content.mapper.TeachplanMapper.selectObjs
2023-03-06 20:00:56,916 DEBUG [main][MybatisConfiguration.java:128] - addMappedStatement: com.study.content.mapper.TeachplanMapper.selectList
2023-03-06 20:00:56,916 DEBUG [main][MybatisConfiguration.java:128] - addMappedStatement: com.study.content.mapper.TeachplanMapper.selectList
2023-03-06 20:00:56,919 DEBUG [main][MybatisConfiguration.java:128] - addMappedStatement: com.study.content.mapper.TeachplanMapper.selectPage
2023-03-06 20:00:56,919 DEBUG [main][MybatisConfiguration.java:128] - addMappedStatement: com.study.content.mapper.TeachplanMapper.selectPage
2023-03-06 20:00:56,931 DEBUG [main][MybatisConfiguration.java:128] - addMappedStatement: com.study.content.mapper.TeachplanMediaMapper.insert
2023-03-06 20:00:56,931 DEBUG [main][MybatisConfiguration.java:128] - addMappedStatement: com.study.content.mapper.TeachplanMediaMapper.insert
2023-03-06 20:00:56,935 DEBUG [main][MybatisConfiguration.java:128] - addMappedStatement: com.study.content.mapper.TeachplanMediaMapper.delete
2023-03-06 20:00:56,935 DEBUG [main][MybatisConfiguration.java:128] - addMappedStatement: com.study.content.mapper.TeachplanMediaMapper.delete
2023-03-06 20:00:56,937 DEBUG [main][MybatisConfiguration.java:128] - addMappedStatement: com.study.content.mapper.TeachplanMediaMapper.deleteByMap
2023-03-06 20:00:56,937 DEBUG [main][MybatisConfiguration.java:128] - addMappedStatement: com.study.content.mapper.TeachplanMediaMapper.deleteByMap
2023-03-06 20:00:56,940 DEBUG [main][MybatisConfiguration.java:128] - addMappedStatement: com.study.content.mapper.TeachplanMediaMapper.deleteById
2023-03-06 20:00:56,940 DEBUG [main][MybatisConfiguration.java:128] - addMappedStatement: com.study.content.mapper.TeachplanMediaMapper.deleteById
2023-03-06 20:00:56,943 DEBUG [main][MybatisConfiguration.java:128] - addMappedStatement: com.study.content.mapper.TeachplanMediaMapper.deleteBatchIds
2023-03-06 20:00:56,943 DEBUG [main][MybatisConfiguration.java:128] - addMappedStatement: com.study.content.mapper.TeachplanMediaMapper.deleteBatchIds
2023-03-06 20:00:56,945 DEBUG [main][MybatisConfiguration.java:128] - addMappedStatement: com.study.content.mapper.TeachplanMediaMapper.update
2023-03-06 20:00:56,945 DEBUG [main][MybatisConfiguration.java:128] - addMappedStatement: com.study.content.mapper.TeachplanMediaMapper.update
2023-03-06 20:00:56,948 DEBUG [main][MybatisConfiguration.java:128] - addMappedStatement: com.study.content.mapper.TeachplanMediaMapper.updateById
2023-03-06 20:00:56,948 DEBUG [main][MybatisConfiguration.java:128] - addMappedStatement: com.study.content.mapper.TeachplanMediaMapper.updateById
2023-03-06 20:00:56,949 DEBUG [main][MybatisConfiguration.java:128] - addMappedStatement: com.study.content.mapper.TeachplanMediaMapper.selectById
2023-03-06 20:00:56,949 DEBUG [main][MybatisConfiguration.java:128] - addMappedStatement: com.study.content.mapper.TeachplanMediaMapper.selectById
2023-03-06 20:00:56,951 DEBUG [main][MybatisConfiguration.java:128] - addMappedStatement: com.study.content.mapper.TeachplanMediaMapper.selectBatchIds
2023-03-06 20:00:56,951 DEBUG [main][MybatisConfiguration.java:128] - addMappedStatement: com.study.content.mapper.TeachplanMediaMapper.selectBatchIds
2023-03-06 20:00:56,954 DEBUG [main][MybatisConfiguration.java:128] - addMappedStatement: com.study.content.mapper.TeachplanMediaMapper.selectByMap
2023-03-06 20:00:56,954 DEBUG [main][MybatisConfiguration.java:128] - addMappedStatement: com.study.content.mapper.TeachplanMediaMapper.selectByMap
2023-03-06 20:00:56,956 DEBUG [main][MybatisConfiguration.java:128] - addMappedStatement: com.study.content.mapper.TeachplanMediaMapper.selectOne
2023-03-06 20:00:56,956 DEBUG [main][MybatisConfiguration.java:128] - addMappedStatement: com.study.content.mapper.TeachplanMediaMapper.selectOne
2023-03-06 20:00:56,961 DEBUG [main][MybatisConfiguration.java:128] - addMappedStatement: com.study.content.mapper.TeachplanMediaMapper.selectCount
2023-03-06 20:00:56,961 DEBUG [main][MybatisConfiguration.java:128] - addMappedStatement: com.study.content.mapper.TeachplanMediaMapper.selectCount
2023-03-06 20:00:56,966 DEBUG [main][MybatisConfiguration.java:128] - addMappedStatement: com.study.content.mapper.TeachplanMediaMapper.selectMaps
2023-03-06 20:00:56,966 DEBUG [main][MybatisConfiguration.java:128] - addMappedStatement: com.study.content.mapper.TeachplanMediaMapper.selectMaps
2023-03-06 20:00:56,969 DEBUG [main][MybatisConfiguration.java:128] - addMappedStatement: com.study.content.mapper.TeachplanMediaMapper.selectMapsPage
2023-03-06 20:00:56,969 DEBUG [main][MybatisConfiguration.java:128] - addMappedStatement: com.study.content.mapper.TeachplanMediaMapper.selectMapsPage
2023-03-06 20:00:56,971 DEBUG [main][MybatisConfiguration.java:128] - addMappedStatement: com.study.content.mapper.TeachplanMediaMapper.selectObjs
2023-03-06 20:00:56,971 DEBUG [main][MybatisConfiguration.java:128] - addMappedStatement: com.study.content.mapper.TeachplanMediaMapper.selectObjs
2023-03-06 20:00:56,973 DEBUG [main][MybatisConfiguration.java:128] - addMappedStatement: com.study.content.mapper.TeachplanMediaMapper.selectList
2023-03-06 20:00:56,973 DEBUG [main][MybatisConfiguration.java:128] - addMappedStatement: com.study.content.mapper.TeachplanMediaMapper.selectList
2023-03-06 20:00:56,976 DEBUG [main][MybatisConfiguration.java:128] - addMappedStatement: com.study.content.mapper.TeachplanMediaMapper.selectPage
2023-03-06 20:00:56,976 DEBUG [main][MybatisConfiguration.java:128] - addMappedStatement: com.study.content.mapper.TeachplanMediaMapper.selectPage
2023-03-06 20:00:57,002 INFO [main][StartupInfoLogger.java:61] - Started CourseCategoryServiceImplTest in 4.177 seconds (JVM running for 6.646)
2023-03-06 20:00:57,002 INFO [main][StartupInfoLogger.java:61] - Started CourseCategoryServiceImplTest in 4.177 seconds (JVM running for 6.646)
2023-03-06 20:00:57,465 DEBUG [main][HikariConfig.java:1066] - HikariPool-1 - configuration:
2023-03-06 20:00:57,465 DEBUG [main][HikariConfig.java:1066] - HikariPool-1 - configuration:
2023-03-06 20:00:57,472 DEBUG [main][HikariConfig.java:1098] - allowPoolSuspension.............false
2023-03-06 20:00:57,472 DEBUG [main][HikariConfig.java:1098] - allowPoolSuspension.............false
2023-03-06 20:00:57,472 DEBUG [main][HikariConfig.java:1098] - autoCommit......................true
2023-03-06 20:00:57,472 DEBUG [main][HikariConfig.java:1098] - autoCommit......................true
2023-03-06 20:00:57,472 DEBUG [main][HikariConfig.java:1098] - catalog.........................none
2023-03-06 20:00:57,472 DEBUG [main][HikariConfig.java:1098] - catalog.........................none
2023-03-06 20:00:57,472 DEBUG [main][HikariConfig.java:1098] - connectionInitSql...............none
2023-03-06 20:00:57,472 DEBUG [main][HikariConfig.java:1098] - connectionInitSql...............none
2023-03-06 20:00:57,472 DEBUG [main][HikariConfig.java:1098] - connectionTestQuery.............none
2023-03-06 20:00:57,472 DEBUG [main][HikariConfig.java:1098] - connectionTestQuery.............none
2023-03-06 20:00:57,472 DEBUG [main][HikariConfig.java:1098] - connectionTimeout...............30000
2023-03-06 20:00:57,472 DEBUG [main][HikariConfig.java:1098] - connectionTimeout...............30000
2023-03-06 20:00:57,472 DEBUG [main][HikariConfig.java:1098] - dataSource......................none
2023-03-06 20:00:57,472 DEBUG [main][HikariConfig.java:1098] - dataSource......................none
2023-03-06 20:00:57,472 DEBUG [main][HikariConfig.java:1098] - dataSourceClassName.............none
2023-03-06 20:00:57,472 DEBUG [main][HikariConfig.java:1098] - dataSourceClassName.............none
2023-03-06 20:00:57,472 DEBUG [main][HikariConfig.java:1098] - dataSourceJNDI..................none
2023-03-06 20:00:57,472 DEBUG [main][HikariConfig.java:1098] - dataSourceJNDI..................none
2023-03-06 20:00:57,472 DEBUG [main][HikariConfig.java:1098] - dataSourceProperties............{password=<masked>}
2023-03-06 20:00:57,472 DEBUG [main][HikariConfig.java:1098] - dataSourceProperties............{password=<masked>}
2023-03-06 20:00:57,472 DEBUG [main][HikariConfig.java:1098] - driverClassName................."com.mysql.cj.jdbc.Driver"
2023-03-06 20:00:57,472 DEBUG [main][HikariConfig.java:1098] - driverClassName................."com.mysql.cj.jdbc.Driver"
2023-03-06 20:00:57,472 DEBUG [main][HikariConfig.java:1098] - exceptionOverrideClassName......none
2023-03-06 20:00:57,472 DEBUG [main][HikariConfig.java:1098] - exceptionOverrideClassName......none
2023-03-06 20:00:57,472 DEBUG [main][HikariConfig.java:1098] - healthCheckProperties...........{}
2023-03-06 20:00:57,472 DEBUG [main][HikariConfig.java:1098] - healthCheckProperties...........{}
2023-03-06 20:00:57,472 DEBUG [main][HikariConfig.java:1098] - healthCheckRegistry.............none
2023-03-06 20:00:57,472 DEBUG [main][HikariConfig.java:1098] - healthCheckRegistry.............none
2023-03-06 20:00:57,472 DEBUG [main][HikariConfig.java:1098] - idleTimeout.....................600000
2023-03-06 20:00:57,472 DEBUG [main][HikariConfig.java:1098] - idleTimeout.....................600000
2023-03-06 20:00:57,472 DEBUG [main][HikariConfig.java:1098] - initializationFailTimeout.......1
2023-03-06 20:00:57,472 DEBUG [main][HikariConfig.java:1098] - initializationFailTimeout.......1
2023-03-06 20:00:57,481 DEBUG [main][HikariConfig.java:1098] - isolateInternalQueries..........false
2023-03-06 20:00:57,481 DEBUG [main][HikariConfig.java:1098] - isolateInternalQueries..........false
2023-03-06 20:00:57,481 DEBUG [main][HikariConfig.java:1098] - jdbcUrl.........................jdbc:mysql://localhost:3306/xc148_content?serverTimezone=UTC&userUnicode=true&useSSL=false&
2023-03-06 20:00:57,481 DEBUG [main][HikariConfig.java:1098] - jdbcUrl.........................jdbc:mysql://localhost:3306/xc148_content?serverTimezone=UTC&userUnicode=true&useSSL=false&
2023-03-06 20:00:57,481 DEBUG [main][HikariConfig.java:1098] - leakDetectionThreshold..........0
2023-03-06 20:00:57,481 DEBUG [main][HikariConfig.java:1098] - leakDetectionThreshold..........0
2023-03-06 20:00:57,481 DEBUG [main][HikariConfig.java:1098] - maxLifetime.....................1800000
2023-03-06 20:00:57,481 DEBUG [main][HikariConfig.java:1098] - maxLifetime.....................1800000
2023-03-06 20:00:57,481 DEBUG [main][HikariConfig.java:1098] - maximumPoolSize.................10
2023-03-06 20:00:57,481 DEBUG [main][HikariConfig.java:1098] - maximumPoolSize.................10
2023-03-06 20:00:57,481 DEBUG [main][HikariConfig.java:1098] - metricRegistry..................none
2023-03-06 20:00:57,481 DEBUG [main][HikariConfig.java:1098] - metricRegistry..................none
2023-03-06 20:00:57,481 DEBUG [main][HikariConfig.java:1098] - metricsTrackerFactory...........none
2023-03-06 20:00:57,481 DEBUG [main][HikariConfig.java:1098] - metricsTrackerFactory...........none
2023-03-06 20:00:57,481 DEBUG [main][HikariConfig.java:1098] - minimumIdle.....................10
2023-03-06 20:00:57,481 DEBUG [main][HikariConfig.java:1098] - minimumIdle.....................10
2023-03-06 20:00:57,481 DEBUG [main][HikariConfig.java:1098] - password........................<masked>
2023-03-06 20:00:57,481 DEBUG [main][HikariConfig.java:1098] - password........................<masked>
2023-03-06 20:00:57,481 DEBUG [main][HikariConfig.java:1098] - poolName........................"HikariPool-1"
2023-03-06 20:00:57,481 DEBUG [main][HikariConfig.java:1098] - poolName........................"HikariPool-1"
2023-03-06 20:00:57,481 DEBUG [main][HikariConfig.java:1098] - readOnly........................false
2023-03-06 20:00:57,481 DEBUG [main][HikariConfig.java:1098] - readOnly........................false
2023-03-06 20:00:57,481 DEBUG [main][HikariConfig.java:1098] - registerMbeans..................false
2023-03-06 20:00:57,481 DEBUG [main][HikariConfig.java:1098] - registerMbeans..................false
2023-03-06 20:00:57,481 DEBUG [main][HikariConfig.java:1098] - scheduledExecutor...............none
2023-03-06 20:00:57,481 DEBUG [main][HikariConfig.java:1098] - scheduledExecutor...............none
2023-03-06 20:00:57,481 DEBUG [main][HikariConfig.java:1098] - schema..........................none
2023-03-06 20:00:57,481 DEBUG [main][HikariConfig.java:1098] - schema..........................none
2023-03-06 20:00:57,481 DEBUG [main][HikariConfig.java:1098] - threadFactory...................internal
2023-03-06 20:00:57,481 DEBUG [main][HikariConfig.java:1098] - threadFactory...................internal
2023-03-06 20:00:57,481 DEBUG [main][HikariConfig.java:1098] - transactionIsolation............default
2023-03-06 20:00:57,481 DEBUG [main][HikariConfig.java:1098] - transactionIsolation............default
2023-03-06 20:00:57,481 DEBUG [main][HikariConfig.java:1098] - username........................"root"
2023-03-06 20:00:57,481 DEBUG [main][HikariConfig.java:1098] - username........................"root"
2023-03-06 20:00:57,481 DEBUG [main][HikariConfig.java:1098] - validationTimeout...............5000
2023-03-06 20:00:57,481 DEBUG [main][HikariConfig.java:1098] - validationTimeout...............5000
2023-03-06 20:00:57,481 INFO [main][HikariDataSource.java:110] - HikariPool-1 - Starting...
2023-03-06 20:00:57,481 INFO [main][HikariDataSource.java:110] - HikariPool-1 - Starting...
2023-03-06 20:00:58,202 DEBUG [main][HikariPool.java:564] - HikariPool-1 - Added connection com.mysql.cj.jdbc.ConnectionImpl@69eb544f
2023-03-06 20:00:58,202 DEBUG [main][HikariPool.java:564] - HikariPool-1 - Added connection com.mysql.cj.jdbc.ConnectionImpl@69eb544f
2023-03-06 20:00:58,204 INFO [main][HikariDataSource.java:123] - HikariPool-1 - Start completed.
2023-03-06 20:00:58,204 INFO [main][HikariDataSource.java:123] - HikariPool-1 - Start completed.
2023-03-06 20:00:58,212 DEBUG [main][BaseJdbcLogger.java:137] - ==>  Preparing: with recursive t1 as ( select p.* from course_category p where p.id = ? union all select p1.* from course_category p1 inner join t1 on t1.id = p1.parentid ) select * from t1 order by t1.id
2023-03-06 20:00:58,212 DEBUG [main][BaseJdbcLogger.java:137] - ==>  Preparing: with recursive t1 as ( select p.* from course_category p where p.id = ? union all select p1.* from course_category p1 inner join t1 on t1.id = p1.parentid ) select * from t1 order by t1.id
2023-03-06 20:00:58,234 DEBUG [main][BaseJdbcLogger.java:137] - ==> Parameters: 1-1(String)
2023-03-06 20:00:58,234 DEBUG [main][BaseJdbcLogger.java:137] - ==> Parameters: 1-1(String)
2023-03-06 20:00:58,287 DEBUG [main][BaseJdbcLogger.java:137] - <==      Total: 11
2023-03-06 20:00:58,287 DEBUG [main][BaseJdbcLogger.java:137] - <==      Total: 11
2023-03-06 20:02:39,409 WARN [HikariPool-1 housekeeper][HikariPool.java:787] - HikariPool-1 - Thread starvation or clock leap detected (housekeeper delta=2m11s204ms302s).
2023-03-06 20:02:39,409 WARN [HikariPool-1 housekeeper][HikariPool.java:787] - HikariPool-1 - Thread starvation or clock leap detected (housekeeper delta=2m11s204ms302s).
2023-03-06 20:02:39,409 DEBUG [HikariPool-1 housekeeper][HikariPool.java:421] - HikariPool-1 - Pool stats (total=1, active=0, idle=1, waiting=0)
2023-03-06 20:02:39,409 DEBUG [HikariPool-1 housekeeper][HikariPool.java:421] - HikariPool-1 - Pool stats (total=1, active=0, idle=1, waiting=0)
2023-03-06 20:02:39,431 DEBUG [HikariPool-1 connection adder][HikariPool.java:728] - HikariPool-1 - Added connection com.mysql.cj.jdbc.ConnectionImpl@7cb75fe8
2023-03-06 20:02:39,431 DEBUG [HikariPool-1 connection adder][HikariPool.java:728] - HikariPool-1 - Added connection com.mysql.cj.jdbc.ConnectionImpl@7cb75fe8
2023-03-06 20:02:39,438 DEBUG [HikariPool-1 connection adder][HikariPool.java:728] - HikariPool-1 - Added connection com.mysql.cj.jdbc.ConnectionImpl@846b567
2023-03-06 20:02:39,438 DEBUG [HikariPool-1 connection adder][HikariPool.java:728] - HikariPool-1 - Added connection com.mysql.cj.jdbc.ConnectionImpl@846b567
2023-03-06 20:02:39,444 DEBUG [HikariPool-1 connection adder][HikariPool.java:728] - HikariPool-1 - Added connection com.mysql.cj.jdbc.ConnectionImpl@61c19fe0
2023-03-06 20:02:39,444 DEBUG [HikariPool-1 connection adder][HikariPool.java:728] - HikariPool-1 - Added connection com.mysql.cj.jdbc.ConnectionImpl@61c19fe0
2023-03-06 20:02:39,445 INFO [SpringContextShutdownHook][HikariDataSource.java:350] - HikariPool-1 - Shutdown initiated...
2023-03-06 20:02:39,445 INFO [SpringContextShutdownHook][HikariDataSource.java:350] - HikariPool-1 - Shutdown initiated...
2023-03-06 20:02:39,446 DEBUG [SpringContextShutdownHook][HikariPool.java:421] - HikariPool-1 - Before shutdown stats (total=4, active=0, idle=4, waiting=0)
2023-03-06 20:02:39,446 DEBUG [SpringContextShutdownHook][HikariPool.java:421] - HikariPool-1 - Before shutdown stats (total=4, active=0, idle=4, waiting=0)
2023-03-06 20:02:39,448 DEBUG [HikariPool-1 connection closer][PoolBase.java:134] - HikariPool-1 - Closing connection com.mysql.cj.jdbc.ConnectionImpl@69eb544f: (connection evicted)
2023-03-06 20:02:39,448 DEBUG [HikariPool-1 connection closer][PoolBase.java:134] - HikariPool-1 - Closing connection com.mysql.cj.jdbc.ConnectionImpl@69eb544f: (connection evicted)
2023-03-06 20:02:39,450 DEBUG [HikariPool-1 connection adder][HikariPool.java:728] - HikariPool-1 - Added connection com.mysql.cj.jdbc.ConnectionImpl@5dd40c6e
2023-03-06 20:02:39,450 DEBUG [HikariPool-1 connection adder][HikariPool.java:728] - HikariPool-1 - Added connection com.mysql.cj.jdbc.ConnectionImpl@5dd40c6e
2023-03-06 20:02:39,463 DEBUG [HikariPool-1 connection closer][PoolBase.java:134] - HikariPool-1 - Closing connection com.mysql.cj.jdbc.ConnectionImpl@7cb75fe8: (connection evicted)
2023-03-06 20:02:39,463 DEBUG [HikariPool-1 connection closer][PoolBase.java:134] - HikariPool-1 - Closing connection com.mysql.cj.jdbc.ConnectionImpl@7cb75fe8: (connection evicted)
2023-03-06 20:02:39,464 DEBUG [HikariPool-1 connection closer][PoolBase.java:134] - HikariPool-1 - Closing connection com.mysql.cj.jdbc.ConnectionImpl@846b567: (connection evicted)
2023-03-06 20:02:39,464 DEBUG [HikariPool-1 connection closer][PoolBase.java:134] - HikariPool-1 - Closing connection com.mysql.cj.jdbc.ConnectionImpl@846b567: (connection evicted)
2023-03-06 20:02:39,465 DEBUG [HikariPool-1 connection closer][PoolBase.java:134] - HikariPool-1 - Closing connection com.mysql.cj.jdbc.ConnectionImpl@61c19fe0: (connection evicted)
2023-03-06 20:02:39,465 DEBUG [HikariPool-1 connection closer][PoolBase.java:134] - HikariPool-1 - Closing connection com.mysql.cj.jdbc.ConnectionImpl@61c19fe0: (connection evicted)
2023-03-06 20:02:39,466 DEBUG [HikariPool-1 connection closer][PoolBase.java:134] - HikariPool-1 - Closing connection com.mysql.cj.jdbc.ConnectionImpl@5dd40c6e: (connection evicted)
2023-03-06 20:02:39,466 DEBUG [HikariPool-1 connection closer][PoolBase.java:134] - HikariPool-1 - Closing connection com.mysql.cj.jdbc.ConnectionImpl@5dd40c6e: (connection evicted)
2023-03-06 20:02:39,466 DEBUG [SpringContextShutdownHook][HikariPool.java:421] - HikariPool-1 - After shutdown stats (total=0, active=0, idle=0, waiting=0)
2023-03-06 20:02:39,466 DEBUG [SpringContextShutdownHook][HikariPool.java:421] - HikariPool-1 - After shutdown stats (total=0, active=0, idle=0, waiting=0)
2023-03-06 20:02:39,468 INFO [SpringContextShutdownHook][HikariDataSource.java:352] - HikariPool-1 - Shutdown completed.
2023-03-06 20:02:39,468 INFO [SpringContextShutdownHook][HikariDataSource.java:352] - HikariPool-1 - Shutdown completed.
