2023-03-07 18:29:14,835 WARN [http-nio-63040-exec-1][AbstractSerializableParameter.java:421] - Illegal DefaultValue null for parameter type integer
java.lang.NumberFormatException: For input string: ""
	at java.lang.NumberFormatException.forInputString(NumberFormatException.java:65)
	at java.lang.Long.parseLong(Long.java:601)
	at java.lang.Long.valueOf(Long.java:803)
	at io.swagger.models.parameters.AbstractSerializableParameter.getExample(AbstractSerializableParameter.java:412)
	at sun.reflect.NativeMethodAccessorImpl.invoke0(Native Method)
	at sun.reflect.NativeMethodAccessorImpl.invoke(NativeMethodAccessorImpl.java:62)
	at sun.reflect.DelegatingMethodAccessorImpl.invoke(DelegatingMethodAccessorImpl.java:43)
	at java.lang.reflect.Method.invoke(Method.java:498)
	at com.fasterxml.jackson.databind.ser.BeanPropertyWriter.serializeAsField(BeanPropertyWriter.java:689)
	at com.fasterxml.jackson.databind.ser.std.BeanSerializerBase.serializeFields(BeanSerializerBase.java:755)
	at com.fasterxml.jackson.databind.ser.BeanSerializer.serialize(BeanSerializer.java:178)
	at com.fasterxml.jackson.databind.ser.impl.IndexedListSerializer.serializeContents(IndexedListSerializer.java:119)
	at com.fasterxml.jackson.databind.ser.impl.IndexedListSerializer.serialize(IndexedListSerializer.java:79)
	at com.fasterxml.jackson.databind.ser.impl.IndexedListSerializer.serialize(IndexedListSerializer.java:18)
	at com.fasterxml.jackson.databind.ser.BeanPropertyWriter.serializeAsField(BeanPropertyWriter.java:728)
	at com.fasterxml.jackson.databind.ser.std.BeanSerializerBase.serializeFields(BeanSerializerBase.java:755)
	at com.fasterxml.jackson.databind.ser.BeanSerializer.serialize(BeanSerializer.java:178)
	at com.fasterxml.jackson.databind.ser.BeanPropertyWriter.serializeAsField(BeanPropertyWriter.java:728)
	at com.fasterxml.jackson.databind.ser.std.BeanSerializerBase.serializeFields(BeanSerializerBase.java:755)
	at com.fasterxml.jackson.databind.ser.BeanSerializer.serialize(BeanSerializer.java:178)
	at com.fasterxml.jackson.databind.ser.std.MapSerializer.serializeFields(MapSerializer.java:726)
	at com.fasterxml.jackson.databind.ser.std.MapSerializer.serializeWithoutTypeInfo(MapSerializer.java:681)
	at com.fasterxml.jackson.databind.ser.std.MapSerializer.serialize(MapSerializer.java:637)
	at com.fasterxml.jackson.databind.ser.std.MapSerializer.serialize(MapSerializer.java:33)
	at com.fasterxml.jackson.databind.ser.BeanPropertyWriter.serializeAsField(BeanPropertyWriter.java:728)
	at com.fasterxml.jackson.databind.ser.std.BeanSerializerBase.serializeFields(BeanSerializerBase.java:755)
	at com.fasterxml.jackson.databind.ser.BeanSerializer.serialize(BeanSerializer.java:178)
	at com.fasterxml.jackson.databind.ser.DefaultSerializerProvider._serialize(DefaultSerializerProvider.java:480)
	at com.fasterxml.jackson.databind.ser.DefaultSerializerProvider.serializeValue(DefaultSerializerProvider.java:319)
	at com.fasterxml.jackson.databind.ObjectMapper._writeValueAndClose(ObjectMapper.java:4409)
	at com.fasterxml.jackson.databind.ObjectMapper.writeValueAsString(ObjectMapper.java:3663)
	at springfox.documentation.spring.web.json.JsonSerializer.toJson(JsonSerializer.java:38)
	at springfox.documentation.swagger2.web.Swagger2Controller.getDocumentation(Swagger2Controller.java:105)
	at sun.reflect.NativeMethodAccessorImpl.invoke0(Native Method)
	at sun.reflect.NativeMethodAccessorImpl.invoke(NativeMethodAccessorImpl.java:62)
	at sun.reflect.DelegatingMethodAccessorImpl.invoke(DelegatingMethodAccessorImpl.java:43)
	at java.lang.reflect.Method.invoke(Method.java:498)
	at org.springframework.web.method.support.InvocableHandlerMethod.doInvoke(InvocableHandlerMethod.java:190)
	at org.springframework.web.method.support.InvocableHandlerMethod.invokeForRequest(InvocableHandlerMethod.java:138)
	at org.springframework.web.servlet.mvc.method.annotation.ServletInvocableHandlerMethod.invokeAndHandle(ServletInvocableHandlerMethod.java:105)
	at org.springframework.web.servlet.mvc.method.annotation.RequestMappingHandlerAdapter.invokeHandlerMethod(RequestMappingHandlerAdapter.java:878)
	at org.springframework.web.servlet.mvc.method.annotation.RequestMappingHandlerAdapter.handleInternal(RequestMappingHandlerAdapter.java:792)
	at org.springframework.web.servlet.mvc.method.AbstractHandlerMethodAdapter.handle(AbstractHandlerMethodAdapter.java:87)
	at org.springframework.web.servlet.DispatcherServlet.doDispatch(DispatcherServlet.java:1040)
	at org.springframework.web.servlet.DispatcherServlet.doService(DispatcherServlet.java:943)
	at org.springframework.web.servlet.FrameworkServlet.processRequest(FrameworkServlet.java:1006)
	at org.springframework.web.servlet.FrameworkServlet.doGet(FrameworkServlet.java:898)
	at javax.servlet.http.HttpServlet.service(HttpServlet.java:626)
	at org.springframework.web.servlet.FrameworkServlet.service(FrameworkServlet.java:883)
	at javax.servlet.http.HttpServlet.service(HttpServlet.java:733)
	at org.apache.catalina.core.ApplicationFilterChain.internalDoFilter(ApplicationFilterChain.java:231)
	at org.apache.catalina.core.ApplicationFilterChain.doFilter(ApplicationFilterChain.java:166)
	at org.apache.tomcat.websocket.server.WsFilter.doFilter(WsFilter.java:53)
	at org.apache.catalina.core.ApplicationFilterChain.internalDoFilter(ApplicationFilterChain.java:193)
	at org.apache.catalina.core.ApplicationFilterChain.doFilter(ApplicationFilterChain.java:166)
	at org.springframework.web.filter.RequestContextFilter.doFilterInternal(RequestContextFilter.java:100)
	at org.springframework.web.filter.OncePerRequestFilter.doFilter(OncePerRequestFilter.java:119)
	at org.apache.catalina.core.ApplicationFilterChain.internalDoFilter(ApplicationFilterChain.java:193)
	at org.apache.catalina.core.ApplicationFilterChain.doFilter(ApplicationFilterChain.java:166)
	at org.springframework.web.filter.FormContentFilter.doFilterInternal(FormContentFilter.java:93)
	at org.springframework.web.filter.OncePerRequestFilter.doFilter(OncePerRequestFilter.java:119)
	at org.apache.catalina.core.ApplicationFilterChain.internalDoFilter(ApplicationFilterChain.java:193)
	at org.apache.catalina.core.ApplicationFilterChain.doFilter(ApplicationFilterChain.java:166)
	at org.springframework.web.filter.CharacterEncodingFilter.doFilterInternal(CharacterEncodingFilter.java:201)
	at org.springframework.web.filter.OncePerRequestFilter.doFilter(OncePerRequestFilter.java:119)
	at org.apache.catalina.core.ApplicationFilterChain.internalDoFilter(ApplicationFilterChain.java:193)
	at org.apache.catalina.core.ApplicationFilterChain.doFilter(ApplicationFilterChain.java:166)
	at org.apache.catalina.core.StandardWrapperValve.invoke(StandardWrapperValve.java:202)
	at org.apache.catalina.core.StandardContextValve.invoke(StandardContextValve.java:97)
	at org.apache.catalina.authenticator.AuthenticatorBase.invoke(AuthenticatorBase.java:542)
	at org.apache.catalina.core.StandardHostValve.invoke(StandardHostValve.java:143)
	at org.apache.catalina.valves.ErrorReportValve.invoke(ErrorReportValve.java:92)
	at org.apache.catalina.core.StandardEngineValve.invoke(StandardEngineValve.java:78)
	at org.apache.catalina.connector.CoyoteAdapter.service(CoyoteAdapter.java:343)
	at org.apache.coyote.http11.Http11Processor.service(Http11Processor.java:374)
	at org.apache.coyote.AbstractProcessorLight.process(AbstractProcessorLight.java:65)
	at org.apache.coyote.AbstractProtocol$ConnectionHandler.process(AbstractProtocol.java:888)
	at org.apache.tomcat.util.net.NioEndpoint$SocketProcessor.doRun(NioEndpoint.java:1597)
	at org.apache.tomcat.util.net.SocketProcessorBase.run(SocketProcessorBase.java:49)
	at java.util.concurrent.ThreadPoolExecutor.runWorker(ThreadPoolExecutor.java:1149)
	at java.util.concurrent.ThreadPoolExecutor$Worker.run(ThreadPoolExecutor.java:624)
	at org.apache.tomcat.util.threads.TaskThread$WrappingRunnable.run(TaskThread.java:61)
	at java.lang.Thread.run(Thread.java:748)
2023-03-07 18:29:14,835 WARN [http-nio-63040-exec-1][AbstractSerializableParameter.java:421] - Illegal DefaultValue null for parameter type integer
java.lang.NumberFormatException: For input string: ""
	at java.lang.NumberFormatException.forInputString(NumberFormatException.java:65)
	at java.lang.Long.parseLong(Long.java:601)
	at java.lang.Long.valueOf(Long.java:803)
	at io.swagger.models.parameters.AbstractSerializableParameter.getExample(AbstractSerializableParameter.java:412)
	at sun.reflect.NativeMethodAccessorImpl.invoke0(Native Method)
	at sun.reflect.NativeMethodAccessorImpl.invoke(NativeMethodAccessorImpl.java:62)
	at sun.reflect.DelegatingMethodAccessorImpl.invoke(DelegatingMethodAccessorImpl.java:43)
	at java.lang.reflect.Method.invoke(Method.java:498)
	at com.fasterxml.jackson.databind.ser.BeanPropertyWriter.serializeAsField(BeanPropertyWriter.java:689)
	at com.fasterxml.jackson.databind.ser.std.BeanSerializerBase.serializeFields(BeanSerializerBase.java:755)
	at com.fasterxml.jackson.databind.ser.BeanSerializer.serialize(BeanSerializer.java:178)
	at com.fasterxml.jackson.databind.ser.impl.IndexedListSerializer.serializeContents(IndexedListSerializer.java:119)
	at com.fasterxml.jackson.databind.ser.impl.IndexedListSerializer.serialize(IndexedListSerializer.java:79)
	at com.fasterxml.jackson.databind.ser.impl.IndexedListSerializer.serialize(IndexedListSerializer.java:18)
	at com.fasterxml.jackson.databind.ser.BeanPropertyWriter.serializeAsField(BeanPropertyWriter.java:728)
	at com.fasterxml.jackson.databind.ser.std.BeanSerializerBase.serializeFields(BeanSerializerBase.java:755)
	at com.fasterxml.jackson.databind.ser.BeanSerializer.serialize(BeanSerializer.java:178)
	at com.fasterxml.jackson.databind.ser.BeanPropertyWriter.serializeAsField(BeanPropertyWriter.java:728)
	at com.fasterxml.jackson.databind.ser.std.BeanSerializerBase.serializeFields(BeanSerializerBase.java:755)
	at com.fasterxml.jackson.databind.ser.BeanSerializer.serialize(BeanSerializer.java:178)
	at com.fasterxml.jackson.databind.ser.std.MapSerializer.serializeFields(MapSerializer.java:726)
	at com.fasterxml.jackson.databind.ser.std.MapSerializer.serializeWithoutTypeInfo(MapSerializer.java:681)
	at com.fasterxml.jackson.databind.ser.std.MapSerializer.serialize(MapSerializer.java:637)
	at com.fasterxml.jackson.databind.ser.std.MapSerializer.serialize(MapSerializer.java:33)
	at com.fasterxml.jackson.databind.ser.BeanPropertyWriter.serializeAsField(BeanPropertyWriter.java:728)
	at com.fasterxml.jackson.databind.ser.std.BeanSerializerBase.serializeFields(BeanSerializerBase.java:755)
	at com.fasterxml.jackson.databind.ser.BeanSerializer.serialize(BeanSerializer.java:178)
	at com.fasterxml.jackson.databind.ser.DefaultSerializerProvider._serialize(DefaultSerializerProvider.java:480)
	at com.fasterxml.jackson.databind.ser.DefaultSerializerProvider.serializeValue(DefaultSerializerProvider.java:319)
	at com.fasterxml.jackson.databind.ObjectMapper._writeValueAndClose(ObjectMapper.java:4409)
	at com.fasterxml.jackson.databind.ObjectMapper.writeValueAsString(ObjectMapper.java:3663)
	at springfox.documentation.spring.web.json.JsonSerializer.toJson(JsonSerializer.java:38)
	at springfox.documentation.swagger2.web.Swagger2Controller.getDocumentation(Swagger2Controller.java:105)
	at sun.reflect.NativeMethodAccessorImpl.invoke0(Native Method)
	at sun.reflect.NativeMethodAccessorImpl.invoke(NativeMethodAccessorImpl.java:62)
	at sun.reflect.DelegatingMethodAccessorImpl.invoke(DelegatingMethodAccessorImpl.java:43)
	at java.lang.reflect.Method.invoke(Method.java:498)
	at org.springframework.web.method.support.InvocableHandlerMethod.doInvoke(InvocableHandlerMethod.java:190)
	at org.springframework.web.method.support.InvocableHandlerMethod.invokeForRequest(InvocableHandlerMethod.java:138)
	at org.springframework.web.servlet.mvc.method.annotation.ServletInvocableHandlerMethod.invokeAndHandle(ServletInvocableHandlerMethod.java:105)
	at org.springframework.web.servlet.mvc.method.annotation.RequestMappingHandlerAdapter.invokeHandlerMethod(RequestMappingHandlerAdapter.java:878)
	at org.springframework.web.servlet.mvc.method.annotation.RequestMappingHandlerAdapter.handleInternal(RequestMappingHandlerAdapter.java:792)
	at org.springframework.web.servlet.mvc.method.AbstractHandlerMethodAdapter.handle(AbstractHandlerMethodAdapter.java:87)
	at org.springframework.web.servlet.DispatcherServlet.doDispatch(DispatcherServlet.java:1040)
	at org.springframework.web.servlet.DispatcherServlet.doService(DispatcherServlet.java:943)
	at org.springframework.web.servlet.FrameworkServlet.processRequest(FrameworkServlet.java:1006)
	at org.springframework.web.servlet.FrameworkServlet.doGet(FrameworkServlet.java:898)
	at javax.servlet.http.HttpServlet.service(HttpServlet.java:626)
	at org.springframework.web.servlet.FrameworkServlet.service(FrameworkServlet.java:883)
	at javax.servlet.http.HttpServlet.service(HttpServlet.java:733)
	at org.apache.catalina.core.ApplicationFilterChain.internalDoFilter(ApplicationFilterChain.java:231)
	at org.apache.catalina.core.ApplicationFilterChain.doFilter(ApplicationFilterChain.java:166)
	at org.apache.tomcat.websocket.server.WsFilter.doFilter(WsFilter.java:53)
	at org.apache.catalina.core.ApplicationFilterChain.internalDoFilter(ApplicationFilterChain.java:193)
	at org.apache.catalina.core.ApplicationFilterChain.doFilter(ApplicationFilterChain.java:166)
	at org.springframework.web.filter.RequestContextFilter.doFilterInternal(RequestContextFilter.java:100)
	at org.springframework.web.filter.OncePerRequestFilter.doFilter(OncePerRequestFilter.java:119)
	at org.apache.catalina.core.ApplicationFilterChain.internalDoFilter(ApplicationFilterChain.java:193)
	at org.apache.catalina.core.ApplicationFilterChain.doFilter(ApplicationFilterChain.java:166)
	at org.springframework.web.filter.FormContentFilter.doFilterInternal(FormContentFilter.java:93)
	at org.springframework.web.filter.OncePerRequestFilter.doFilter(OncePerRequestFilter.java:119)
	at org.apache.catalina.core.ApplicationFilterChain.internalDoFilter(ApplicationFilterChain.java:193)
	at org.apache.catalina.core.ApplicationFilterChain.doFilter(ApplicationFilterChain.java:166)
	at org.springframework.web.filter.CharacterEncodingFilter.doFilterInternal(CharacterEncodingFilter.java:201)
	at org.springframework.web.filter.OncePerRequestFilter.doFilter(OncePerRequestFilter.java:119)
	at org.apache.catalina.core.ApplicationFilterChain.internalDoFilter(ApplicationFilterChain.java:193)
	at org.apache.catalina.core.ApplicationFilterChain.doFilter(ApplicationFilterChain.java:166)
	at org.apache.catalina.core.StandardWrapperValve.invoke(StandardWrapperValve.java:202)
	at org.apache.catalina.core.StandardContextValve.invoke(StandardContextValve.java:97)
	at org.apache.catalina.authenticator.AuthenticatorBase.invoke(AuthenticatorBase.java:542)
	at org.apache.catalina.core.StandardHostValve.invoke(StandardHostValve.java:143)
	at org.apache.catalina.valves.ErrorReportValve.invoke(ErrorReportValve.java:92)
	at org.apache.catalina.core.StandardEngineValve.invoke(StandardEngineValve.java:78)
	at org.apache.catalina.connector.CoyoteAdapter.service(CoyoteAdapter.java:343)
	at org.apache.coyote.http11.Http11Processor.service(Http11Processor.java:374)
	at org.apache.coyote.AbstractProcessorLight.process(AbstractProcessorLight.java:65)
	at org.apache.coyote.AbstractProtocol$ConnectionHandler.process(AbstractProtocol.java:888)
	at org.apache.tomcat.util.net.NioEndpoint$SocketProcessor.doRun(NioEndpoint.java:1597)
	at org.apache.tomcat.util.net.SocketProcessorBase.run(SocketProcessorBase.java:49)
	at java.util.concurrent.ThreadPoolExecutor.runWorker(ThreadPoolExecutor.java:1149)
	at java.util.concurrent.ThreadPoolExecutor$Worker.run(ThreadPoolExecutor.java:624)
	at org.apache.tomcat.util.threads.TaskThread$WrappingRunnable.run(TaskThread.java:61)
	at java.lang.Thread.run(Thread.java:748)
2023-03-07 18:56:36,193 INFO [SpringContextShutdownHook][ExecutorConfigurationSupport.java:218] - Shutting down ExecutorService 'applicationTaskExecutor'
2023-03-07 18:56:36,193 INFO [SpringContextShutdownHook][ExecutorConfigurationSupport.java:218] - Shutting down ExecutorService 'applicationTaskExecutor'
2023-03-07 18:56:41,825 DEBUG [background-preinit][LoggerProviders.java:152] - Logging Provider: org.jboss.logging.Log4j2LoggerProvider
2023-03-07 18:56:41,825 DEBUG [background-preinit][LoggerProviders.java:152] - Logging Provider: org.jboss.logging.Log4j2LoggerProvider
2023-03-07 18:56:41,837 INFO [background-preinit][Version.java:21] - HV000001: Hibernate Validator 6.1.6.Final
2023-03-07 18:56:41,837 INFO [background-preinit][Version.java:21] - HV000001: Hibernate Validator 6.1.6.Final
2023-03-07 18:56:41,844 DEBUG [background-preinit][ValidationXmlParser.java:120] - Trying to load META-INF/validation.xml for XML based Validator configuration.
2023-03-07 18:56:41,844 DEBUG [background-preinit][ValidationXmlParser.java:120] - Trying to load META-INF/validation.xml for XML based Validator configuration.
2023-03-07 18:56:41,845 DEBUG [background-preinit][ResourceLoaderHelper.java:60] - Trying to load META-INF/validation.xml via TCCL
2023-03-07 18:56:41,845 DEBUG [background-preinit][ResourceLoaderHelper.java:60] - Trying to load META-INF/validation.xml via TCCL
2023-03-07 18:56:41,846 DEBUG [background-preinit][ResourceLoaderHelper.java:66] - Trying to load META-INF/validation.xml via Hibernate Validator's class loader
2023-03-07 18:56:41,846 DEBUG [background-preinit][ResourceLoaderHelper.java:66] - Trying to load META-INF/validation.xml via Hibernate Validator's class loader
2023-03-07 18:56:41,846 DEBUG [background-preinit][ValidationXmlParser.java:127] - No META-INF/validation.xml found. Using annotation based configuration only.
2023-03-07 18:56:41,846 DEBUG [background-preinit][ValidationXmlParser.java:127] - No META-INF/validation.xml found. Using annotation based configuration only.
2023-03-07 18:56:41,850 DEBUG [background-preinit][TraversableResolvers.java:60] - Cannot find javax.persistence.Persistence on classpath. Assuming non JPA 2 environment. All properties will per default be traversable.
2023-03-07 18:56:41,850 DEBUG [background-preinit][TraversableResolvers.java:60] - Cannot find javax.persistence.Persistence on classpath. Assuming non JPA 2 environment. All properties will per default be traversable.
2023-03-07 18:56:41,868 DEBUG [background-preinit][ResourceBundleMessageInterpolator.java:172] - Loaded expression factory via original TCCL
2023-03-07 18:56:41,868 DEBUG [background-preinit][ResourceBundleMessageInterpolator.java:172] - Loaded expression factory via original TCCL
2023-03-07 18:56:42,052 DEBUG [background-preinit][ValidatorFactoryConfigurationHelper.java:300] - HV000252: Using org.hibernate.validator.internal.engine.DefaultPropertyNodeNameProvider as property node name provider.
2023-03-07 18:56:42,052 DEBUG [background-preinit][ValidatorFactoryConfigurationHelper.java:300] - HV000252: Using org.hibernate.validator.internal.engine.DefaultPropertyNodeNameProvider as property node name provider.
2023-03-07 18:56:42,057 DEBUG [background-preinit][ValidatorFactoryConfigurationHelper.java:375] - HV000234: Using org.hibernate.validator.messageinterpolation.ResourceBundleMessageInterpolator as ValidatorFactory-scoped message interpolator.
2023-03-07 18:56:42,057 DEBUG [background-preinit][ValidatorFactoryConfigurationHelper.java:375] - HV000234: Using org.hibernate.validator.messageinterpolation.ResourceBundleMessageInterpolator as ValidatorFactory-scoped message interpolator.
2023-03-07 18:56:42,059 DEBUG [background-preinit][ValidatorFactoryConfigurationHelper.java:376] - HV000234: Using org.hibernate.validator.internal.engine.resolver.TraverseAllTraversableResolver as ValidatorFactory-scoped traversable resolver.
2023-03-07 18:56:42,059 DEBUG [background-preinit][ValidatorFactoryConfigurationHelper.java:376] - HV000234: Using org.hibernate.validator.internal.engine.resolver.TraverseAllTraversableResolver as ValidatorFactory-scoped traversable resolver.
2023-03-07 18:56:42,060 DEBUG [background-preinit][ValidatorFactoryConfigurationHelper.java:377] - HV000234: Using org.hibernate.validator.internal.util.ExecutableParameterNameProvider as ValidatorFactory-scoped parameter name provider.
2023-03-07 18:56:42,060 DEBUG [background-preinit][ValidatorFactoryConfigurationHelper.java:377] - HV000234: Using org.hibernate.validator.internal.util.ExecutableParameterNameProvider as ValidatorFactory-scoped parameter name provider.
2023-03-07 18:56:42,060 DEBUG [background-preinit][ValidatorFactoryConfigurationHelper.java:378] - HV000234: Using org.hibernate.validator.internal.engine.DefaultClockProvider as ValidatorFactory-scoped clock provider.
2023-03-07 18:56:42,060 DEBUG [background-preinit][ValidatorFactoryConfigurationHelper.java:378] - HV000234: Using org.hibernate.validator.internal.engine.DefaultClockProvider as ValidatorFactory-scoped clock provider.
2023-03-07 18:56:42,061 DEBUG [background-preinit][ValidatorFactoryConfigurationHelper.java:379] - HV000234: Using org.hibernate.validator.internal.engine.scripting.DefaultScriptEvaluatorFactory as ValidatorFactory-scoped script evaluator factory.
2023-03-07 18:56:42,061 DEBUG [background-preinit][ValidatorFactoryConfigurationHelper.java:379] - HV000234: Using org.hibernate.validator.internal.engine.scripting.DefaultScriptEvaluatorFactory as ValidatorFactory-scoped script evaluator factory.
2023-03-07 18:56:42,279 INFO [main][SpringApplication.java:651] - No active profile set, falling back to default profiles: default
2023-03-07 18:56:42,279 INFO [main][SpringApplication.java:651] - No active profile set, falling back to default profiles: default
2023-03-07 18:56:43,056 DEBUG [main][LogFactory.java:105] - Logging initialized using 'class org.apache.ibatis.logging.slf4j.Slf4jImpl' adapter.
2023-03-07 18:56:43,056 DEBUG [main][LogFactory.java:105] - Logging initialized using 'class org.apache.ibatis.logging.slf4j.Slf4jImpl' adapter.
2023-03-07 18:56:43,114 INFO [main][GenericScope.java:295] - BeanFactory id=b17814f8-a45f-3f27-889f-d33e9dca8a8d
2023-03-07 18:56:43,114 INFO [main][GenericScope.java:295] - BeanFactory id=b17814f8-a45f-3f27-889f-d33e9dca8a8d
2023-03-07 18:56:43,346 INFO [main][TomcatWebServer.java:108] - Tomcat initialized with port(s): 63040 (http)
2023-03-07 18:56:43,346 INFO [main][TomcatWebServer.java:108] - Tomcat initialized with port(s): 63040 (http)
2023-03-07 18:56:43,353 INFO [main][DirectJDKLog.java:173] - Initializing ProtocolHandler ["http-nio-63040"]
2023-03-07 18:56:43,353 INFO [main][DirectJDKLog.java:173] - Initializing ProtocolHandler ["http-nio-63040"]
2023-03-07 18:56:43,353 INFO [main][DirectJDKLog.java:173] - Starting service [Tomcat]
2023-03-07 18:56:43,353 INFO [main][DirectJDKLog.java:173] - Starting service [Tomcat]
2023-03-07 18:56:43,353 INFO [main][DirectJDKLog.java:173] - Starting Servlet engine: [Apache Tomcat/9.0.41]
2023-03-07 18:56:43,353 INFO [main][DirectJDKLog.java:173] - Starting Servlet engine: [Apache Tomcat/9.0.41]
2023-03-07 18:56:43,425 INFO [main][DirectJDKLog.java:173] - Initializing Spring embedded WebApplicationContext
2023-03-07 18:56:43,425 INFO [main][DirectJDKLog.java:173] - Initializing Spring embedded WebApplicationContext
2023-03-07 18:56:43,425 INFO [main][ServletWebServerApplicationContext.java:285] - Root WebApplicationContext: initialization completed in 1125 ms
2023-03-07 18:56:43,425 INFO [main][ServletWebServerApplicationContext.java:285] - Root WebApplicationContext: initialization completed in 1125 ms
2023-03-07 18:56:43,566 DEBUG [main][HikariConfig.java:946] - Driver class com.mysql.cj.jdbc.Driver found in Thread context class loader sun.misc.Launcher$AppClassLoader@18b4aac2
2023-03-07 18:56:43,566 DEBUG [main][HikariConfig.java:946] - Driver class com.mysql.cj.jdbc.Driver found in Thread context class loader sun.misc.Launcher$AppClassLoader@18b4aac2
2023-03-07 18:56:43,609 DEBUG [main][Logger.java:49] - Registered plugin: 'com.baomidou.mybatisplus.extension.plugins.MybatisPlusInterceptor@23f3da8b'
2023-03-07 18:56:43,609 DEBUG [main][Logger.java:49] - Registered plugin: 'com.baomidou.mybatisplus.extension.plugins.MybatisPlusInterceptor@23f3da8b'
2023-03-07 18:56:43,610 DEBUG [main][Logger.java:49] - Property 'mapperLocations' was not specified.
2023-03-07 18:56:43,610 DEBUG [main][Logger.java:49] - Property 'mapperLocations' was not specified.
2023-03-07 18:56:44,205 DEBUG [main][MybatisConfiguration.java:128] - addMappedStatement: com.study.content.mapper.CourseBaseMapper.insert
2023-03-07 18:56:44,205 DEBUG [main][MybatisConfiguration.java:128] - addMappedStatement: com.study.content.mapper.CourseBaseMapper.insert
2023-03-07 18:56:44,209 DEBUG [main][MybatisConfiguration.java:128] - addMappedStatement: com.study.content.mapper.CourseBaseMapper.delete
2023-03-07 18:56:44,209 DEBUG [main][MybatisConfiguration.java:128] - addMappedStatement: com.study.content.mapper.CourseBaseMapper.delete
2023-03-07 18:56:44,210 DEBUG [main][MybatisConfiguration.java:128] - addMappedStatement: com.study.content.mapper.CourseBaseMapper.deleteByMap
2023-03-07 18:56:44,210 DEBUG [main][MybatisConfiguration.java:128] - addMappedStatement: com.study.content.mapper.CourseBaseMapper.deleteByMap
2023-03-07 18:56:44,224 DEBUG [main][MybatisConfiguration.java:128] - addMappedStatement: com.study.content.mapper.CourseBaseMapper.deleteById
2023-03-07 18:56:44,224 DEBUG [main][MybatisConfiguration.java:128] - addMappedStatement: com.study.content.mapper.CourseBaseMapper.deleteById
2023-03-07 18:56:44,226 DEBUG [main][MybatisConfiguration.java:128] - addMappedStatement: com.study.content.mapper.CourseBaseMapper.deleteBatchIds
2023-03-07 18:56:44,226 DEBUG [main][MybatisConfiguration.java:128] - addMappedStatement: com.study.content.mapper.CourseBaseMapper.deleteBatchIds
2023-03-07 18:56:44,230 DEBUG [main][MybatisConfiguration.java:128] - addMappedStatement: com.study.content.mapper.CourseBaseMapper.update
2023-03-07 18:56:44,230 DEBUG [main][MybatisConfiguration.java:128] - addMappedStatement: com.study.content.mapper.CourseBaseMapper.update
2023-03-07 18:56:44,232 DEBUG [main][MybatisConfiguration.java:128] - addMappedStatement: com.study.content.mapper.CourseBaseMapper.updateById
2023-03-07 18:56:44,232 DEBUG [main][MybatisConfiguration.java:128] - addMappedStatement: com.study.content.mapper.CourseBaseMapper.updateById
2023-03-07 18:56:44,233 DEBUG [main][MybatisConfiguration.java:128] - addMappedStatement: com.study.content.mapper.CourseBaseMapper.selectById
2023-03-07 18:56:44,233 DEBUG [main][MybatisConfiguration.java:128] - addMappedStatement: com.study.content.mapper.CourseBaseMapper.selectById
2023-03-07 18:56:44,234 DEBUG [main][MybatisConfiguration.java:128] - addMappedStatement: com.study.content.mapper.CourseBaseMapper.selectBatchIds
2023-03-07 18:56:44,234 DEBUG [main][MybatisConfiguration.java:128] - addMappedStatement: com.study.content.mapper.CourseBaseMapper.selectBatchIds
2023-03-07 18:56:44,235 DEBUG [main][MybatisConfiguration.java:128] - addMappedStatement: com.study.content.mapper.CourseBaseMapper.selectByMap
2023-03-07 18:56:44,235 DEBUG [main][MybatisConfiguration.java:128] - addMappedStatement: com.study.content.mapper.CourseBaseMapper.selectByMap
2023-03-07 18:56:44,238 DEBUG [main][MybatisConfiguration.java:128] - addMappedStatement: com.study.content.mapper.CourseBaseMapper.selectOne
2023-03-07 18:56:44,238 DEBUG [main][MybatisConfiguration.java:128] - addMappedStatement: com.study.content.mapper.CourseBaseMapper.selectOne
2023-03-07 18:56:44,240 DEBUG [main][MybatisConfiguration.java:128] - addMappedStatement: com.study.content.mapper.CourseBaseMapper.selectCount
2023-03-07 18:56:44,240 DEBUG [main][MybatisConfiguration.java:128] - addMappedStatement: com.study.content.mapper.CourseBaseMapper.selectCount
2023-03-07 18:56:44,242 DEBUG [main][MybatisConfiguration.java:128] - addMappedStatement: com.study.content.mapper.CourseBaseMapper.selectMaps
2023-03-07 18:56:44,242 DEBUG [main][MybatisConfiguration.java:128] - addMappedStatement: com.study.content.mapper.CourseBaseMapper.selectMaps
2023-03-07 18:56:44,244 DEBUG [main][MybatisConfiguration.java:128] - addMappedStatement: com.study.content.mapper.CourseBaseMapper.selectMapsPage
2023-03-07 18:56:44,244 DEBUG [main][MybatisConfiguration.java:128] - addMappedStatement: com.study.content.mapper.CourseBaseMapper.selectMapsPage
2023-03-07 18:56:44,246 DEBUG [main][MybatisConfiguration.java:128] - addMappedStatement: com.study.content.mapper.CourseBaseMapper.selectObjs
2023-03-07 18:56:44,246 DEBUG [main][MybatisConfiguration.java:128] - addMappedStatement: com.study.content.mapper.CourseBaseMapper.selectObjs
2023-03-07 18:56:44,248 DEBUG [main][MybatisConfiguration.java:128] - addMappedStatement: com.study.content.mapper.CourseBaseMapper.selectList
2023-03-07 18:56:44,248 DEBUG [main][MybatisConfiguration.java:128] - addMappedStatement: com.study.content.mapper.CourseBaseMapper.selectList
2023-03-07 18:56:44,249 DEBUG [main][MybatisConfiguration.java:128] - addMappedStatement: com.study.content.mapper.CourseBaseMapper.selectPage
2023-03-07 18:56:44,249 DEBUG [main][MybatisConfiguration.java:128] - addMappedStatement: com.study.content.mapper.CourseBaseMapper.selectPage
2023-03-07 18:56:44,259 DEBUG [main][MybatisConfiguration.java:128] - addMappedStatement: com.study.content.mapper.CourseMarketMapper.insert
2023-03-07 18:56:44,259 DEBUG [main][MybatisConfiguration.java:128] - addMappedStatement: com.study.content.mapper.CourseMarketMapper.insert
2023-03-07 18:56:44,260 DEBUG [main][MybatisConfiguration.java:128] - addMappedStatement: com.study.content.mapper.CourseMarketMapper.delete
2023-03-07 18:56:44,260 DEBUG [main][MybatisConfiguration.java:128] - addMappedStatement: com.study.content.mapper.CourseMarketMapper.delete
2023-03-07 18:56:44,262 DEBUG [main][MybatisConfiguration.java:128] - addMappedStatement: com.study.content.mapper.CourseMarketMapper.deleteByMap
2023-03-07 18:56:44,262 DEBUG [main][MybatisConfiguration.java:128] - addMappedStatement: com.study.content.mapper.CourseMarketMapper.deleteByMap
2023-03-07 18:56:44,263 DEBUG [main][MybatisConfiguration.java:128] - addMappedStatement: com.study.content.mapper.CourseMarketMapper.deleteById
2023-03-07 18:56:44,263 DEBUG [main][MybatisConfiguration.java:128] - addMappedStatement: com.study.content.mapper.CourseMarketMapper.deleteById
2023-03-07 18:56:44,264 DEBUG [main][MybatisConfiguration.java:128] - addMappedStatement: com.study.content.mapper.CourseMarketMapper.deleteBatchIds
2023-03-07 18:56:44,264 DEBUG [main][MybatisConfiguration.java:128] - addMappedStatement: com.study.content.mapper.CourseMarketMapper.deleteBatchIds
2023-03-07 18:56:44,266 DEBUG [main][MybatisConfiguration.java:128] - addMappedStatement: com.study.content.mapper.CourseMarketMapper.update
2023-03-07 18:56:44,266 DEBUG [main][MybatisConfiguration.java:128] - addMappedStatement: com.study.content.mapper.CourseMarketMapper.update
2023-03-07 18:56:44,267 DEBUG [main][MybatisConfiguration.java:128] - addMappedStatement: com.study.content.mapper.CourseMarketMapper.updateById
2023-03-07 18:56:44,267 DEBUG [main][MybatisConfiguration.java:128] - addMappedStatement: com.study.content.mapper.CourseMarketMapper.updateById
2023-03-07 18:56:44,267 DEBUG [main][MybatisConfiguration.java:128] - addMappedStatement: com.study.content.mapper.CourseMarketMapper.selectById
2023-03-07 18:56:44,267 DEBUG [main][MybatisConfiguration.java:128] - addMappedStatement: com.study.content.mapper.CourseMarketMapper.selectById
2023-03-07 18:56:44,268 DEBUG [main][MybatisConfiguration.java:128] - addMappedStatement: com.study.content.mapper.CourseMarketMapper.selectBatchIds
2023-03-07 18:56:44,268 DEBUG [main][MybatisConfiguration.java:128] - addMappedStatement: com.study.content.mapper.CourseMarketMapper.selectBatchIds
2023-03-07 18:56:44,269 DEBUG [main][MybatisConfiguration.java:128] - addMappedStatement: com.study.content.mapper.CourseMarketMapper.selectByMap
2023-03-07 18:56:44,269 DEBUG [main][MybatisConfiguration.java:128] - addMappedStatement: com.study.content.mapper.CourseMarketMapper.selectByMap
2023-03-07 18:56:44,270 DEBUG [main][MybatisConfiguration.java:128] - addMappedStatement: com.study.content.mapper.CourseMarketMapper.selectOne
2023-03-07 18:56:44,270 DEBUG [main][MybatisConfiguration.java:128] - addMappedStatement: com.study.content.mapper.CourseMarketMapper.selectOne
2023-03-07 18:56:44,271 DEBUG [main][MybatisConfiguration.java:128] - addMappedStatement: com.study.content.mapper.CourseMarketMapper.selectCount
2023-03-07 18:56:44,271 DEBUG [main][MybatisConfiguration.java:128] - addMappedStatement: com.study.content.mapper.CourseMarketMapper.selectCount
2023-03-07 18:56:44,272 DEBUG [main][MybatisConfiguration.java:128] - addMappedStatement: com.study.content.mapper.CourseMarketMapper.selectMaps
2023-03-07 18:56:44,272 DEBUG [main][MybatisConfiguration.java:128] - addMappedStatement: com.study.content.mapper.CourseMarketMapper.selectMaps
2023-03-07 18:56:44,274 DEBUG [main][MybatisConfiguration.java:128] - addMappedStatement: com.study.content.mapper.CourseMarketMapper.selectMapsPage
2023-03-07 18:56:44,274 DEBUG [main][MybatisConfiguration.java:128] - addMappedStatement: com.study.content.mapper.CourseMarketMapper.selectMapsPage
2023-03-07 18:56:44,275 DEBUG [main][MybatisConfiguration.java:128] - addMappedStatement: com.study.content.mapper.CourseMarketMapper.selectObjs
2023-03-07 18:56:44,275 DEBUG [main][MybatisConfiguration.java:128] - addMappedStatement: com.study.content.mapper.CourseMarketMapper.selectObjs
2023-03-07 18:56:44,276 DEBUG [main][MybatisConfiguration.java:128] - addMappedStatement: com.study.content.mapper.CourseMarketMapper.selectList
2023-03-07 18:56:44,276 DEBUG [main][MybatisConfiguration.java:128] - addMappedStatement: com.study.content.mapper.CourseMarketMapper.selectList
2023-03-07 18:56:44,278 DEBUG [main][MybatisConfiguration.java:128] - addMappedStatement: com.study.content.mapper.CourseMarketMapper.selectPage
2023-03-07 18:56:44,278 DEBUG [main][MybatisConfiguration.java:128] - addMappedStatement: com.study.content.mapper.CourseMarketMapper.selectPage
2023-03-07 18:56:44,286 DEBUG [main][MybatisConfiguration.java:128] - addMappedStatement: com.study.content.mapper.CourseCategoryMapper.selectTreeNodes
2023-03-07 18:56:44,286 DEBUG [main][MybatisConfiguration.java:128] - addMappedStatement: com.study.content.mapper.CourseCategoryMapper.selectTreeNodes
2023-03-07 18:56:44,288 DEBUG [main][MybatisConfiguration.java:128] - addMappedStatement: com.study.content.mapper.CourseCategoryMapper.insert
2023-03-07 18:56:44,288 DEBUG [main][MybatisConfiguration.java:128] - addMappedStatement: com.study.content.mapper.CourseCategoryMapper.insert
2023-03-07 18:56:44,289 DEBUG [main][MybatisConfiguration.java:128] - addMappedStatement: com.study.content.mapper.CourseCategoryMapper.delete
2023-03-07 18:56:44,289 DEBUG [main][MybatisConfiguration.java:128] - addMappedStatement: com.study.content.mapper.CourseCategoryMapper.delete
2023-03-07 18:56:44,290 DEBUG [main][MybatisConfiguration.java:128] - addMappedStatement: com.study.content.mapper.CourseCategoryMapper.deleteByMap
2023-03-07 18:56:44,290 DEBUG [main][MybatisConfiguration.java:128] - addMappedStatement: com.study.content.mapper.CourseCategoryMapper.deleteByMap
2023-03-07 18:56:44,291 DEBUG [main][MybatisConfiguration.java:128] - addMappedStatement: com.study.content.mapper.CourseCategoryMapper.deleteById
2023-03-07 18:56:44,291 DEBUG [main][MybatisConfiguration.java:128] - addMappedStatement: com.study.content.mapper.CourseCategoryMapper.deleteById
2023-03-07 18:56:44,292 DEBUG [main][MybatisConfiguration.java:128] - addMappedStatement: com.study.content.mapper.CourseCategoryMapper.deleteBatchIds
2023-03-07 18:56:44,292 DEBUG [main][MybatisConfiguration.java:128] - addMappedStatement: com.study.content.mapper.CourseCategoryMapper.deleteBatchIds
2023-03-07 18:56:44,294 DEBUG [main][MybatisConfiguration.java:128] - addMappedStatement: com.study.content.mapper.CourseCategoryMapper.update
2023-03-07 18:56:44,294 DEBUG [main][MybatisConfiguration.java:128] - addMappedStatement: com.study.content.mapper.CourseCategoryMapper.update
2023-03-07 18:56:44,295 DEBUG [main][MybatisConfiguration.java:128] - addMappedStatement: com.study.content.mapper.CourseCategoryMapper.updateById
2023-03-07 18:56:44,295 DEBUG [main][MybatisConfiguration.java:128] - addMappedStatement: com.study.content.mapper.CourseCategoryMapper.updateById
2023-03-07 18:56:44,295 DEBUG [main][MybatisConfiguration.java:128] - addMappedStatement: com.study.content.mapper.CourseCategoryMapper.selectById
2023-03-07 18:56:44,295 DEBUG [main][MybatisConfiguration.java:128] - addMappedStatement: com.study.content.mapper.CourseCategoryMapper.selectById
2023-03-07 18:56:44,296 DEBUG [main][MybatisConfiguration.java:128] - addMappedStatement: com.study.content.mapper.CourseCategoryMapper.selectBatchIds
2023-03-07 18:56:44,296 DEBUG [main][MybatisConfiguration.java:128] - addMappedStatement: com.study.content.mapper.CourseCategoryMapper.selectBatchIds
2023-03-07 18:56:44,297 DEBUG [main][MybatisConfiguration.java:128] - addMappedStatement: com.study.content.mapper.CourseCategoryMapper.selectByMap
2023-03-07 18:56:44,297 DEBUG [main][MybatisConfiguration.java:128] - addMappedStatement: com.study.content.mapper.CourseCategoryMapper.selectByMap
2023-03-07 18:56:44,298 DEBUG [main][MybatisConfiguration.java:128] - addMappedStatement: com.study.content.mapper.CourseCategoryMapper.selectOne
2023-03-07 18:56:44,298 DEBUG [main][MybatisConfiguration.java:128] - addMappedStatement: com.study.content.mapper.CourseCategoryMapper.selectOne
2023-03-07 18:56:44,299 DEBUG [main][MybatisConfiguration.java:128] - addMappedStatement: com.study.content.mapper.CourseCategoryMapper.selectCount
2023-03-07 18:56:44,299 DEBUG [main][MybatisConfiguration.java:128] - addMappedStatement: com.study.content.mapper.CourseCategoryMapper.selectCount
2023-03-07 18:56:44,300 DEBUG [main][MybatisConfiguration.java:128] - addMappedStatement: com.study.content.mapper.CourseCategoryMapper.selectMaps
2023-03-07 18:56:44,300 DEBUG [main][MybatisConfiguration.java:128] - addMappedStatement: com.study.content.mapper.CourseCategoryMapper.selectMaps
2023-03-07 18:56:44,301 DEBUG [main][MybatisConfiguration.java:128] - addMappedStatement: com.study.content.mapper.CourseCategoryMapper.selectMapsPage
2023-03-07 18:56:44,301 DEBUG [main][MybatisConfiguration.java:128] - addMappedStatement: com.study.content.mapper.CourseCategoryMapper.selectMapsPage
2023-03-07 18:56:44,301 DEBUG [main][MybatisConfiguration.java:128] - addMappedStatement: com.study.content.mapper.CourseCategoryMapper.selectObjs
2023-03-07 18:56:44,301 DEBUG [main][MybatisConfiguration.java:128] - addMappedStatement: com.study.content.mapper.CourseCategoryMapper.selectObjs
2023-03-07 18:56:44,303 DEBUG [main][MybatisConfiguration.java:128] - addMappedStatement: com.study.content.mapper.CourseCategoryMapper.selectList
2023-03-07 18:56:44,303 DEBUG [main][MybatisConfiguration.java:128] - addMappedStatement: com.study.content.mapper.CourseCategoryMapper.selectList
2023-03-07 18:56:44,303 DEBUG [main][MybatisConfiguration.java:128] - addMappedStatement: com.study.content.mapper.CourseCategoryMapper.selectPage
2023-03-07 18:56:44,303 DEBUG [main][MybatisConfiguration.java:128] - addMappedStatement: com.study.content.mapper.CourseCategoryMapper.selectPage
2023-03-07 18:56:44,586 INFO [main][PropertySourcedRequestMappingHandlerMapping.java:69] - Mapped URL path [/v2/api-docs] onto method [springfox.documentation.swagger2.web.Swagger2Controller#getDocumentation(String, HttpServletRequest)]
2023-03-07 18:56:44,586 INFO [main][PropertySourcedRequestMappingHandlerMapping.java:69] - Mapped URL path [/v2/api-docs] onto method [springfox.documentation.swagger2.web.Swagger2Controller#getDocumentation(String, HttpServletRequest)]
2023-03-07 18:56:44,611 DEBUG [main][ResourceBundleMessageInterpolator.java:172] - Loaded expression factory via original TCCL
2023-03-07 18:56:44,611 DEBUG [main][ResourceBundleMessageInterpolator.java:172] - Loaded expression factory via original TCCL
2023-03-07 18:56:44,613 DEBUG [main][AbstractConfigurationImpl.java:171] - Setting custom MessageInterpolator of type org.springframework.validation.beanvalidation.LocaleContextMessageInterpolator
2023-03-07 18:56:44,613 DEBUG [main][AbstractConfigurationImpl.java:171] - Setting custom MessageInterpolator of type org.springframework.validation.beanvalidation.LocaleContextMessageInterpolator
2023-03-07 18:56:44,613 DEBUG [main][AbstractConfigurationImpl.java:203] - Setting custom ConstraintValidatorFactory of type org.springframework.validation.beanvalidation.SpringConstraintValidatorFactory
2023-03-07 18:56:44,613 DEBUG [main][AbstractConfigurationImpl.java:203] - Setting custom ConstraintValidatorFactory of type org.springframework.validation.beanvalidation.SpringConstraintValidatorFactory
2023-03-07 18:56:44,614 DEBUG [main][AbstractConfigurationImpl.java:217] - Setting custom ParameterNameProvider of type org.springframework.validation.beanvalidation.LocalValidatorFactoryBean$1
2023-03-07 18:56:44,614 DEBUG [main][AbstractConfigurationImpl.java:217] - Setting custom ParameterNameProvider of type org.springframework.validation.beanvalidation.LocalValidatorFactoryBean$1
2023-03-07 18:56:44,614 DEBUG [main][ValidationXmlParser.java:120] - Trying to load META-INF/validation.xml for XML based Validator configuration.
2023-03-07 18:56:44,614 DEBUG [main][ValidationXmlParser.java:120] - Trying to load META-INF/validation.xml for XML based Validator configuration.
2023-03-07 18:56:44,614 DEBUG [main][ResourceLoaderHelper.java:53] - Trying to load META-INF/validation.xml via user class loader
2023-03-07 18:56:44,614 DEBUG [main][ResourceLoaderHelper.java:53] - Trying to load META-INF/validation.xml via user class loader
2023-03-07 18:56:44,615 DEBUG [main][ResourceLoaderHelper.java:60] - Trying to load META-INF/validation.xml via TCCL
2023-03-07 18:56:44,615 DEBUG [main][ResourceLoaderHelper.java:60] - Trying to load META-INF/validation.xml via TCCL
2023-03-07 18:56:44,615 DEBUG [main][ResourceLoaderHelper.java:66] - Trying to load META-INF/validation.xml via Hibernate Validator's class loader
2023-03-07 18:56:44,615 DEBUG [main][ResourceLoaderHelper.java:66] - Trying to load META-INF/validation.xml via Hibernate Validator's class loader
2023-03-07 18:56:44,615 DEBUG [main][ValidationXmlParser.java:127] - No META-INF/validation.xml found. Using annotation based configuration only.
2023-03-07 18:56:44,615 DEBUG [main][ValidationXmlParser.java:127] - No META-INF/validation.xml found. Using annotation based configuration only.
2023-03-07 18:56:44,616 DEBUG [main][TraversableResolvers.java:60] - Cannot find javax.persistence.Persistence on classpath. Assuming non JPA 2 environment. All properties will per default be traversable.
2023-03-07 18:56:44,616 DEBUG [main][TraversableResolvers.java:60] - Cannot find javax.persistence.Persistence on classpath. Assuming non JPA 2 environment. All properties will per default be traversable.
2023-03-07 18:56:44,617 DEBUG [main][ValidatorFactoryConfigurationHelper.java:300] - HV000252: Using org.hibernate.validator.internal.engine.DefaultPropertyNodeNameProvider as property node name provider.
2023-03-07 18:56:44,617 DEBUG [main][ValidatorFactoryConfigurationHelper.java:300] - HV000252: Using org.hibernate.validator.internal.engine.DefaultPropertyNodeNameProvider as property node name provider.
2023-03-07 18:56:44,617 DEBUG [main][ValidatorFactoryConfigurationHelper.java:375] - HV000234: Using org.springframework.validation.beanvalidation.LocaleContextMessageInterpolator as ValidatorFactory-scoped message interpolator.
2023-03-07 18:56:44,617 DEBUG [main][ValidatorFactoryConfigurationHelper.java:375] - HV000234: Using org.springframework.validation.beanvalidation.LocaleContextMessageInterpolator as ValidatorFactory-scoped message interpolator.
2023-03-07 18:56:44,617 DEBUG [main][ValidatorFactoryConfigurationHelper.java:376] - HV000234: Using org.hibernate.validator.internal.engine.resolver.TraverseAllTraversableResolver as ValidatorFactory-scoped traversable resolver.
2023-03-07 18:56:44,617 DEBUG [main][ValidatorFactoryConfigurationHelper.java:376] - HV000234: Using org.hibernate.validator.internal.engine.resolver.TraverseAllTraversableResolver as ValidatorFactory-scoped traversable resolver.
2023-03-07 18:56:44,617 DEBUG [main][ValidatorFactoryConfigurationHelper.java:377] - HV000234: Using org.hibernate.validator.internal.util.ExecutableParameterNameProvider as ValidatorFactory-scoped parameter name provider.
2023-03-07 18:56:44,617 DEBUG [main][ValidatorFactoryConfigurationHelper.java:377] - HV000234: Using org.hibernate.validator.internal.util.ExecutableParameterNameProvider as ValidatorFactory-scoped parameter name provider.
2023-03-07 18:56:44,617 DEBUG [main][ValidatorFactoryConfigurationHelper.java:378] - HV000234: Using org.hibernate.validator.internal.engine.DefaultClockProvider as ValidatorFactory-scoped clock provider.
2023-03-07 18:56:44,617 DEBUG [main][ValidatorFactoryConfigurationHelper.java:378] - HV000234: Using org.hibernate.validator.internal.engine.DefaultClockProvider as ValidatorFactory-scoped clock provider.
2023-03-07 18:56:44,618 DEBUG [main][ValidatorFactoryConfigurationHelper.java:379] - HV000234: Using org.hibernate.validator.internal.engine.scripting.DefaultScriptEvaluatorFactory as ValidatorFactory-scoped script evaluator factory.
2023-03-07 18:56:44,618 DEBUG [main][ValidatorFactoryConfigurationHelper.java:379] - HV000234: Using org.hibernate.validator.internal.engine.scripting.DefaultScriptEvaluatorFactory as ValidatorFactory-scoped script evaluator factory.
2023-03-07 18:56:44,666 INFO [main][ExecutorConfigurationSupport.java:181] - Initializing ExecutorService 'applicationTaskExecutor'
2023-03-07 18:56:44,666 INFO [main][ExecutorConfigurationSupport.java:181] - Initializing ExecutorService 'applicationTaskExecutor'
2023-03-07 18:56:44,779 DEBUG [main][MybatisConfiguration.java:128] - addMappedStatement: com.study.content.mapper.CourseTeacherMapper.insert
2023-03-07 18:56:44,779 DEBUG [main][MybatisConfiguration.java:128] - addMappedStatement: com.study.content.mapper.CourseTeacherMapper.insert
2023-03-07 18:56:44,780 DEBUG [main][MybatisConfiguration.java:128] - addMappedStatement: com.study.content.mapper.CourseTeacherMapper.delete
2023-03-07 18:56:44,780 DEBUG [main][MybatisConfiguration.java:128] - addMappedStatement: com.study.content.mapper.CourseTeacherMapper.delete
2023-03-07 18:56:44,781 DEBUG [main][MybatisConfiguration.java:128] - addMappedStatement: com.study.content.mapper.CourseTeacherMapper.deleteByMap
2023-03-07 18:56:44,781 DEBUG [main][MybatisConfiguration.java:128] - addMappedStatement: com.study.content.mapper.CourseTeacherMapper.deleteByMap
2023-03-07 18:56:44,782 DEBUG [main][MybatisConfiguration.java:128] - addMappedStatement: com.study.content.mapper.CourseTeacherMapper.deleteById
2023-03-07 18:56:44,782 DEBUG [main][MybatisConfiguration.java:128] - addMappedStatement: com.study.content.mapper.CourseTeacherMapper.deleteById
2023-03-07 18:56:44,783 DEBUG [main][MybatisConfiguration.java:128] - addMappedStatement: com.study.content.mapper.CourseTeacherMapper.deleteBatchIds
2023-03-07 18:56:44,783 DEBUG [main][MybatisConfiguration.java:128] - addMappedStatement: com.study.content.mapper.CourseTeacherMapper.deleteBatchIds
2023-03-07 18:56:44,784 DEBUG [main][MybatisConfiguration.java:128] - addMappedStatement: com.study.content.mapper.CourseTeacherMapper.update
2023-03-07 18:56:44,784 DEBUG [main][MybatisConfiguration.java:128] - addMappedStatement: com.study.content.mapper.CourseTeacherMapper.update
2023-03-07 18:56:44,785 DEBUG [main][MybatisConfiguration.java:128] - addMappedStatement: com.study.content.mapper.CourseTeacherMapper.updateById
2023-03-07 18:56:44,785 DEBUG [main][MybatisConfiguration.java:128] - addMappedStatement: com.study.content.mapper.CourseTeacherMapper.updateById
2023-03-07 18:56:44,785 DEBUG [main][MybatisConfiguration.java:128] - addMappedStatement: com.study.content.mapper.CourseTeacherMapper.selectById
2023-03-07 18:56:44,785 DEBUG [main][MybatisConfiguration.java:128] - addMappedStatement: com.study.content.mapper.CourseTeacherMapper.selectById
2023-03-07 18:56:44,785 DEBUG [main][MybatisConfiguration.java:128] - addMappedStatement: com.study.content.mapper.CourseTeacherMapper.selectBatchIds
2023-03-07 18:56:44,785 DEBUG [main][MybatisConfiguration.java:128] - addMappedStatement: com.study.content.mapper.CourseTeacherMapper.selectBatchIds
2023-03-07 18:56:44,787 DEBUG [main][MybatisConfiguration.java:128] - addMappedStatement: com.study.content.mapper.CourseTeacherMapper.selectByMap
2023-03-07 18:56:44,787 DEBUG [main][MybatisConfiguration.java:128] - addMappedStatement: com.study.content.mapper.CourseTeacherMapper.selectByMap
2023-03-07 18:56:44,789 DEBUG [main][MybatisConfiguration.java:128] - addMappedStatement: com.study.content.mapper.CourseTeacherMapper.selectOne
2023-03-07 18:56:44,789 DEBUG [main][MybatisConfiguration.java:128] - addMappedStatement: com.study.content.mapper.CourseTeacherMapper.selectOne
2023-03-07 18:56:44,790 DEBUG [main][MybatisConfiguration.java:128] - addMappedStatement: com.study.content.mapper.CourseTeacherMapper.selectCount
2023-03-07 18:56:44,790 DEBUG [main][MybatisConfiguration.java:128] - addMappedStatement: com.study.content.mapper.CourseTeacherMapper.selectCount
2023-03-07 18:56:44,791 DEBUG [main][MybatisConfiguration.java:128] - addMappedStatement: com.study.content.mapper.CourseTeacherMapper.selectMaps
2023-03-07 18:56:44,791 DEBUG [main][MybatisConfiguration.java:128] - addMappedStatement: com.study.content.mapper.CourseTeacherMapper.selectMaps
2023-03-07 18:56:44,792 DEBUG [main][MybatisConfiguration.java:128] - addMappedStatement: com.study.content.mapper.CourseTeacherMapper.selectMapsPage
2023-03-07 18:56:44,792 DEBUG [main][MybatisConfiguration.java:128] - addMappedStatement: com.study.content.mapper.CourseTeacherMapper.selectMapsPage
2023-03-07 18:56:44,793 DEBUG [main][MybatisConfiguration.java:128] - addMappedStatement: com.study.content.mapper.CourseTeacherMapper.selectObjs
2023-03-07 18:56:44,793 DEBUG [main][MybatisConfiguration.java:128] - addMappedStatement: com.study.content.mapper.CourseTeacherMapper.selectObjs
2023-03-07 18:56:44,794 DEBUG [main][MybatisConfiguration.java:128] - addMappedStatement: com.study.content.mapper.CourseTeacherMapper.selectList
2023-03-07 18:56:44,794 DEBUG [main][MybatisConfiguration.java:128] - addMappedStatement: com.study.content.mapper.CourseTeacherMapper.selectList
2023-03-07 18:56:44,796 DEBUG [main][MybatisConfiguration.java:128] - addMappedStatement: com.study.content.mapper.CourseTeacherMapper.selectPage
2023-03-07 18:56:44,796 DEBUG [main][MybatisConfiguration.java:128] - addMappedStatement: com.study.content.mapper.CourseTeacherMapper.selectPage
2023-03-07 18:56:44,804 DEBUG [main][MybatisConfiguration.java:128] - addMappedStatement: com.study.content.mapper.TeachplanMapper.insert
2023-03-07 18:56:44,804 DEBUG [main][MybatisConfiguration.java:128] - addMappedStatement: com.study.content.mapper.TeachplanMapper.insert
2023-03-07 18:56:44,806 DEBUG [main][MybatisConfiguration.java:128] - addMappedStatement: com.study.content.mapper.TeachplanMapper.delete
2023-03-07 18:56:44,806 DEBUG [main][MybatisConfiguration.java:128] - addMappedStatement: com.study.content.mapper.TeachplanMapper.delete
2023-03-07 18:56:44,807 DEBUG [main][MybatisConfiguration.java:128] - addMappedStatement: com.study.content.mapper.TeachplanMapper.deleteByMap
2023-03-07 18:56:44,807 DEBUG [main][MybatisConfiguration.java:128] - addMappedStatement: com.study.content.mapper.TeachplanMapper.deleteByMap
2023-03-07 18:56:44,808 DEBUG [main][MybatisConfiguration.java:128] - addMappedStatement: com.study.content.mapper.TeachplanMapper.deleteById
2023-03-07 18:56:44,808 DEBUG [main][MybatisConfiguration.java:128] - addMappedStatement: com.study.content.mapper.TeachplanMapper.deleteById
2023-03-07 18:56:44,809 DEBUG [main][MybatisConfiguration.java:128] - addMappedStatement: com.study.content.mapper.TeachplanMapper.deleteBatchIds
2023-03-07 18:56:44,809 DEBUG [main][MybatisConfiguration.java:128] - addMappedStatement: com.study.content.mapper.TeachplanMapper.deleteBatchIds
2023-03-07 18:56:44,811 DEBUG [main][MybatisConfiguration.java:128] - addMappedStatement: com.study.content.mapper.TeachplanMapper.update
2023-03-07 18:56:44,811 DEBUG [main][MybatisConfiguration.java:128] - addMappedStatement: com.study.content.mapper.TeachplanMapper.update
2023-03-07 18:56:44,813 DEBUG [main][MybatisConfiguration.java:128] - addMappedStatement: com.study.content.mapper.TeachplanMapper.updateById
2023-03-07 18:56:44,813 DEBUG [main][MybatisConfiguration.java:128] - addMappedStatement: com.study.content.mapper.TeachplanMapper.updateById
2023-03-07 18:56:44,813 DEBUG [main][MybatisConfiguration.java:128] - addMappedStatement: com.study.content.mapper.TeachplanMapper.selectById
2023-03-07 18:56:44,813 DEBUG [main][MybatisConfiguration.java:128] - addMappedStatement: com.study.content.mapper.TeachplanMapper.selectById
2023-03-07 18:56:44,814 DEBUG [main][MybatisConfiguration.java:128] - addMappedStatement: com.study.content.mapper.TeachplanMapper.selectBatchIds
2023-03-07 18:56:44,814 DEBUG [main][MybatisConfiguration.java:128] - addMappedStatement: com.study.content.mapper.TeachplanMapper.selectBatchIds
2023-03-07 18:56:44,815 DEBUG [main][MybatisConfiguration.java:128] - addMappedStatement: com.study.content.mapper.TeachplanMapper.selectByMap
2023-03-07 18:56:44,815 DEBUG [main][MybatisConfiguration.java:128] - addMappedStatement: com.study.content.mapper.TeachplanMapper.selectByMap
2023-03-07 18:56:44,817 DEBUG [main][MybatisConfiguration.java:128] - addMappedStatement: com.study.content.mapper.TeachplanMapper.selectOne
2023-03-07 18:56:44,817 DEBUG [main][MybatisConfiguration.java:128] - addMappedStatement: com.study.content.mapper.TeachplanMapper.selectOne
2023-03-07 18:56:44,818 DEBUG [main][MybatisConfiguration.java:128] - addMappedStatement: com.study.content.mapper.TeachplanMapper.selectCount
2023-03-07 18:56:44,818 DEBUG [main][MybatisConfiguration.java:128] - addMappedStatement: com.study.content.mapper.TeachplanMapper.selectCount
2023-03-07 18:56:44,820 DEBUG [main][MybatisConfiguration.java:128] - addMappedStatement: com.study.content.mapper.TeachplanMapper.selectMaps
2023-03-07 18:56:44,820 DEBUG [main][MybatisConfiguration.java:128] - addMappedStatement: com.study.content.mapper.TeachplanMapper.selectMaps
2023-03-07 18:56:44,821 DEBUG [main][MybatisConfiguration.java:128] - addMappedStatement: com.study.content.mapper.TeachplanMapper.selectMapsPage
2023-03-07 18:56:44,821 DEBUG [main][MybatisConfiguration.java:128] - addMappedStatement: com.study.content.mapper.TeachplanMapper.selectMapsPage
2023-03-07 18:56:44,822 DEBUG [main][MybatisConfiguration.java:128] - addMappedStatement: com.study.content.mapper.TeachplanMapper.selectObjs
2023-03-07 18:56:44,822 DEBUG [main][MybatisConfiguration.java:128] - addMappedStatement: com.study.content.mapper.TeachplanMapper.selectObjs
2023-03-07 18:56:44,835 DEBUG [main][MybatisConfiguration.java:128] - addMappedStatement: com.study.content.mapper.TeachplanMapper.selectList
2023-03-07 18:56:44,835 DEBUG [main][MybatisConfiguration.java:128] - addMappedStatement: com.study.content.mapper.TeachplanMapper.selectList
2023-03-07 18:56:44,836 DEBUG [main][MybatisConfiguration.java:128] - addMappedStatement: com.study.content.mapper.TeachplanMapper.selectPage
2023-03-07 18:56:44,836 DEBUG [main][MybatisConfiguration.java:128] - addMappedStatement: com.study.content.mapper.TeachplanMapper.selectPage
2023-03-07 18:56:44,841 DEBUG [main][MybatisConfiguration.java:128] - addMappedStatement: com.study.content.mapper.TeachplanMediaMapper.insert
2023-03-07 18:56:44,841 DEBUG [main][MybatisConfiguration.java:128] - addMappedStatement: com.study.content.mapper.TeachplanMediaMapper.insert
2023-03-07 18:56:44,842 DEBUG [main][MybatisConfiguration.java:128] - addMappedStatement: com.study.content.mapper.TeachplanMediaMapper.delete
2023-03-07 18:56:44,842 DEBUG [main][MybatisConfiguration.java:128] - addMappedStatement: com.study.content.mapper.TeachplanMediaMapper.delete
2023-03-07 18:56:44,844 DEBUG [main][MybatisConfiguration.java:128] - addMappedStatement: com.study.content.mapper.TeachplanMediaMapper.deleteByMap
2023-03-07 18:56:44,844 DEBUG [main][MybatisConfiguration.java:128] - addMappedStatement: com.study.content.mapper.TeachplanMediaMapper.deleteByMap
2023-03-07 18:56:44,844 DEBUG [main][MybatisConfiguration.java:128] - addMappedStatement: com.study.content.mapper.TeachplanMediaMapper.deleteById
2023-03-07 18:56:44,844 DEBUG [main][MybatisConfiguration.java:128] - addMappedStatement: com.study.content.mapper.TeachplanMediaMapper.deleteById
2023-03-07 18:56:44,845 DEBUG [main][MybatisConfiguration.java:128] - addMappedStatement: com.study.content.mapper.TeachplanMediaMapper.deleteBatchIds
2023-03-07 18:56:44,845 DEBUG [main][MybatisConfiguration.java:128] - addMappedStatement: com.study.content.mapper.TeachplanMediaMapper.deleteBatchIds
2023-03-07 18:56:44,846 DEBUG [main][MybatisConfiguration.java:128] - addMappedStatement: com.study.content.mapper.TeachplanMediaMapper.update
2023-03-07 18:56:44,846 DEBUG [main][MybatisConfiguration.java:128] - addMappedStatement: com.study.content.mapper.TeachplanMediaMapper.update
2023-03-07 18:56:44,847 DEBUG [main][MybatisConfiguration.java:128] - addMappedStatement: com.study.content.mapper.TeachplanMediaMapper.updateById
2023-03-07 18:56:44,847 DEBUG [main][MybatisConfiguration.java:128] - addMappedStatement: com.study.content.mapper.TeachplanMediaMapper.updateById
2023-03-07 18:56:44,847 DEBUG [main][MybatisConfiguration.java:128] - addMappedStatement: com.study.content.mapper.TeachplanMediaMapper.selectById
2023-03-07 18:56:44,847 DEBUG [main][MybatisConfiguration.java:128] - addMappedStatement: com.study.content.mapper.TeachplanMediaMapper.selectById
2023-03-07 18:56:44,848 DEBUG [main][MybatisConfiguration.java:128] - addMappedStatement: com.study.content.mapper.TeachplanMediaMapper.selectBatchIds
2023-03-07 18:56:44,848 DEBUG [main][MybatisConfiguration.java:128] - addMappedStatement: com.study.content.mapper.TeachplanMediaMapper.selectBatchIds
2023-03-07 18:56:44,849 DEBUG [main][MybatisConfiguration.java:128] - addMappedStatement: com.study.content.mapper.TeachplanMediaMapper.selectByMap
2023-03-07 18:56:44,849 DEBUG [main][MybatisConfiguration.java:128] - addMappedStatement: com.study.content.mapper.TeachplanMediaMapper.selectByMap
2023-03-07 18:56:44,850 DEBUG [main][MybatisConfiguration.java:128] - addMappedStatement: com.study.content.mapper.TeachplanMediaMapper.selectOne
2023-03-07 18:56:44,850 DEBUG [main][MybatisConfiguration.java:128] - addMappedStatement: com.study.content.mapper.TeachplanMediaMapper.selectOne
2023-03-07 18:56:44,851 DEBUG [main][MybatisConfiguration.java:128] - addMappedStatement: com.study.content.mapper.TeachplanMediaMapper.selectCount
2023-03-07 18:56:44,851 DEBUG [main][MybatisConfiguration.java:128] - addMappedStatement: com.study.content.mapper.TeachplanMediaMapper.selectCount
2023-03-07 18:56:44,852 DEBUG [main][MybatisConfiguration.java:128] - addMappedStatement: com.study.content.mapper.TeachplanMediaMapper.selectMaps
2023-03-07 18:56:44,852 DEBUG [main][MybatisConfiguration.java:128] - addMappedStatement: com.study.content.mapper.TeachplanMediaMapper.selectMaps
2023-03-07 18:56:44,852 DEBUG [main][MybatisConfiguration.java:128] - addMappedStatement: com.study.content.mapper.TeachplanMediaMapper.selectMapsPage
2023-03-07 18:56:44,852 DEBUG [main][MybatisConfiguration.java:128] - addMappedStatement: com.study.content.mapper.TeachplanMediaMapper.selectMapsPage
2023-03-07 18:56:44,853 DEBUG [main][MybatisConfiguration.java:128] - addMappedStatement: com.study.content.mapper.TeachplanMediaMapper.selectObjs
2023-03-07 18:56:44,853 DEBUG [main][MybatisConfiguration.java:128] - addMappedStatement: com.study.content.mapper.TeachplanMediaMapper.selectObjs
2023-03-07 18:56:44,854 DEBUG [main][MybatisConfiguration.java:128] - addMappedStatement: com.study.content.mapper.TeachplanMediaMapper.selectList
2023-03-07 18:56:44,854 DEBUG [main][MybatisConfiguration.java:128] - addMappedStatement: com.study.content.mapper.TeachplanMediaMapper.selectList
2023-03-07 18:56:44,855 DEBUG [main][MybatisConfiguration.java:128] - addMappedStatement: com.study.content.mapper.TeachplanMediaMapper.selectPage
2023-03-07 18:56:44,855 DEBUG [main][MybatisConfiguration.java:128] - addMappedStatement: com.study.content.mapper.TeachplanMediaMapper.selectPage
2023-03-07 18:56:44,899 INFO [main][DirectJDKLog.java:173] - Starting ProtocolHandler ["http-nio-63040"]
2023-03-07 18:56:44,899 INFO [main][DirectJDKLog.java:173] - Starting ProtocolHandler ["http-nio-63040"]
2023-03-07 18:56:44,917 INFO [main][TomcatWebServer.java:220] - Tomcat started on port(s): 63040 (http) with context path '/content'
2023-03-07 18:56:44,917 INFO [main][TomcatWebServer.java:220] - Tomcat started on port(s): 63040 (http) with context path '/content'
2023-03-07 18:56:44,918 INFO [main][DocumentationPluginsBootstrapper.java:160] - Context refreshed
2023-03-07 18:56:44,918 INFO [main][DocumentationPluginsBootstrapper.java:160] - Context refreshed
2023-03-07 18:56:44,931 INFO [main][DocumentationPluginsBootstrapper.java:163] - Found 1 custom documentation plugin(s)
2023-03-07 18:56:44,931 INFO [main][DocumentationPluginsBootstrapper.java:163] - Found 1 custom documentation plugin(s)
2023-03-07 18:56:44,962 INFO [main][ApiListingReferenceScanner.java:41] - Scanning for api listing references
2023-03-07 18:56:44,962 INFO [main][ApiListingReferenceScanner.java:41] - Scanning for api listing references
2023-03-07 18:56:45,119 INFO [main][StartupInfoLogger.java:61] - Started ContentApiApplication in 3.675 seconds (JVM running for 4.691)
2023-03-07 18:56:45,119 INFO [main][StartupInfoLogger.java:61] - Started ContentApiApplication in 3.675 seconds (JVM running for 4.691)
2023-03-07 18:56:49,268 INFO [http-nio-63040-exec-1][DirectJDKLog.java:173] - Initializing Spring DispatcherServlet 'dispatcherServlet'
2023-03-07 18:56:49,268 INFO [http-nio-63040-exec-1][DirectJDKLog.java:173] - Initializing Spring DispatcherServlet 'dispatcherServlet'
2023-03-07 18:56:49,268 INFO [http-nio-63040-exec-1][FrameworkServlet.java:525] - Initializing Servlet 'dispatcherServlet'
2023-03-07 18:56:49,268 INFO [http-nio-63040-exec-1][FrameworkServlet.java:525] - Initializing Servlet 'dispatcherServlet'
2023-03-07 18:56:49,268 INFO [http-nio-63040-exec-1][FrameworkServlet.java:547] - Completed initialization in 0 ms
2023-03-07 18:56:49,268 INFO [http-nio-63040-exec-1][FrameworkServlet.java:547] - Completed initialization in 0 ms
2023-03-07 18:56:49,603 WARN [http-nio-63040-exec-5][AbstractSerializableParameter.java:421] - Illegal DefaultValue null for parameter type integer
java.lang.NumberFormatException: For input string: ""
	at java.lang.NumberFormatException.forInputString(NumberFormatException.java:65)
	at java.lang.Long.parseLong(Long.java:601)
	at java.lang.Long.valueOf(Long.java:803)
	at io.swagger.models.parameters.AbstractSerializableParameter.getExample(AbstractSerializableParameter.java:412)
	at sun.reflect.NativeMethodAccessorImpl.invoke0(Native Method)
	at sun.reflect.NativeMethodAccessorImpl.invoke(NativeMethodAccessorImpl.java:62)
	at sun.reflect.DelegatingMethodAccessorImpl.invoke(DelegatingMethodAccessorImpl.java:43)
	at java.lang.reflect.Method.invoke(Method.java:498)
	at com.fasterxml.jackson.databind.ser.BeanPropertyWriter.serializeAsField(BeanPropertyWriter.java:689)
	at com.fasterxml.jackson.databind.ser.std.BeanSerializerBase.serializeFields(BeanSerializerBase.java:755)
	at com.fasterxml.jackson.databind.ser.BeanSerializer.serialize(BeanSerializer.java:178)
	at com.fasterxml.jackson.databind.ser.impl.IndexedListSerializer.serializeContents(IndexedListSerializer.java:119)
	at com.fasterxml.jackson.databind.ser.impl.IndexedListSerializer.serialize(IndexedListSerializer.java:79)
	at com.fasterxml.jackson.databind.ser.impl.IndexedListSerializer.serialize(IndexedListSerializer.java:18)
	at com.fasterxml.jackson.databind.ser.BeanPropertyWriter.serializeAsField(BeanPropertyWriter.java:728)
	at com.fasterxml.jackson.databind.ser.std.BeanSerializerBase.serializeFields(BeanSerializerBase.java:755)
	at com.fasterxml.jackson.databind.ser.BeanSerializer.serialize(BeanSerializer.java:178)
	at com.fasterxml.jackson.databind.ser.BeanPropertyWriter.serializeAsField(BeanPropertyWriter.java:728)
	at com.fasterxml.jackson.databind.ser.std.BeanSerializerBase.serializeFields(BeanSerializerBase.java:755)
	at com.fasterxml.jackson.databind.ser.BeanSerializer.serialize(BeanSerializer.java:178)
	at com.fasterxml.jackson.databind.ser.std.MapSerializer.serializeFields(MapSerializer.java:726)
	at com.fasterxml.jackson.databind.ser.std.MapSerializer.serializeWithoutTypeInfo(MapSerializer.java:681)
	at com.fasterxml.jackson.databind.ser.std.MapSerializer.serialize(MapSerializer.java:637)
	at com.fasterxml.jackson.databind.ser.std.MapSerializer.serialize(MapSerializer.java:33)
	at com.fasterxml.jackson.databind.ser.BeanPropertyWriter.serializeAsField(BeanPropertyWriter.java:728)
	at com.fasterxml.jackson.databind.ser.std.BeanSerializerBase.serializeFields(BeanSerializerBase.java:755)
	at com.fasterxml.jackson.databind.ser.BeanSerializer.serialize(BeanSerializer.java:178)
	at com.fasterxml.jackson.databind.ser.DefaultSerializerProvider._serialize(DefaultSerializerProvider.java:480)
	at com.fasterxml.jackson.databind.ser.DefaultSerializerProvider.serializeValue(DefaultSerializerProvider.java:319)
	at com.fasterxml.jackson.databind.ObjectMapper._writeValueAndClose(ObjectMapper.java:4409)
	at com.fasterxml.jackson.databind.ObjectMapper.writeValueAsString(ObjectMapper.java:3663)
	at springfox.documentation.spring.web.json.JsonSerializer.toJson(JsonSerializer.java:38)
	at springfox.documentation.swagger2.web.Swagger2Controller.getDocumentation(Swagger2Controller.java:105)
	at sun.reflect.NativeMethodAccessorImpl.invoke0(Native Method)
	at sun.reflect.NativeMethodAccessorImpl.invoke(NativeMethodAccessorImpl.java:62)
	at sun.reflect.DelegatingMethodAccessorImpl.invoke(DelegatingMethodAccessorImpl.java:43)
	at java.lang.reflect.Method.invoke(Method.java:498)
	at org.springframework.web.method.support.InvocableHandlerMethod.doInvoke(InvocableHandlerMethod.java:190)
	at org.springframework.web.method.support.InvocableHandlerMethod.invokeForRequest(InvocableHandlerMethod.java:138)
	at org.springframework.web.servlet.mvc.method.annotation.ServletInvocableHandlerMethod.invokeAndHandle(ServletInvocableHandlerMethod.java:105)
	at org.springframework.web.servlet.mvc.method.annotation.RequestMappingHandlerAdapter.invokeHandlerMethod(RequestMappingHandlerAdapter.java:878)
	at org.springframework.web.servlet.mvc.method.annotation.RequestMappingHandlerAdapter.handleInternal(RequestMappingHandlerAdapter.java:792)
	at org.springframework.web.servlet.mvc.method.AbstractHandlerMethodAdapter.handle(AbstractHandlerMethodAdapter.java:87)
	at org.springframework.web.servlet.DispatcherServlet.doDispatch(DispatcherServlet.java:1040)
	at org.springframework.web.servlet.DispatcherServlet.doService(DispatcherServlet.java:943)
	at org.springframework.web.servlet.FrameworkServlet.processRequest(FrameworkServlet.java:1006)
	at org.springframework.web.servlet.FrameworkServlet.doGet(FrameworkServlet.java:898)
	at javax.servlet.http.HttpServlet.service(HttpServlet.java:626)
	at org.springframework.web.servlet.FrameworkServlet.service(FrameworkServlet.java:883)
	at javax.servlet.http.HttpServlet.service(HttpServlet.java:733)
	at org.apache.catalina.core.ApplicationFilterChain.internalDoFilter(ApplicationFilterChain.java:231)
	at org.apache.catalina.core.ApplicationFilterChain.doFilter(ApplicationFilterChain.java:166)
	at org.apache.tomcat.websocket.server.WsFilter.doFilter(WsFilter.java:53)
	at org.apache.catalina.core.ApplicationFilterChain.internalDoFilter(ApplicationFilterChain.java:193)
	at org.apache.catalina.core.ApplicationFilterChain.doFilter(ApplicationFilterChain.java:166)
	at org.springframework.web.filter.RequestContextFilter.doFilterInternal(RequestContextFilter.java:100)
	at org.springframework.web.filter.OncePerRequestFilter.doFilter(OncePerRequestFilter.java:119)
	at org.apache.catalina.core.ApplicationFilterChain.internalDoFilter(ApplicationFilterChain.java:193)
	at org.apache.catalina.core.ApplicationFilterChain.doFilter(ApplicationFilterChain.java:166)
	at org.springframework.web.filter.FormContentFilter.doFilterInternal(FormContentFilter.java:93)
	at org.springframework.web.filter.OncePerRequestFilter.doFilter(OncePerRequestFilter.java:119)
	at org.apache.catalina.core.ApplicationFilterChain.internalDoFilter(ApplicationFilterChain.java:193)
	at org.apache.catalina.core.ApplicationFilterChain.doFilter(ApplicationFilterChain.java:166)
	at org.springframework.web.filter.CharacterEncodingFilter.doFilterInternal(CharacterEncodingFilter.java:201)
	at org.springframework.web.filter.OncePerRequestFilter.doFilter(OncePerRequestFilter.java:119)
	at org.apache.catalina.core.ApplicationFilterChain.internalDoFilter(ApplicationFilterChain.java:193)
	at org.apache.catalina.core.ApplicationFilterChain.doFilter(ApplicationFilterChain.java:166)
	at org.apache.catalina.core.StandardWrapperValve.invoke(StandardWrapperValve.java:202)
	at org.apache.catalina.core.StandardContextValve.invoke(StandardContextValve.java:97)
	at org.apache.catalina.authenticator.AuthenticatorBase.invoke(AuthenticatorBase.java:542)
	at org.apache.catalina.core.StandardHostValve.invoke(StandardHostValve.java:143)
	at org.apache.catalina.valves.ErrorReportValve.invoke(ErrorReportValve.java:92)
	at org.apache.catalina.core.StandardEngineValve.invoke(StandardEngineValve.java:78)
	at org.apache.catalina.connector.CoyoteAdapter.service(CoyoteAdapter.java:343)
	at org.apache.coyote.http11.Http11Processor.service(Http11Processor.java:374)
	at org.apache.coyote.AbstractProcessorLight.process(AbstractProcessorLight.java:65)
	at org.apache.coyote.AbstractProtocol$ConnectionHandler.process(AbstractProtocol.java:888)
	at org.apache.tomcat.util.net.NioEndpoint$SocketProcessor.doRun(NioEndpoint.java:1597)
	at org.apache.tomcat.util.net.SocketProcessorBase.run(SocketProcessorBase.java:49)
	at java.util.concurrent.ThreadPoolExecutor.runWorker(ThreadPoolExecutor.java:1149)
	at java.util.concurrent.ThreadPoolExecutor$Worker.run(ThreadPoolExecutor.java:624)
	at org.apache.tomcat.util.threads.TaskThread$WrappingRunnable.run(TaskThread.java:61)
	at java.lang.Thread.run(Thread.java:748)
2023-03-07 18:56:49,603 WARN [http-nio-63040-exec-5][AbstractSerializableParameter.java:421] - Illegal DefaultValue null for parameter type integer
java.lang.NumberFormatException: For input string: ""
	at java.lang.NumberFormatException.forInputString(NumberFormatException.java:65)
	at java.lang.Long.parseLong(Long.java:601)
	at java.lang.Long.valueOf(Long.java:803)
	at io.swagger.models.parameters.AbstractSerializableParameter.getExample(AbstractSerializableParameter.java:412)
	at sun.reflect.NativeMethodAccessorImpl.invoke0(Native Method)
	at sun.reflect.NativeMethodAccessorImpl.invoke(NativeMethodAccessorImpl.java:62)
	at sun.reflect.DelegatingMethodAccessorImpl.invoke(DelegatingMethodAccessorImpl.java:43)
	at java.lang.reflect.Method.invoke(Method.java:498)
	at com.fasterxml.jackson.databind.ser.BeanPropertyWriter.serializeAsField(BeanPropertyWriter.java:689)
	at com.fasterxml.jackson.databind.ser.std.BeanSerializerBase.serializeFields(BeanSerializerBase.java:755)
	at com.fasterxml.jackson.databind.ser.BeanSerializer.serialize(BeanSerializer.java:178)
	at com.fasterxml.jackson.databind.ser.impl.IndexedListSerializer.serializeContents(IndexedListSerializer.java:119)
	at com.fasterxml.jackson.databind.ser.impl.IndexedListSerializer.serialize(IndexedListSerializer.java:79)
	at com.fasterxml.jackson.databind.ser.impl.IndexedListSerializer.serialize(IndexedListSerializer.java:18)
	at com.fasterxml.jackson.databind.ser.BeanPropertyWriter.serializeAsField(BeanPropertyWriter.java:728)
	at com.fasterxml.jackson.databind.ser.std.BeanSerializerBase.serializeFields(BeanSerializerBase.java:755)
	at com.fasterxml.jackson.databind.ser.BeanSerializer.serialize(BeanSerializer.java:178)
	at com.fasterxml.jackson.databind.ser.BeanPropertyWriter.serializeAsField(BeanPropertyWriter.java:728)
	at com.fasterxml.jackson.databind.ser.std.BeanSerializerBase.serializeFields(BeanSerializerBase.java:755)
	at com.fasterxml.jackson.databind.ser.BeanSerializer.serialize(BeanSerializer.java:178)
	at com.fasterxml.jackson.databind.ser.std.MapSerializer.serializeFields(MapSerializer.java:726)
	at com.fasterxml.jackson.databind.ser.std.MapSerializer.serializeWithoutTypeInfo(MapSerializer.java:681)
	at com.fasterxml.jackson.databind.ser.std.MapSerializer.serialize(MapSerializer.java:637)
	at com.fasterxml.jackson.databind.ser.std.MapSerializer.serialize(MapSerializer.java:33)
	at com.fasterxml.jackson.databind.ser.BeanPropertyWriter.serializeAsField(BeanPropertyWriter.java:728)
	at com.fasterxml.jackson.databind.ser.std.BeanSerializerBase.serializeFields(BeanSerializerBase.java:755)
	at com.fasterxml.jackson.databind.ser.BeanSerializer.serialize(BeanSerializer.java:178)
	at com.fasterxml.jackson.databind.ser.DefaultSerializerProvider._serialize(DefaultSerializerProvider.java:480)
	at com.fasterxml.jackson.databind.ser.DefaultSerializerProvider.serializeValue(DefaultSerializerProvider.java:319)
	at com.fasterxml.jackson.databind.ObjectMapper._writeValueAndClose(ObjectMapper.java:4409)
	at com.fasterxml.jackson.databind.ObjectMapper.writeValueAsString(ObjectMapper.java:3663)
	at springfox.documentation.spring.web.json.JsonSerializer.toJson(JsonSerializer.java:38)
	at springfox.documentation.swagger2.web.Swagger2Controller.getDocumentation(Swagger2Controller.java:105)
	at sun.reflect.NativeMethodAccessorImpl.invoke0(Native Method)
	at sun.reflect.NativeMethodAccessorImpl.invoke(NativeMethodAccessorImpl.java:62)
	at sun.reflect.DelegatingMethodAccessorImpl.invoke(DelegatingMethodAccessorImpl.java:43)
	at java.lang.reflect.Method.invoke(Method.java:498)
	at org.springframework.web.method.support.InvocableHandlerMethod.doInvoke(InvocableHandlerMethod.java:190)
	at org.springframework.web.method.support.InvocableHandlerMethod.invokeForRequest(InvocableHandlerMethod.java:138)
	at org.springframework.web.servlet.mvc.method.annotation.ServletInvocableHandlerMethod.invokeAndHandle(ServletInvocableHandlerMethod.java:105)
	at org.springframework.web.servlet.mvc.method.annotation.RequestMappingHandlerAdapter.invokeHandlerMethod(RequestMappingHandlerAdapter.java:878)
	at org.springframework.web.servlet.mvc.method.annotation.RequestMappingHandlerAdapter.handleInternal(RequestMappingHandlerAdapter.java:792)
	at org.springframework.web.servlet.mvc.method.AbstractHandlerMethodAdapter.handle(AbstractHandlerMethodAdapter.java:87)
	at org.springframework.web.servlet.DispatcherServlet.doDispatch(DispatcherServlet.java:1040)
	at org.springframework.web.servlet.DispatcherServlet.doService(DispatcherServlet.java:943)
	at org.springframework.web.servlet.FrameworkServlet.processRequest(FrameworkServlet.java:1006)
	at org.springframework.web.servlet.FrameworkServlet.doGet(FrameworkServlet.java:898)
	at javax.servlet.http.HttpServlet.service(HttpServlet.java:626)
	at org.springframework.web.servlet.FrameworkServlet.service(FrameworkServlet.java:883)
	at javax.servlet.http.HttpServlet.service(HttpServlet.java:733)
	at org.apache.catalina.core.ApplicationFilterChain.internalDoFilter(ApplicationFilterChain.java:231)
	at org.apache.catalina.core.ApplicationFilterChain.doFilter(ApplicationFilterChain.java:166)
	at org.apache.tomcat.websocket.server.WsFilter.doFilter(WsFilter.java:53)
	at org.apache.catalina.core.ApplicationFilterChain.internalDoFilter(ApplicationFilterChain.java:193)
	at org.apache.catalina.core.ApplicationFilterChain.doFilter(ApplicationFilterChain.java:166)
	at org.springframework.web.filter.RequestContextFilter.doFilterInternal(RequestContextFilter.java:100)
	at org.springframework.web.filter.OncePerRequestFilter.doFilter(OncePerRequestFilter.java:119)
	at org.apache.catalina.core.ApplicationFilterChain.internalDoFilter(ApplicationFilterChain.java:193)
	at org.apache.catalina.core.ApplicationFilterChain.doFilter(ApplicationFilterChain.java:166)
	at org.springframework.web.filter.FormContentFilter.doFilterInternal(FormContentFilter.java:93)
	at org.springframework.web.filter.OncePerRequestFilter.doFilter(OncePerRequestFilter.java:119)
	at org.apache.catalina.core.ApplicationFilterChain.internalDoFilter(ApplicationFilterChain.java:193)
	at org.apache.catalina.core.ApplicationFilterChain.doFilter(ApplicationFilterChain.java:166)
	at org.springframework.web.filter.CharacterEncodingFilter.doFilterInternal(CharacterEncodingFilter.java:201)
	at org.springframework.web.filter.OncePerRequestFilter.doFilter(OncePerRequestFilter.java:119)
	at org.apache.catalina.core.ApplicationFilterChain.internalDoFilter(ApplicationFilterChain.java:193)
	at org.apache.catalina.core.ApplicationFilterChain.doFilter(ApplicationFilterChain.java:166)
	at org.apache.catalina.core.StandardWrapperValve.invoke(StandardWrapperValve.java:202)
	at org.apache.catalina.core.StandardContextValve.invoke(StandardContextValve.java:97)
	at org.apache.catalina.authenticator.AuthenticatorBase.invoke(AuthenticatorBase.java:542)
	at org.apache.catalina.core.StandardHostValve.invoke(StandardHostValve.java:143)
	at org.apache.catalina.valves.ErrorReportValve.invoke(ErrorReportValve.java:92)
	at org.apache.catalina.core.StandardEngineValve.invoke(StandardEngineValve.java:78)
	at org.apache.catalina.connector.CoyoteAdapter.service(CoyoteAdapter.java:343)
	at org.apache.coyote.http11.Http11Processor.service(Http11Processor.java:374)
	at org.apache.coyote.AbstractProcessorLight.process(AbstractProcessorLight.java:65)
	at org.apache.coyote.AbstractProtocol$ConnectionHandler.process(AbstractProtocol.java:888)
	at org.apache.tomcat.util.net.NioEndpoint$SocketProcessor.doRun(NioEndpoint.java:1597)
	at org.apache.tomcat.util.net.SocketProcessorBase.run(SocketProcessorBase.java:49)
	at java.util.concurrent.ThreadPoolExecutor.runWorker(ThreadPoolExecutor.java:1149)
	at java.util.concurrent.ThreadPoolExecutor$Worker.run(ThreadPoolExecutor.java:624)
	at org.apache.tomcat.util.threads.TaskThread$WrappingRunnable.run(TaskThread.java:61)
	at java.lang.Thread.run(Thread.java:748)
2023-03-07 18:57:07,143 DEBUG [http-nio-63040-exec-7][HikariConfig.java:1066] - HikariPool-1 - configuration:
2023-03-07 18:57:07,143 DEBUG [http-nio-63040-exec-7][HikariConfig.java:1066] - HikariPool-1 - configuration:
2023-03-07 18:57:07,143 DEBUG [http-nio-63040-exec-7][HikariConfig.java:1098] - allowPoolSuspension.............false
2023-03-07 18:57:07,143 DEBUG [http-nio-63040-exec-7][HikariConfig.java:1098] - allowPoolSuspension.............false
2023-03-07 18:57:07,143 DEBUG [http-nio-63040-exec-7][HikariConfig.java:1098] - autoCommit......................true
2023-03-07 18:57:07,143 DEBUG [http-nio-63040-exec-7][HikariConfig.java:1098] - autoCommit......................true
2023-03-07 18:57:07,143 DEBUG [http-nio-63040-exec-7][HikariConfig.java:1098] - catalog.........................none
2023-03-07 18:57:07,143 DEBUG [http-nio-63040-exec-7][HikariConfig.java:1098] - catalog.........................none
2023-03-07 18:57:07,143 DEBUG [http-nio-63040-exec-7][HikariConfig.java:1098] - connectionInitSql...............none
2023-03-07 18:57:07,143 DEBUG [http-nio-63040-exec-7][HikariConfig.java:1098] - connectionInitSql...............none
2023-03-07 18:57:07,143 DEBUG [http-nio-63040-exec-7][HikariConfig.java:1098] - connectionTestQuery.............none
2023-03-07 18:57:07,143 DEBUG [http-nio-63040-exec-7][HikariConfig.java:1098] - connectionTestQuery.............none
2023-03-07 18:57:07,158 DEBUG [http-nio-63040-exec-7][HikariConfig.java:1098] - connectionTimeout...............30000
2023-03-07 18:57:07,158 DEBUG [http-nio-63040-exec-7][HikariConfig.java:1098] - connectionTimeout...............30000
2023-03-07 18:57:07,158 DEBUG [http-nio-63040-exec-7][HikariConfig.java:1098] - dataSource......................none
2023-03-07 18:57:07,158 DEBUG [http-nio-63040-exec-7][HikariConfig.java:1098] - dataSource......................none
2023-03-07 18:57:07,158 DEBUG [http-nio-63040-exec-7][HikariConfig.java:1098] - dataSourceClassName.............none
2023-03-07 18:57:07,158 DEBUG [http-nio-63040-exec-7][HikariConfig.java:1098] - dataSourceClassName.............none
2023-03-07 18:57:07,158 DEBUG [http-nio-63040-exec-7][HikariConfig.java:1098] - dataSourceJNDI..................none
2023-03-07 18:57:07,158 DEBUG [http-nio-63040-exec-7][HikariConfig.java:1098] - dataSourceJNDI..................none
2023-03-07 18:57:07,158 DEBUG [http-nio-63040-exec-7][HikariConfig.java:1098] - dataSourceProperties............{password=<masked>}
2023-03-07 18:57:07,158 DEBUG [http-nio-63040-exec-7][HikariConfig.java:1098] - dataSourceProperties............{password=<masked>}
2023-03-07 18:57:07,160 DEBUG [http-nio-63040-exec-7][HikariConfig.java:1098] - driverClassName................."com.mysql.cj.jdbc.Driver"
2023-03-07 18:57:07,160 DEBUG [http-nio-63040-exec-7][HikariConfig.java:1098] - driverClassName................."com.mysql.cj.jdbc.Driver"
2023-03-07 18:57:07,160 DEBUG [http-nio-63040-exec-7][HikariConfig.java:1098] - exceptionOverrideClassName......none
2023-03-07 18:57:07,160 DEBUG [http-nio-63040-exec-7][HikariConfig.java:1098] - exceptionOverrideClassName......none
2023-03-07 18:57:07,160 DEBUG [http-nio-63040-exec-7][HikariConfig.java:1098] - healthCheckProperties...........{}
2023-03-07 18:57:07,160 DEBUG [http-nio-63040-exec-7][HikariConfig.java:1098] - healthCheckProperties...........{}
2023-03-07 18:57:07,161 DEBUG [http-nio-63040-exec-7][HikariConfig.java:1098] - healthCheckRegistry.............none
2023-03-07 18:57:07,161 DEBUG [http-nio-63040-exec-7][HikariConfig.java:1098] - healthCheckRegistry.............none
2023-03-07 18:57:07,162 DEBUG [http-nio-63040-exec-7][HikariConfig.java:1098] - idleTimeout.....................600000
2023-03-07 18:57:07,162 DEBUG [http-nio-63040-exec-7][HikariConfig.java:1098] - idleTimeout.....................600000
2023-03-07 18:57:07,162 DEBUG [http-nio-63040-exec-7][HikariConfig.java:1098] - initializationFailTimeout.......1
2023-03-07 18:57:07,162 DEBUG [http-nio-63040-exec-7][HikariConfig.java:1098] - initializationFailTimeout.......1
2023-03-07 18:57:07,163 DEBUG [http-nio-63040-exec-7][HikariConfig.java:1098] - isolateInternalQueries..........false
2023-03-07 18:57:07,163 DEBUG [http-nio-63040-exec-7][HikariConfig.java:1098] - isolateInternalQueries..........false
2023-03-07 18:57:07,163 DEBUG [http-nio-63040-exec-7][HikariConfig.java:1098] - jdbcUrl.........................jdbc:mysql://localhost:3306/xc148_content?serverTimezone=UTC&userUnicode=true&useSSL=false&
2023-03-07 18:57:07,163 DEBUG [http-nio-63040-exec-7][HikariConfig.java:1098] - jdbcUrl.........................jdbc:mysql://localhost:3306/xc148_content?serverTimezone=UTC&userUnicode=true&useSSL=false&
2023-03-07 18:57:07,163 DEBUG [http-nio-63040-exec-7][HikariConfig.java:1098] - leakDetectionThreshold..........0
2023-03-07 18:57:07,163 DEBUG [http-nio-63040-exec-7][HikariConfig.java:1098] - leakDetectionThreshold..........0
2023-03-07 18:57:07,164 DEBUG [http-nio-63040-exec-7][HikariConfig.java:1098] - maxLifetime.....................1800000
2023-03-07 18:57:07,164 DEBUG [http-nio-63040-exec-7][HikariConfig.java:1098] - maxLifetime.....................1800000
2023-03-07 18:57:07,164 DEBUG [http-nio-63040-exec-7][HikariConfig.java:1098] - maximumPoolSize.................10
2023-03-07 18:57:07,164 DEBUG [http-nio-63040-exec-7][HikariConfig.java:1098] - maximumPoolSize.................10
2023-03-07 18:57:07,164 DEBUG [http-nio-63040-exec-7][HikariConfig.java:1098] - metricRegistry..................none
2023-03-07 18:57:07,164 DEBUG [http-nio-63040-exec-7][HikariConfig.java:1098] - metricRegistry..................none
2023-03-07 18:57:07,164 DEBUG [http-nio-63040-exec-7][HikariConfig.java:1098] - metricsTrackerFactory...........none
2023-03-07 18:57:07,164 DEBUG [http-nio-63040-exec-7][HikariConfig.java:1098] - metricsTrackerFactory...........none
2023-03-07 18:57:07,164 DEBUG [http-nio-63040-exec-7][HikariConfig.java:1098] - minimumIdle.....................10
2023-03-07 18:57:07,164 DEBUG [http-nio-63040-exec-7][HikariConfig.java:1098] - minimumIdle.....................10
2023-03-07 18:57:07,164 DEBUG [http-nio-63040-exec-7][HikariConfig.java:1098] - password........................<masked>
2023-03-07 18:57:07,164 DEBUG [http-nio-63040-exec-7][HikariConfig.java:1098] - password........................<masked>
2023-03-07 18:57:07,164 DEBUG [http-nio-63040-exec-7][HikariConfig.java:1098] - poolName........................"HikariPool-1"
2023-03-07 18:57:07,164 DEBUG [http-nio-63040-exec-7][HikariConfig.java:1098] - poolName........................"HikariPool-1"
2023-03-07 18:57:07,164 DEBUG [http-nio-63040-exec-7][HikariConfig.java:1098] - readOnly........................false
2023-03-07 18:57:07,164 DEBUG [http-nio-63040-exec-7][HikariConfig.java:1098] - readOnly........................false
2023-03-07 18:57:07,164 DEBUG [http-nio-63040-exec-7][HikariConfig.java:1098] - registerMbeans..................false
2023-03-07 18:57:07,164 DEBUG [http-nio-63040-exec-7][HikariConfig.java:1098] - registerMbeans..................false
2023-03-07 18:57:07,164 DEBUG [http-nio-63040-exec-7][HikariConfig.java:1098] - scheduledExecutor...............none
2023-03-07 18:57:07,164 DEBUG [http-nio-63040-exec-7][HikariConfig.java:1098] - scheduledExecutor...............none
2023-03-07 18:57:07,164 DEBUG [http-nio-63040-exec-7][HikariConfig.java:1098] - schema..........................none
2023-03-07 18:57:07,164 DEBUG [http-nio-63040-exec-7][HikariConfig.java:1098] - schema..........................none
2023-03-07 18:57:07,164 DEBUG [http-nio-63040-exec-7][HikariConfig.java:1098] - threadFactory...................internal
2023-03-07 18:57:07,164 DEBUG [http-nio-63040-exec-7][HikariConfig.java:1098] - threadFactory...................internal
2023-03-07 18:57:07,164 DEBUG [http-nio-63040-exec-7][HikariConfig.java:1098] - transactionIsolation............default
2023-03-07 18:57:07,164 DEBUG [http-nio-63040-exec-7][HikariConfig.java:1098] - transactionIsolation............default
2023-03-07 18:57:07,164 DEBUG [http-nio-63040-exec-7][HikariConfig.java:1098] - username........................"root"
2023-03-07 18:57:07,164 DEBUG [http-nio-63040-exec-7][HikariConfig.java:1098] - username........................"root"
2023-03-07 18:57:07,164 DEBUG [http-nio-63040-exec-7][HikariConfig.java:1098] - validationTimeout...............5000
2023-03-07 18:57:07,164 DEBUG [http-nio-63040-exec-7][HikariConfig.java:1098] - validationTimeout...............5000
2023-03-07 18:57:07,164 INFO [http-nio-63040-exec-7][HikariDataSource.java:110] - HikariPool-1 - Starting...
2023-03-07 18:57:07,164 INFO [http-nio-63040-exec-7][HikariDataSource.java:110] - HikariPool-1 - Starting...
2023-03-07 18:57:07,264 DEBUG [http-nio-63040-exec-7][HikariPool.java:564] - HikariPool-1 - Added connection com.mysql.cj.jdbc.ConnectionImpl@55135d9f
2023-03-07 18:57:07,264 DEBUG [http-nio-63040-exec-7][HikariPool.java:564] - HikariPool-1 - Added connection com.mysql.cj.jdbc.ConnectionImpl@55135d9f
2023-03-07 18:57:07,264 INFO [http-nio-63040-exec-7][HikariDataSource.java:123] - HikariPool-1 - Start completed.
2023-03-07 18:57:07,264 INFO [http-nio-63040-exec-7][HikariDataSource.java:123] - HikariPool-1 - Start completed.
2023-03-07 18:57:07,264 DEBUG [http-nio-63040-exec-7][BaseJdbcLogger.java:137] - ==>  Preparing: SELECT id,company_id,company_name,name,users,tags,mt,st,grade,teachmode,description,pic,create_date,change_date,create_people,change_people,audit_status,status FROM course_base WHERE id=?
2023-03-07 18:57:07,264 DEBUG [http-nio-63040-exec-7][BaseJdbcLogger.java:137] - ==>  Preparing: SELECT id,company_id,company_name,name,users,tags,mt,st,grade,teachmode,description,pic,create_date,change_date,create_people,change_people,audit_status,status FROM course_base WHERE id=?
2023-03-07 18:57:07,284 DEBUG [http-nio-63040-exec-7][BaseJdbcLogger.java:137] - ==> Parameters: 118(Long)
2023-03-07 18:57:07,284 DEBUG [http-nio-63040-exec-7][BaseJdbcLogger.java:137] - ==> Parameters: 118(Long)
2023-03-07 18:57:07,305 DEBUG [http-nio-63040-exec-7][BaseJdbcLogger.java:137] - <==      Total: 1
2023-03-07 18:57:07,305 DEBUG [http-nio-63040-exec-7][BaseJdbcLogger.java:137] - <==      Total: 1
2023-03-07 18:57:07,305 DEBUG [http-nio-63040-exec-7][BaseJdbcLogger.java:137] - ==>  Preparing: SELECT id,charge,price,original_price,qq,wechat,phone,valid_days FROM course_market WHERE id=?
2023-03-07 18:57:07,305 DEBUG [http-nio-63040-exec-7][BaseJdbcLogger.java:137] - ==>  Preparing: SELECT id,charge,price,original_price,qq,wechat,phone,valid_days FROM course_market WHERE id=?
2023-03-07 18:57:07,305 DEBUG [http-nio-63040-exec-7][BaseJdbcLogger.java:137] - ==> Parameters: 118(Long)
2023-03-07 18:57:07,305 DEBUG [http-nio-63040-exec-7][BaseJdbcLogger.java:137] - ==> Parameters: 118(Long)
2023-03-07 18:57:07,321 DEBUG [http-nio-63040-exec-7][BaseJdbcLogger.java:137] - <==      Total: 1
2023-03-07 18:57:07,321 DEBUG [http-nio-63040-exec-7][BaseJdbcLogger.java:137] - <==      Total: 1
2023-03-07 18:57:07,345 DEBUG [http-nio-63040-exec-7][BaseJdbcLogger.java:137] - ==>  Preparing: SELECT id,name,label,parentid,is_show,orderby,is_leaf FROM course_category WHERE id=?
2023-03-07 18:57:07,345 DEBUG [http-nio-63040-exec-7][BaseJdbcLogger.java:137] - ==>  Preparing: SELECT id,name,label,parentid,is_show,orderby,is_leaf FROM course_category WHERE id=?
2023-03-07 18:57:07,345 DEBUG [http-nio-63040-exec-7][BaseJdbcLogger.java:137] - ==> Parameters: 1-9(String)
2023-03-07 18:57:07,345 DEBUG [http-nio-63040-exec-7][BaseJdbcLogger.java:137] - ==> Parameters: 1-9(String)
2023-03-07 18:57:07,345 DEBUG [http-nio-63040-exec-7][BaseJdbcLogger.java:137] - <==      Total: 1
2023-03-07 18:57:07,345 DEBUG [http-nio-63040-exec-7][BaseJdbcLogger.java:137] - <==      Total: 1
2023-03-07 18:57:07,345 DEBUG [http-nio-63040-exec-7][BaseJdbcLogger.java:137] - ==>  Preparing: SELECT id,name,label,parentid,is_show,orderby,is_leaf FROM course_category WHERE id=?
2023-03-07 18:57:07,345 DEBUG [http-nio-63040-exec-7][BaseJdbcLogger.java:137] - ==>  Preparing: SELECT id,name,label,parentid,is_show,orderby,is_leaf FROM course_category WHERE id=?
2023-03-07 18:57:07,345 DEBUG [http-nio-63040-exec-7][BaseJdbcLogger.java:137] - ==> Parameters: 1-9-2(String)
2023-03-07 18:57:07,345 DEBUG [http-nio-63040-exec-7][BaseJdbcLogger.java:137] - ==> Parameters: 1-9-2(String)
2023-03-07 18:57:07,361 DEBUG [http-nio-63040-exec-7][BaseJdbcLogger.java:137] - <==      Total: 1
2023-03-07 18:57:07,361 DEBUG [http-nio-63040-exec-7][BaseJdbcLogger.java:137] - <==      Total: 1
2023-03-07 18:57:07,380 DEBUG [HikariPool-1 housekeeper][HikariPool.java:421] - HikariPool-1 - Pool stats (total=1, active=0, idle=1, waiting=0)
2023-03-07 18:57:07,380 DEBUG [HikariPool-1 housekeeper][HikariPool.java:421] - HikariPool-1 - Pool stats (total=1, active=0, idle=1, waiting=0)
2023-03-07 18:57:07,386 DEBUG [HikariPool-1 connection adder][HikariPool.java:728] - HikariPool-1 - Added connection com.mysql.cj.jdbc.ConnectionImpl@7cebe193
2023-03-07 18:57:07,386 DEBUG [HikariPool-1 connection adder][HikariPool.java:728] - HikariPool-1 - Added connection com.mysql.cj.jdbc.ConnectionImpl@7cebe193
2023-03-07 18:57:07,390 DEBUG [HikariPool-1 connection adder][HikariPool.java:728] - HikariPool-1 - Added connection com.mysql.cj.jdbc.ConnectionImpl@3dd6eba8
2023-03-07 18:57:07,390 DEBUG [HikariPool-1 connection adder][HikariPool.java:728] - HikariPool-1 - Added connection com.mysql.cj.jdbc.ConnectionImpl@3dd6eba8
2023-03-07 18:57:07,393 DEBUG [HikariPool-1 connection adder][HikariPool.java:728] - HikariPool-1 - Added connection com.mysql.cj.jdbc.ConnectionImpl@ca17783
2023-03-07 18:57:07,393 DEBUG [HikariPool-1 connection adder][HikariPool.java:728] - HikariPool-1 - Added connection com.mysql.cj.jdbc.ConnectionImpl@ca17783
2023-03-07 18:57:07,397 DEBUG [HikariPool-1 connection adder][HikariPool.java:728] - HikariPool-1 - Added connection com.mysql.cj.jdbc.ConnectionImpl@5df914e7
2023-03-07 18:57:07,397 DEBUG [HikariPool-1 connection adder][HikariPool.java:728] - HikariPool-1 - Added connection com.mysql.cj.jdbc.ConnectionImpl@5df914e7
2023-03-07 18:57:07,401 DEBUG [HikariPool-1 connection adder][HikariPool.java:728] - HikariPool-1 - Added connection com.mysql.cj.jdbc.ConnectionImpl@5a62235a
2023-03-07 18:57:07,401 DEBUG [HikariPool-1 connection adder][HikariPool.java:728] - HikariPool-1 - Added connection com.mysql.cj.jdbc.ConnectionImpl@5a62235a
2023-03-07 18:57:07,404 DEBUG [HikariPool-1 connection adder][HikariPool.java:728] - HikariPool-1 - Added connection com.mysql.cj.jdbc.ConnectionImpl@59b7adbf
2023-03-07 18:57:07,404 DEBUG [HikariPool-1 connection adder][HikariPool.java:728] - HikariPool-1 - Added connection com.mysql.cj.jdbc.ConnectionImpl@59b7adbf
2023-03-07 18:57:07,408 DEBUG [HikariPool-1 connection adder][HikariPool.java:728] - HikariPool-1 - Added connection com.mysql.cj.jdbc.ConnectionImpl@2752cb28
2023-03-07 18:57:07,408 DEBUG [HikariPool-1 connection adder][HikariPool.java:728] - HikariPool-1 - Added connection com.mysql.cj.jdbc.ConnectionImpl@2752cb28
2023-03-07 18:57:07,412 DEBUG [HikariPool-1 connection adder][HikariPool.java:728] - HikariPool-1 - Added connection com.mysql.cj.jdbc.ConnectionImpl@14ab0db
2023-03-07 18:57:07,412 DEBUG [HikariPool-1 connection adder][HikariPool.java:728] - HikariPool-1 - Added connection com.mysql.cj.jdbc.ConnectionImpl@14ab0db
2023-03-07 18:57:07,416 DEBUG [HikariPool-1 connection adder][HikariPool.java:728] - HikariPool-1 - Added connection com.mysql.cj.jdbc.ConnectionImpl@252939ff
2023-03-07 18:57:07,416 DEBUG [HikariPool-1 connection adder][HikariPool.java:728] - HikariPool-1 - Added connection com.mysql.cj.jdbc.ConnectionImpl@252939ff
2023-03-07 18:57:07,416 DEBUG [HikariPool-1 connection adder][HikariPool.java:421] - HikariPool-1 - After adding stats (total=10, active=0, idle=10, waiting=0)
2023-03-07 18:57:07,416 DEBUG [HikariPool-1 connection adder][HikariPool.java:421] - HikariPool-1 - After adding stats (total=10, active=0, idle=10, waiting=0)
2023-03-07 18:57:37,382 DEBUG [HikariPool-1 housekeeper][HikariPool.java:421] - HikariPool-1 - Pool stats (total=10, active=0, idle=10, waiting=0)
2023-03-07 18:57:37,382 DEBUG [HikariPool-1 housekeeper][HikariPool.java:421] - HikariPool-1 - Pool stats (total=10, active=0, idle=10, waiting=0)
2023-03-07 18:57:37,382 DEBUG [HikariPool-1 housekeeper][HikariPool.java:517] - HikariPool-1 - Fill pool skipped, pool is at sufficient level.
2023-03-07 18:57:37,382 DEBUG [HikariPool-1 housekeeper][HikariPool.java:517] - HikariPool-1 - Fill pool skipped, pool is at sufficient level.
2023-03-07 18:58:07,383 DEBUG [HikariPool-1 housekeeper][HikariPool.java:421] - HikariPool-1 - Pool stats (total=10, active=0, idle=10, waiting=0)
2023-03-07 18:58:07,383 DEBUG [HikariPool-1 housekeeper][HikariPool.java:421] - HikariPool-1 - Pool stats (total=10, active=0, idle=10, waiting=0)
2023-03-07 18:58:07,383 DEBUG [HikariPool-1 housekeeper][HikariPool.java:517] - HikariPool-1 - Fill pool skipped, pool is at sufficient level.
2023-03-07 18:58:07,383 DEBUG [HikariPool-1 housekeeper][HikariPool.java:517] - HikariPool-1 - Fill pool skipped, pool is at sufficient level.
2023-03-07 18:58:37,399 DEBUG [HikariPool-1 housekeeper][HikariPool.java:421] - HikariPool-1 - Pool stats (total=10, active=0, idle=10, waiting=0)
2023-03-07 18:58:37,399 DEBUG [HikariPool-1 housekeeper][HikariPool.java:421] - HikariPool-1 - Pool stats (total=10, active=0, idle=10, waiting=0)
2023-03-07 18:58:37,399 DEBUG [HikariPool-1 housekeeper][HikariPool.java:517] - HikariPool-1 - Fill pool skipped, pool is at sufficient level.
2023-03-07 18:58:37,399 DEBUG [HikariPool-1 housekeeper][HikariPool.java:517] - HikariPool-1 - Fill pool skipped, pool is at sufficient level.
2023-03-07 18:59:07,403 DEBUG [HikariPool-1 housekeeper][HikariPool.java:421] - HikariPool-1 - Pool stats (total=10, active=0, idle=10, waiting=0)
2023-03-07 18:59:07,403 DEBUG [HikariPool-1 housekeeper][HikariPool.java:421] - HikariPool-1 - Pool stats (total=10, active=0, idle=10, waiting=0)
2023-03-07 18:59:07,403 DEBUG [HikariPool-1 housekeeper][HikariPool.java:517] - HikariPool-1 - Fill pool skipped, pool is at sufficient level.
2023-03-07 18:59:07,403 DEBUG [HikariPool-1 housekeeper][HikariPool.java:517] - HikariPool-1 - Fill pool skipped, pool is at sufficient level.
2023-03-07 18:59:37,409 DEBUG [HikariPool-1 housekeeper][HikariPool.java:421] - HikariPool-1 - Pool stats (total=10, active=0, idle=10, waiting=0)
2023-03-07 18:59:37,409 DEBUG [HikariPool-1 housekeeper][HikariPool.java:421] - HikariPool-1 - Pool stats (total=10, active=0, idle=10, waiting=0)
2023-03-07 18:59:37,409 DEBUG [HikariPool-1 housekeeper][HikariPool.java:517] - HikariPool-1 - Fill pool skipped, pool is at sufficient level.
2023-03-07 18:59:37,409 DEBUG [HikariPool-1 housekeeper][HikariPool.java:517] - HikariPool-1 - Fill pool skipped, pool is at sufficient level.
