2023-03-07 12:27:19,058 DEBUG [background-preinit][LoggerProviders.java:152] - Logging Provider: org.jboss.logging.Log4j2LoggerProvider
2023-03-07 12:27:19,058 DEBUG [background-preinit][LoggerProviders.java:152] - Logging Provider: org.jboss.logging.Log4j2LoggerProvider
2023-03-07 12:27:19,077 INFO [background-preinit][Version.java:21] - HV000001: Hibernate Validator 6.1.6.Final
2023-03-07 12:27:19,077 INFO [background-preinit][Version.java:21] - HV000001: Hibernate Validator 6.1.6.Final
2023-03-07 12:27:19,087 DEBUG [background-preinit][ValidationXmlParser.java:120] - Trying to load META-INF/validation.xml for XML based Validator configuration.
2023-03-07 12:27:19,087 DEBUG [background-preinit][ValidationXmlParser.java:120] - Trying to load META-INF/validation.xml for XML based Validator configuration.
2023-03-07 12:27:19,089 DEBUG [background-preinit][ResourceLoaderHelper.java:60] - Trying to load META-INF/validation.xml via TCCL
2023-03-07 12:27:19,089 DEBUG [background-preinit][ResourceLoaderHelper.java:60] - Trying to load META-INF/validation.xml via TCCL
2023-03-07 12:27:19,089 DEBUG [background-preinit][ResourceLoaderHelper.java:66] - Trying to load META-INF/validation.xml via Hibernate Validator's class loader
2023-03-07 12:27:19,089 DEBUG [background-preinit][ResourceLoaderHelper.java:66] - Trying to load META-INF/validation.xml via Hibernate Validator's class loader
2023-03-07 12:27:19,089 DEBUG [background-preinit][ValidationXmlParser.java:127] - No META-INF/validation.xml found. Using annotation based configuration only.
2023-03-07 12:27:19,089 DEBUG [background-preinit][ValidationXmlParser.java:127] - No META-INF/validation.xml found. Using annotation based configuration only.
2023-03-07 12:27:19,094 DEBUG [background-preinit][TraversableResolvers.java:60] - Cannot find javax.persistence.Persistence on classpath. Assuming non JPA 2 environment. All properties will per default be traversable.
2023-03-07 12:27:19,094 DEBUG [background-preinit][TraversableResolvers.java:60] - Cannot find javax.persistence.Persistence on classpath. Assuming non JPA 2 environment. All properties will per default be traversable.
2023-03-07 12:27:19,121 DEBUG [background-preinit][ResourceBundleMessageInterpolator.java:172] - Loaded expression factory via original TCCL
2023-03-07 12:27:19,121 DEBUG [background-preinit][ResourceBundleMessageInterpolator.java:172] - Loaded expression factory via original TCCL
2023-03-07 12:27:19,295 DEBUG [background-preinit][ValidatorFactoryConfigurationHelper.java:300] - HV000252: Using org.hibernate.validator.internal.engine.DefaultPropertyNodeNameProvider as property node name provider.
2023-03-07 12:27:19,295 DEBUG [background-preinit][ValidatorFactoryConfigurationHelper.java:300] - HV000252: Using org.hibernate.validator.internal.engine.DefaultPropertyNodeNameProvider as property node name provider.
2023-03-07 12:27:19,301 DEBUG [background-preinit][ValidatorFactoryConfigurationHelper.java:375] - HV000234: Using org.hibernate.validator.messageinterpolation.ResourceBundleMessageInterpolator as ValidatorFactory-scoped message interpolator.
2023-03-07 12:27:19,301 DEBUG [background-preinit][ValidatorFactoryConfigurationHelper.java:375] - HV000234: Using org.hibernate.validator.messageinterpolation.ResourceBundleMessageInterpolator as ValidatorFactory-scoped message interpolator.
2023-03-07 12:27:19,302 DEBUG [background-preinit][ValidatorFactoryConfigurationHelper.java:376] - HV000234: Using org.hibernate.validator.internal.engine.resolver.TraverseAllTraversableResolver as ValidatorFactory-scoped traversable resolver.
2023-03-07 12:27:19,302 DEBUG [background-preinit][ValidatorFactoryConfigurationHelper.java:376] - HV000234: Using org.hibernate.validator.internal.engine.resolver.TraverseAllTraversableResolver as ValidatorFactory-scoped traversable resolver.
2023-03-07 12:27:19,302 DEBUG [background-preinit][ValidatorFactoryConfigurationHelper.java:377] - HV000234: Using org.hibernate.validator.internal.util.ExecutableParameterNameProvider as ValidatorFactory-scoped parameter name provider.
2023-03-07 12:27:19,302 DEBUG [background-preinit][ValidatorFactoryConfigurationHelper.java:377] - HV000234: Using org.hibernate.validator.internal.util.ExecutableParameterNameProvider as ValidatorFactory-scoped parameter name provider.
2023-03-07 12:27:19,302 DEBUG [background-preinit][ValidatorFactoryConfigurationHelper.java:378] - HV000234: Using org.hibernate.validator.internal.engine.DefaultClockProvider as ValidatorFactory-scoped clock provider.
2023-03-07 12:27:19,302 DEBUG [background-preinit][ValidatorFactoryConfigurationHelper.java:378] - HV000234: Using org.hibernate.validator.internal.engine.DefaultClockProvider as ValidatorFactory-scoped clock provider.
2023-03-07 12:27:19,302 DEBUG [background-preinit][ValidatorFactoryConfigurationHelper.java:379] - HV000234: Using org.hibernate.validator.internal.engine.scripting.DefaultScriptEvaluatorFactory as ValidatorFactory-scoped script evaluator factory.
2023-03-07 12:27:19,302 DEBUG [background-preinit][ValidatorFactoryConfigurationHelper.java:379] - HV000234: Using org.hibernate.validator.internal.engine.scripting.DefaultScriptEvaluatorFactory as ValidatorFactory-scoped script evaluator factory.
2023-03-07 12:27:19,509 INFO [main][SpringApplication.java:651] - No active profile set, falling back to default profiles: default
2023-03-07 12:27:19,509 INFO [main][SpringApplication.java:651] - No active profile set, falling back to default profiles: default
2023-03-07 12:27:20,150 DEBUG [main][LogFactory.java:105] - Logging initialized using 'class org.apache.ibatis.logging.slf4j.Slf4jImpl' adapter.
2023-03-07 12:27:20,150 DEBUG [main][LogFactory.java:105] - Logging initialized using 'class org.apache.ibatis.logging.slf4j.Slf4jImpl' adapter.
2023-03-07 12:27:20,209 INFO [main][GenericScope.java:295] - BeanFactory id=23566cd9-4f25-3376-82d3-d725b6381fae
2023-03-07 12:27:20,209 INFO [main][GenericScope.java:295] - BeanFactory id=23566cd9-4f25-3376-82d3-d725b6381fae
2023-03-07 12:27:20,435 INFO [main][TomcatWebServer.java:108] - Tomcat initialized with port(s): 63040 (http)
2023-03-07 12:27:20,435 INFO [main][TomcatWebServer.java:108] - Tomcat initialized with port(s): 63040 (http)
2023-03-07 12:27:20,443 INFO [main][DirectJDKLog.java:173] - Initializing ProtocolHandler ["http-nio-63040"]
2023-03-07 12:27:20,443 INFO [main][DirectJDKLog.java:173] - Initializing ProtocolHandler ["http-nio-63040"]
2023-03-07 12:27:20,443 INFO [main][DirectJDKLog.java:173] - Starting service [Tomcat]
2023-03-07 12:27:20,443 INFO [main][DirectJDKLog.java:173] - Starting service [Tomcat]
2023-03-07 12:27:20,443 INFO [main][DirectJDKLog.java:173] - Starting Servlet engine: [Apache Tomcat/9.0.41]
2023-03-07 12:27:20,443 INFO [main][DirectJDKLog.java:173] - Starting Servlet engine: [Apache Tomcat/9.0.41]
2023-03-07 12:27:20,512 INFO [main][DirectJDKLog.java:173] - Initializing Spring embedded WebApplicationContext
2023-03-07 12:27:20,512 INFO [main][DirectJDKLog.java:173] - Initializing Spring embedded WebApplicationContext
2023-03-07 12:27:20,512 INFO [main][ServletWebServerApplicationContext.java:285] - Root WebApplicationContext: initialization completed in 989 ms
2023-03-07 12:27:20,512 INFO [main][ServletWebServerApplicationContext.java:285] - Root WebApplicationContext: initialization completed in 989 ms
2023-03-07 12:27:20,657 DEBUG [main][HikariConfig.java:946] - Driver class com.mysql.cj.jdbc.Driver found in Thread context class loader sun.misc.Launcher$AppClassLoader@18b4aac2
2023-03-07 12:27:20,657 DEBUG [main][HikariConfig.java:946] - Driver class com.mysql.cj.jdbc.Driver found in Thread context class loader sun.misc.Launcher$AppClassLoader@18b4aac2
2023-03-07 12:27:20,709 DEBUG [main][Logger.java:49] - Registered plugin: 'com.baomidou.mybatisplus.extension.plugins.MybatisPlusInterceptor@6540cf1d'
2023-03-07 12:27:20,709 DEBUG [main][Logger.java:49] - Registered plugin: 'com.baomidou.mybatisplus.extension.plugins.MybatisPlusInterceptor@6540cf1d'
2023-03-07 12:27:20,710 DEBUG [main][Logger.java:49] - Property 'mapperLocations' was not specified.
2023-03-07 12:27:20,710 DEBUG [main][Logger.java:49] - Property 'mapperLocations' was not specified.
2023-03-07 12:27:21,291 DEBUG [main][MybatisConfiguration.java:128] - addMappedStatement: com.study.content.mapper.CourseBaseMapper.insert
2023-03-07 12:27:21,291 DEBUG [main][MybatisConfiguration.java:128] - addMappedStatement: com.study.content.mapper.CourseBaseMapper.insert
2023-03-07 12:27:21,295 DEBUG [main][MybatisConfiguration.java:128] - addMappedStatement: com.study.content.mapper.CourseBaseMapper.delete
2023-03-07 12:27:21,295 DEBUG [main][MybatisConfiguration.java:128] - addMappedStatement: com.study.content.mapper.CourseBaseMapper.delete
2023-03-07 12:27:21,297 DEBUG [main][MybatisConfiguration.java:128] - addMappedStatement: com.study.content.mapper.CourseBaseMapper.deleteByMap
2023-03-07 12:27:21,297 DEBUG [main][MybatisConfiguration.java:128] - addMappedStatement: com.study.content.mapper.CourseBaseMapper.deleteByMap
2023-03-07 12:27:21,313 DEBUG [main][MybatisConfiguration.java:128] - addMappedStatement: com.study.content.mapper.CourseBaseMapper.deleteById
2023-03-07 12:27:21,313 DEBUG [main][MybatisConfiguration.java:128] - addMappedStatement: com.study.content.mapper.CourseBaseMapper.deleteById
2023-03-07 12:27:21,314 DEBUG [main][MybatisConfiguration.java:128] - addMappedStatement: com.study.content.mapper.CourseBaseMapper.deleteBatchIds
2023-03-07 12:27:21,314 DEBUG [main][MybatisConfiguration.java:128] - addMappedStatement: com.study.content.mapper.CourseBaseMapper.deleteBatchIds
2023-03-07 12:27:21,318 DEBUG [main][MybatisConfiguration.java:128] - addMappedStatement: com.study.content.mapper.CourseBaseMapper.update
2023-03-07 12:27:21,318 DEBUG [main][MybatisConfiguration.java:128] - addMappedStatement: com.study.content.mapper.CourseBaseMapper.update
2023-03-07 12:27:21,320 DEBUG [main][MybatisConfiguration.java:128] - addMappedStatement: com.study.content.mapper.CourseBaseMapper.updateById
2023-03-07 12:27:21,320 DEBUG [main][MybatisConfiguration.java:128] - addMappedStatement: com.study.content.mapper.CourseBaseMapper.updateById
2023-03-07 12:27:21,321 DEBUG [main][MybatisConfiguration.java:128] - addMappedStatement: com.study.content.mapper.CourseBaseMapper.selectById
2023-03-07 12:27:21,321 DEBUG [main][MybatisConfiguration.java:128] - addMappedStatement: com.study.content.mapper.CourseBaseMapper.selectById
2023-03-07 12:27:21,322 DEBUG [main][MybatisConfiguration.java:128] - addMappedStatement: com.study.content.mapper.CourseBaseMapper.selectBatchIds
2023-03-07 12:27:21,322 DEBUG [main][MybatisConfiguration.java:128] - addMappedStatement: com.study.content.mapper.CourseBaseMapper.selectBatchIds
2023-03-07 12:27:21,323 DEBUG [main][MybatisConfiguration.java:128] - addMappedStatement: com.study.content.mapper.CourseBaseMapper.selectByMap
2023-03-07 12:27:21,323 DEBUG [main][MybatisConfiguration.java:128] - addMappedStatement: com.study.content.mapper.CourseBaseMapper.selectByMap
2023-03-07 12:27:21,325 DEBUG [main][MybatisConfiguration.java:128] - addMappedStatement: com.study.content.mapper.CourseBaseMapper.selectOne
2023-03-07 12:27:21,325 DEBUG [main][MybatisConfiguration.java:128] - addMappedStatement: com.study.content.mapper.CourseBaseMapper.selectOne
2023-03-07 12:27:21,327 DEBUG [main][MybatisConfiguration.java:128] - addMappedStatement: com.study.content.mapper.CourseBaseMapper.selectCount
2023-03-07 12:27:21,327 DEBUG [main][MybatisConfiguration.java:128] - addMappedStatement: com.study.content.mapper.CourseBaseMapper.selectCount
2023-03-07 12:27:21,329 DEBUG [main][MybatisConfiguration.java:128] - addMappedStatement: com.study.content.mapper.CourseBaseMapper.selectMaps
2023-03-07 12:27:21,329 DEBUG [main][MybatisConfiguration.java:128] - addMappedStatement: com.study.content.mapper.CourseBaseMapper.selectMaps
2023-03-07 12:27:21,332 DEBUG [main][MybatisConfiguration.java:128] - addMappedStatement: com.study.content.mapper.CourseBaseMapper.selectMapsPage
2023-03-07 12:27:21,332 DEBUG [main][MybatisConfiguration.java:128] - addMappedStatement: com.study.content.mapper.CourseBaseMapper.selectMapsPage
2023-03-07 12:27:21,334 DEBUG [main][MybatisConfiguration.java:128] - addMappedStatement: com.study.content.mapper.CourseBaseMapper.selectObjs
2023-03-07 12:27:21,334 DEBUG [main][MybatisConfiguration.java:128] - addMappedStatement: com.study.content.mapper.CourseBaseMapper.selectObjs
2023-03-07 12:27:21,336 DEBUG [main][MybatisConfiguration.java:128] - addMappedStatement: com.study.content.mapper.CourseBaseMapper.selectList
2023-03-07 12:27:21,336 DEBUG [main][MybatisConfiguration.java:128] - addMappedStatement: com.study.content.mapper.CourseBaseMapper.selectList
2023-03-07 12:27:21,337 DEBUG [main][MybatisConfiguration.java:128] - addMappedStatement: com.study.content.mapper.CourseBaseMapper.selectPage
2023-03-07 12:27:21,337 DEBUG [main][MybatisConfiguration.java:128] - addMappedStatement: com.study.content.mapper.CourseBaseMapper.selectPage
2023-03-07 12:27:21,352 DEBUG [main][MybatisConfiguration.java:128] - addMappedStatement: com.study.content.mapper.CourseMarketMapper.insert
2023-03-07 12:27:21,352 DEBUG [main][MybatisConfiguration.java:128] - addMappedStatement: com.study.content.mapper.CourseMarketMapper.insert
2023-03-07 12:27:21,354 DEBUG [main][MybatisConfiguration.java:128] - addMappedStatement: com.study.content.mapper.CourseMarketMapper.delete
2023-03-07 12:27:21,354 DEBUG [main][MybatisConfiguration.java:128] - addMappedStatement: com.study.content.mapper.CourseMarketMapper.delete
2023-03-07 12:27:21,355 DEBUG [main][MybatisConfiguration.java:128] - addMappedStatement: com.study.content.mapper.CourseMarketMapper.deleteByMap
2023-03-07 12:27:21,355 DEBUG [main][MybatisConfiguration.java:128] - addMappedStatement: com.study.content.mapper.CourseMarketMapper.deleteByMap
2023-03-07 12:27:21,356 DEBUG [main][MybatisConfiguration.java:128] - addMappedStatement: com.study.content.mapper.CourseMarketMapper.deleteById
2023-03-07 12:27:21,356 DEBUG [main][MybatisConfiguration.java:128] - addMappedStatement: com.study.content.mapper.CourseMarketMapper.deleteById
2023-03-07 12:27:21,357 DEBUG [main][MybatisConfiguration.java:128] - addMappedStatement: com.study.content.mapper.CourseMarketMapper.deleteBatchIds
2023-03-07 12:27:21,357 DEBUG [main][MybatisConfiguration.java:128] - addMappedStatement: com.study.content.mapper.CourseMarketMapper.deleteBatchIds
2023-03-07 12:27:21,358 DEBUG [main][MybatisConfiguration.java:128] - addMappedStatement: com.study.content.mapper.CourseMarketMapper.update
2023-03-07 12:27:21,358 DEBUG [main][MybatisConfiguration.java:128] - addMappedStatement: com.study.content.mapper.CourseMarketMapper.update
2023-03-07 12:27:21,359 DEBUG [main][MybatisConfiguration.java:128] - addMappedStatement: com.study.content.mapper.CourseMarketMapper.updateById
2023-03-07 12:27:21,359 DEBUG [main][MybatisConfiguration.java:128] - addMappedStatement: com.study.content.mapper.CourseMarketMapper.updateById
2023-03-07 12:27:21,360 DEBUG [main][MybatisConfiguration.java:128] - addMappedStatement: com.study.content.mapper.CourseMarketMapper.selectById
2023-03-07 12:27:21,360 DEBUG [main][MybatisConfiguration.java:128] - addMappedStatement: com.study.content.mapper.CourseMarketMapper.selectById
2023-03-07 12:27:21,361 DEBUG [main][MybatisConfiguration.java:128] - addMappedStatement: com.study.content.mapper.CourseMarketMapper.selectBatchIds
2023-03-07 12:27:21,361 DEBUG [main][MybatisConfiguration.java:128] - addMappedStatement: com.study.content.mapper.CourseMarketMapper.selectBatchIds
2023-03-07 12:27:21,363 DEBUG [main][MybatisConfiguration.java:128] - addMappedStatement: com.study.content.mapper.CourseMarketMapper.selectByMap
2023-03-07 12:27:21,363 DEBUG [main][MybatisConfiguration.java:128] - addMappedStatement: com.study.content.mapper.CourseMarketMapper.selectByMap
2023-03-07 12:27:21,364 DEBUG [main][MybatisConfiguration.java:128] - addMappedStatement: com.study.content.mapper.CourseMarketMapper.selectOne
2023-03-07 12:27:21,364 DEBUG [main][MybatisConfiguration.java:128] - addMappedStatement: com.study.content.mapper.CourseMarketMapper.selectOne
2023-03-07 12:27:21,365 DEBUG [main][MybatisConfiguration.java:128] - addMappedStatement: com.study.content.mapper.CourseMarketMapper.selectCount
2023-03-07 12:27:21,365 DEBUG [main][MybatisConfiguration.java:128] - addMappedStatement: com.study.content.mapper.CourseMarketMapper.selectCount
2023-03-07 12:27:21,366 DEBUG [main][MybatisConfiguration.java:128] - addMappedStatement: com.study.content.mapper.CourseMarketMapper.selectMaps
2023-03-07 12:27:21,366 DEBUG [main][MybatisConfiguration.java:128] - addMappedStatement: com.study.content.mapper.CourseMarketMapper.selectMaps
2023-03-07 12:27:21,368 DEBUG [main][MybatisConfiguration.java:128] - addMappedStatement: com.study.content.mapper.CourseMarketMapper.selectMapsPage
2023-03-07 12:27:21,368 DEBUG [main][MybatisConfiguration.java:128] - addMappedStatement: com.study.content.mapper.CourseMarketMapper.selectMapsPage
2023-03-07 12:27:21,369 DEBUG [main][MybatisConfiguration.java:128] - addMappedStatement: com.study.content.mapper.CourseMarketMapper.selectObjs
2023-03-07 12:27:21,369 DEBUG [main][MybatisConfiguration.java:128] - addMappedStatement: com.study.content.mapper.CourseMarketMapper.selectObjs
2023-03-07 12:27:21,370 DEBUG [main][MybatisConfiguration.java:128] - addMappedStatement: com.study.content.mapper.CourseMarketMapper.selectList
2023-03-07 12:27:21,370 DEBUG [main][MybatisConfiguration.java:128] - addMappedStatement: com.study.content.mapper.CourseMarketMapper.selectList
2023-03-07 12:27:21,371 DEBUG [main][MybatisConfiguration.java:128] - addMappedStatement: com.study.content.mapper.CourseMarketMapper.selectPage
2023-03-07 12:27:21,371 DEBUG [main][MybatisConfiguration.java:128] - addMappedStatement: com.study.content.mapper.CourseMarketMapper.selectPage
2023-03-07 12:27:21,384 DEBUG [main][MybatisConfiguration.java:128] - addMappedStatement: com.study.content.mapper.CourseCategoryMapper.selectTreeNodes
2023-03-07 12:27:21,384 DEBUG [main][MybatisConfiguration.java:128] - addMappedStatement: com.study.content.mapper.CourseCategoryMapper.selectTreeNodes
2023-03-07 12:27:21,386 DEBUG [main][MybatisConfiguration.java:128] - addMappedStatement: com.study.content.mapper.CourseCategoryMapper.insert
2023-03-07 12:27:21,386 DEBUG [main][MybatisConfiguration.java:128] - addMappedStatement: com.study.content.mapper.CourseCategoryMapper.insert
2023-03-07 12:27:21,387 DEBUG [main][MybatisConfiguration.java:128] - addMappedStatement: com.study.content.mapper.CourseCategoryMapper.delete
2023-03-07 12:27:21,387 DEBUG [main][MybatisConfiguration.java:128] - addMappedStatement: com.study.content.mapper.CourseCategoryMapper.delete
2023-03-07 12:27:21,388 DEBUG [main][MybatisConfiguration.java:128] - addMappedStatement: com.study.content.mapper.CourseCategoryMapper.deleteByMap
2023-03-07 12:27:21,388 DEBUG [main][MybatisConfiguration.java:128] - addMappedStatement: com.study.content.mapper.CourseCategoryMapper.deleteByMap
2023-03-07 12:27:21,389 DEBUG [main][MybatisConfiguration.java:128] - addMappedStatement: com.study.content.mapper.CourseCategoryMapper.deleteById
2023-03-07 12:27:21,389 DEBUG [main][MybatisConfiguration.java:128] - addMappedStatement: com.study.content.mapper.CourseCategoryMapper.deleteById
2023-03-07 12:27:21,390 DEBUG [main][MybatisConfiguration.java:128] - addMappedStatement: com.study.content.mapper.CourseCategoryMapper.deleteBatchIds
2023-03-07 12:27:21,390 DEBUG [main][MybatisConfiguration.java:128] - addMappedStatement: com.study.content.mapper.CourseCategoryMapper.deleteBatchIds
2023-03-07 12:27:21,392 DEBUG [main][MybatisConfiguration.java:128] - addMappedStatement: com.study.content.mapper.CourseCategoryMapper.update
2023-03-07 12:27:21,392 DEBUG [main][MybatisConfiguration.java:128] - addMappedStatement: com.study.content.mapper.CourseCategoryMapper.update
2023-03-07 12:27:21,394 DEBUG [main][MybatisConfiguration.java:128] - addMappedStatement: com.study.content.mapper.CourseCategoryMapper.updateById
2023-03-07 12:27:21,394 DEBUG [main][MybatisConfiguration.java:128] - addMappedStatement: com.study.content.mapper.CourseCategoryMapper.updateById
2023-03-07 12:27:21,394 DEBUG [main][MybatisConfiguration.java:128] - addMappedStatement: com.study.content.mapper.CourseCategoryMapper.selectById
2023-03-07 12:27:21,394 DEBUG [main][MybatisConfiguration.java:128] - addMappedStatement: com.study.content.mapper.CourseCategoryMapper.selectById
2023-03-07 12:27:21,395 DEBUG [main][MybatisConfiguration.java:128] - addMappedStatement: com.study.content.mapper.CourseCategoryMapper.selectBatchIds
2023-03-07 12:27:21,395 DEBUG [main][MybatisConfiguration.java:128] - addMappedStatement: com.study.content.mapper.CourseCategoryMapper.selectBatchIds
2023-03-07 12:27:21,396 DEBUG [main][MybatisConfiguration.java:128] - addMappedStatement: com.study.content.mapper.CourseCategoryMapper.selectByMap
2023-03-07 12:27:21,396 DEBUG [main][MybatisConfiguration.java:128] - addMappedStatement: com.study.content.mapper.CourseCategoryMapper.selectByMap
2023-03-07 12:27:21,397 DEBUG [main][MybatisConfiguration.java:128] - addMappedStatement: com.study.content.mapper.CourseCategoryMapper.selectOne
2023-03-07 12:27:21,397 DEBUG [main][MybatisConfiguration.java:128] - addMappedStatement: com.study.content.mapper.CourseCategoryMapper.selectOne
2023-03-07 12:27:21,398 DEBUG [main][MybatisConfiguration.java:128] - addMappedStatement: com.study.content.mapper.CourseCategoryMapper.selectCount
2023-03-07 12:27:21,398 DEBUG [main][MybatisConfiguration.java:128] - addMappedStatement: com.study.content.mapper.CourseCategoryMapper.selectCount
2023-03-07 12:27:21,399 DEBUG [main][MybatisConfiguration.java:128] - addMappedStatement: com.study.content.mapper.CourseCategoryMapper.selectMaps
2023-03-07 12:27:21,399 DEBUG [main][MybatisConfiguration.java:128] - addMappedStatement: com.study.content.mapper.CourseCategoryMapper.selectMaps
2023-03-07 12:27:21,400 DEBUG [main][MybatisConfiguration.java:128] - addMappedStatement: com.study.content.mapper.CourseCategoryMapper.selectMapsPage
2023-03-07 12:27:21,400 DEBUG [main][MybatisConfiguration.java:128] - addMappedStatement: com.study.content.mapper.CourseCategoryMapper.selectMapsPage
2023-03-07 12:27:21,401 DEBUG [main][MybatisConfiguration.java:128] - addMappedStatement: com.study.content.mapper.CourseCategoryMapper.selectObjs
2023-03-07 12:27:21,401 DEBUG [main][MybatisConfiguration.java:128] - addMappedStatement: com.study.content.mapper.CourseCategoryMapper.selectObjs
2023-03-07 12:27:21,402 DEBUG [main][MybatisConfiguration.java:128] - addMappedStatement: com.study.content.mapper.CourseCategoryMapper.selectList
2023-03-07 12:27:21,402 DEBUG [main][MybatisConfiguration.java:128] - addMappedStatement: com.study.content.mapper.CourseCategoryMapper.selectList
2023-03-07 12:27:21,403 DEBUG [main][MybatisConfiguration.java:128] - addMappedStatement: com.study.content.mapper.CourseCategoryMapper.selectPage
2023-03-07 12:27:21,403 DEBUG [main][MybatisConfiguration.java:128] - addMappedStatement: com.study.content.mapper.CourseCategoryMapper.selectPage
2023-03-07 12:27:21,657 INFO [main][PropertySourcedRequestMappingHandlerMapping.java:69] - Mapped URL path [/v2/api-docs] onto method [springfox.documentation.swagger2.web.Swagger2Controller#getDocumentation(String, HttpServletRequest)]
2023-03-07 12:27:21,657 INFO [main][PropertySourcedRequestMappingHandlerMapping.java:69] - Mapped URL path [/v2/api-docs] onto method [springfox.documentation.swagger2.web.Swagger2Controller#getDocumentation(String, HttpServletRequest)]
2023-03-07 12:27:21,685 DEBUG [main][ResourceBundleMessageInterpolator.java:172] - Loaded expression factory via original TCCL
2023-03-07 12:27:21,685 DEBUG [main][ResourceBundleMessageInterpolator.java:172] - Loaded expression factory via original TCCL
2023-03-07 12:27:21,687 DEBUG [main][AbstractConfigurationImpl.java:171] - Setting custom MessageInterpolator of type org.springframework.validation.beanvalidation.LocaleContextMessageInterpolator
2023-03-07 12:27:21,687 DEBUG [main][AbstractConfigurationImpl.java:171] - Setting custom MessageInterpolator of type org.springframework.validation.beanvalidation.LocaleContextMessageInterpolator
2023-03-07 12:27:21,687 DEBUG [main][AbstractConfigurationImpl.java:203] - Setting custom ConstraintValidatorFactory of type org.springframework.validation.beanvalidation.SpringConstraintValidatorFactory
2023-03-07 12:27:21,687 DEBUG [main][AbstractConfigurationImpl.java:203] - Setting custom ConstraintValidatorFactory of type org.springframework.validation.beanvalidation.SpringConstraintValidatorFactory
2023-03-07 12:27:21,688 DEBUG [main][AbstractConfigurationImpl.java:217] - Setting custom ParameterNameProvider of type org.springframework.validation.beanvalidation.LocalValidatorFactoryBean$1
2023-03-07 12:27:21,688 DEBUG [main][AbstractConfigurationImpl.java:217] - Setting custom ParameterNameProvider of type org.springframework.validation.beanvalidation.LocalValidatorFactoryBean$1
2023-03-07 12:27:21,689 DEBUG [main][ValidationXmlParser.java:120] - Trying to load META-INF/validation.xml for XML based Validator configuration.
2023-03-07 12:27:21,689 DEBUG [main][ValidationXmlParser.java:120] - Trying to load META-INF/validation.xml for XML based Validator configuration.
2023-03-07 12:27:21,689 DEBUG [main][ResourceLoaderHelper.java:53] - Trying to load META-INF/validation.xml via user class loader
2023-03-07 12:27:21,689 DEBUG [main][ResourceLoaderHelper.java:53] - Trying to load META-INF/validation.xml via user class loader
2023-03-07 12:27:21,690 DEBUG [main][ResourceLoaderHelper.java:60] - Trying to load META-INF/validation.xml via TCCL
2023-03-07 12:27:21,690 DEBUG [main][ResourceLoaderHelper.java:60] - Trying to load META-INF/validation.xml via TCCL
2023-03-07 12:27:21,690 DEBUG [main][ResourceLoaderHelper.java:66] - Trying to load META-INF/validation.xml via Hibernate Validator's class loader
2023-03-07 12:27:21,690 DEBUG [main][ResourceLoaderHelper.java:66] - Trying to load META-INF/validation.xml via Hibernate Validator's class loader
2023-03-07 12:27:21,690 DEBUG [main][ValidationXmlParser.java:127] - No META-INF/validation.xml found. Using annotation based configuration only.
2023-03-07 12:27:21,690 DEBUG [main][ValidationXmlParser.java:127] - No META-INF/validation.xml found. Using annotation based configuration only.
2023-03-07 12:27:21,691 DEBUG [main][TraversableResolvers.java:60] - Cannot find javax.persistence.Persistence on classpath. Assuming non JPA 2 environment. All properties will per default be traversable.
2023-03-07 12:27:21,691 DEBUG [main][TraversableResolvers.java:60] - Cannot find javax.persistence.Persistence on classpath. Assuming non JPA 2 environment. All properties will per default be traversable.
2023-03-07 12:27:21,692 DEBUG [main][ValidatorFactoryConfigurationHelper.java:300] - HV000252: Using org.hibernate.validator.internal.engine.DefaultPropertyNodeNameProvider as property node name provider.
2023-03-07 12:27:21,692 DEBUG [main][ValidatorFactoryConfigurationHelper.java:300] - HV000252: Using org.hibernate.validator.internal.engine.DefaultPropertyNodeNameProvider as property node name provider.
2023-03-07 12:27:21,692 DEBUG [main][ValidatorFactoryConfigurationHelper.java:375] - HV000234: Using org.springframework.validation.beanvalidation.LocaleContextMessageInterpolator as ValidatorFactory-scoped message interpolator.
2023-03-07 12:27:21,692 DEBUG [main][ValidatorFactoryConfigurationHelper.java:375] - HV000234: Using org.springframework.validation.beanvalidation.LocaleContextMessageInterpolator as ValidatorFactory-scoped message interpolator.
2023-03-07 12:27:21,692 DEBUG [main][ValidatorFactoryConfigurationHelper.java:376] - HV000234: Using org.hibernate.validator.internal.engine.resolver.TraverseAllTraversableResolver as ValidatorFactory-scoped traversable resolver.
2023-03-07 12:27:21,692 DEBUG [main][ValidatorFactoryConfigurationHelper.java:376] - HV000234: Using org.hibernate.validator.internal.engine.resolver.TraverseAllTraversableResolver as ValidatorFactory-scoped traversable resolver.
2023-03-07 12:27:21,692 DEBUG [main][ValidatorFactoryConfigurationHelper.java:377] - HV000234: Using org.hibernate.validator.internal.util.ExecutableParameterNameProvider as ValidatorFactory-scoped parameter name provider.
2023-03-07 12:27:21,692 DEBUG [main][ValidatorFactoryConfigurationHelper.java:377] - HV000234: Using org.hibernate.validator.internal.util.ExecutableParameterNameProvider as ValidatorFactory-scoped parameter name provider.
2023-03-07 12:27:21,693 DEBUG [main][ValidatorFactoryConfigurationHelper.java:378] - HV000234: Using org.hibernate.validator.internal.engine.DefaultClockProvider as ValidatorFactory-scoped clock provider.
2023-03-07 12:27:21,693 DEBUG [main][ValidatorFactoryConfigurationHelper.java:378] - HV000234: Using org.hibernate.validator.internal.engine.DefaultClockProvider as ValidatorFactory-scoped clock provider.
2023-03-07 12:27:21,693 DEBUG [main][ValidatorFactoryConfigurationHelper.java:379] - HV000234: Using org.hibernate.validator.internal.engine.scripting.DefaultScriptEvaluatorFactory as ValidatorFactory-scoped script evaluator factory.
2023-03-07 12:27:21,693 DEBUG [main][ValidatorFactoryConfigurationHelper.java:379] - HV000234: Using org.hibernate.validator.internal.engine.scripting.DefaultScriptEvaluatorFactory as ValidatorFactory-scoped script evaluator factory.
2023-03-07 12:27:21,740 INFO [main][ExecutorConfigurationSupport.java:181] - Initializing ExecutorService 'applicationTaskExecutor'
2023-03-07 12:27:21,740 INFO [main][ExecutorConfigurationSupport.java:181] - Initializing ExecutorService 'applicationTaskExecutor'
2023-03-07 12:27:21,856 DEBUG [main][MybatisConfiguration.java:128] - addMappedStatement: com.study.content.mapper.CourseTeacherMapper.insert
2023-03-07 12:27:21,856 DEBUG [main][MybatisConfiguration.java:128] - addMappedStatement: com.study.content.mapper.CourseTeacherMapper.insert
2023-03-07 12:27:21,857 DEBUG [main][MybatisConfiguration.java:128] - addMappedStatement: com.study.content.mapper.CourseTeacherMapper.delete
2023-03-07 12:27:21,857 DEBUG [main][MybatisConfiguration.java:128] - addMappedStatement: com.study.content.mapper.CourseTeacherMapper.delete
2023-03-07 12:27:21,858 DEBUG [main][MybatisConfiguration.java:128] - addMappedStatement: com.study.content.mapper.CourseTeacherMapper.deleteByMap
2023-03-07 12:27:21,858 DEBUG [main][MybatisConfiguration.java:128] - addMappedStatement: com.study.content.mapper.CourseTeacherMapper.deleteByMap
2023-03-07 12:27:21,859 DEBUG [main][MybatisConfiguration.java:128] - addMappedStatement: com.study.content.mapper.CourseTeacherMapper.deleteById
2023-03-07 12:27:21,859 DEBUG [main][MybatisConfiguration.java:128] - addMappedStatement: com.study.content.mapper.CourseTeacherMapper.deleteById
2023-03-07 12:27:21,860 DEBUG [main][MybatisConfiguration.java:128] - addMappedStatement: com.study.content.mapper.CourseTeacherMapper.deleteBatchIds
2023-03-07 12:27:21,860 DEBUG [main][MybatisConfiguration.java:128] - addMappedStatement: com.study.content.mapper.CourseTeacherMapper.deleteBatchIds
2023-03-07 12:27:21,861 DEBUG [main][MybatisConfiguration.java:128] - addMappedStatement: com.study.content.mapper.CourseTeacherMapper.update
2023-03-07 12:27:21,861 DEBUG [main][MybatisConfiguration.java:128] - addMappedStatement: com.study.content.mapper.CourseTeacherMapper.update
2023-03-07 12:27:21,863 DEBUG [main][MybatisConfiguration.java:128] - addMappedStatement: com.study.content.mapper.CourseTeacherMapper.updateById
2023-03-07 12:27:21,863 DEBUG [main][MybatisConfiguration.java:128] - addMappedStatement: com.study.content.mapper.CourseTeacherMapper.updateById
2023-03-07 12:27:21,863 DEBUG [main][MybatisConfiguration.java:128] - addMappedStatement: com.study.content.mapper.CourseTeacherMapper.selectById
2023-03-07 12:27:21,863 DEBUG [main][MybatisConfiguration.java:128] - addMappedStatement: com.study.content.mapper.CourseTeacherMapper.selectById
2023-03-07 12:27:21,864 DEBUG [main][MybatisConfiguration.java:128] - addMappedStatement: com.study.content.mapper.CourseTeacherMapper.selectBatchIds
2023-03-07 12:27:21,864 DEBUG [main][MybatisConfiguration.java:128] - addMappedStatement: com.study.content.mapper.CourseTeacherMapper.selectBatchIds
2023-03-07 12:27:21,866 DEBUG [main][MybatisConfiguration.java:128] - addMappedStatement: com.study.content.mapper.CourseTeacherMapper.selectByMap
2023-03-07 12:27:21,866 DEBUG [main][MybatisConfiguration.java:128] - addMappedStatement: com.study.content.mapper.CourseTeacherMapper.selectByMap
2023-03-07 12:27:21,867 DEBUG [main][MybatisConfiguration.java:128] - addMappedStatement: com.study.content.mapper.CourseTeacherMapper.selectOne
2023-03-07 12:27:21,867 DEBUG [main][MybatisConfiguration.java:128] - addMappedStatement: com.study.content.mapper.CourseTeacherMapper.selectOne
2023-03-07 12:27:21,868 DEBUG [main][MybatisConfiguration.java:128] - addMappedStatement: com.study.content.mapper.CourseTeacherMapper.selectCount
2023-03-07 12:27:21,868 DEBUG [main][MybatisConfiguration.java:128] - addMappedStatement: com.study.content.mapper.CourseTeacherMapper.selectCount
2023-03-07 12:27:21,870 DEBUG [main][MybatisConfiguration.java:128] - addMappedStatement: com.study.content.mapper.CourseTeacherMapper.selectMaps
2023-03-07 12:27:21,870 DEBUG [main][MybatisConfiguration.java:128] - addMappedStatement: com.study.content.mapper.CourseTeacherMapper.selectMaps
2023-03-07 12:27:21,871 DEBUG [main][MybatisConfiguration.java:128] - addMappedStatement: com.study.content.mapper.CourseTeacherMapper.selectMapsPage
2023-03-07 12:27:21,871 DEBUG [main][MybatisConfiguration.java:128] - addMappedStatement: com.study.content.mapper.CourseTeacherMapper.selectMapsPage
2023-03-07 12:27:21,872 DEBUG [main][MybatisConfiguration.java:128] - addMappedStatement: com.study.content.mapper.CourseTeacherMapper.selectObjs
2023-03-07 12:27:21,872 DEBUG [main][MybatisConfiguration.java:128] - addMappedStatement: com.study.content.mapper.CourseTeacherMapper.selectObjs
2023-03-07 12:27:21,873 DEBUG [main][MybatisConfiguration.java:128] - addMappedStatement: com.study.content.mapper.CourseTeacherMapper.selectList
2023-03-07 12:27:21,873 DEBUG [main][MybatisConfiguration.java:128] - addMappedStatement: com.study.content.mapper.CourseTeacherMapper.selectList
2023-03-07 12:27:21,875 DEBUG [main][MybatisConfiguration.java:128] - addMappedStatement: com.study.content.mapper.CourseTeacherMapper.selectPage
2023-03-07 12:27:21,875 DEBUG [main][MybatisConfiguration.java:128] - addMappedStatement: com.study.content.mapper.CourseTeacherMapper.selectPage
2023-03-07 12:27:21,887 DEBUG [main][MybatisConfiguration.java:128] - addMappedStatement: com.study.content.mapper.TeachplanMapper.insert
2023-03-07 12:27:21,887 DEBUG [main][MybatisConfiguration.java:128] - addMappedStatement: com.study.content.mapper.TeachplanMapper.insert
2023-03-07 12:27:21,888 DEBUG [main][MybatisConfiguration.java:128] - addMappedStatement: com.study.content.mapper.TeachplanMapper.delete
2023-03-07 12:27:21,888 DEBUG [main][MybatisConfiguration.java:128] - addMappedStatement: com.study.content.mapper.TeachplanMapper.delete
2023-03-07 12:27:21,889 DEBUG [main][MybatisConfiguration.java:128] - addMappedStatement: com.study.content.mapper.TeachplanMapper.deleteByMap
2023-03-07 12:27:21,889 DEBUG [main][MybatisConfiguration.java:128] - addMappedStatement: com.study.content.mapper.TeachplanMapper.deleteByMap
2023-03-07 12:27:21,890 DEBUG [main][MybatisConfiguration.java:128] - addMappedStatement: com.study.content.mapper.TeachplanMapper.deleteById
2023-03-07 12:27:21,890 DEBUG [main][MybatisConfiguration.java:128] - addMappedStatement: com.study.content.mapper.TeachplanMapper.deleteById
2023-03-07 12:27:21,891 DEBUG [main][MybatisConfiguration.java:128] - addMappedStatement: com.study.content.mapper.TeachplanMapper.deleteBatchIds
2023-03-07 12:27:21,891 DEBUG [main][MybatisConfiguration.java:128] - addMappedStatement: com.study.content.mapper.TeachplanMapper.deleteBatchIds
2023-03-07 12:27:21,893 DEBUG [main][MybatisConfiguration.java:128] - addMappedStatement: com.study.content.mapper.TeachplanMapper.update
2023-03-07 12:27:21,893 DEBUG [main][MybatisConfiguration.java:128] - addMappedStatement: com.study.content.mapper.TeachplanMapper.update
2023-03-07 12:27:21,894 DEBUG [main][MybatisConfiguration.java:128] - addMappedStatement: com.study.content.mapper.TeachplanMapper.updateById
2023-03-07 12:27:21,894 DEBUG [main][MybatisConfiguration.java:128] - addMappedStatement: com.study.content.mapper.TeachplanMapper.updateById
2023-03-07 12:27:21,894 DEBUG [main][MybatisConfiguration.java:128] - addMappedStatement: com.study.content.mapper.TeachplanMapper.selectById
2023-03-07 12:27:21,894 DEBUG [main][MybatisConfiguration.java:128] - addMappedStatement: com.study.content.mapper.TeachplanMapper.selectById
2023-03-07 12:27:21,895 DEBUG [main][MybatisConfiguration.java:128] - addMappedStatement: com.study.content.mapper.TeachplanMapper.selectBatchIds
2023-03-07 12:27:21,895 DEBUG [main][MybatisConfiguration.java:128] - addMappedStatement: com.study.content.mapper.TeachplanMapper.selectBatchIds
2023-03-07 12:27:21,896 DEBUG [main][MybatisConfiguration.java:128] - addMappedStatement: com.study.content.mapper.TeachplanMapper.selectByMap
2023-03-07 12:27:21,896 DEBUG [main][MybatisConfiguration.java:128] - addMappedStatement: com.study.content.mapper.TeachplanMapper.selectByMap
2023-03-07 12:27:21,897 DEBUG [main][MybatisConfiguration.java:128] - addMappedStatement: com.study.content.mapper.TeachplanMapper.selectOne
2023-03-07 12:27:21,897 DEBUG [main][MybatisConfiguration.java:128] - addMappedStatement: com.study.content.mapper.TeachplanMapper.selectOne
2023-03-07 12:27:21,899 DEBUG [main][MybatisConfiguration.java:128] - addMappedStatement: com.study.content.mapper.TeachplanMapper.selectCount
2023-03-07 12:27:21,899 DEBUG [main][MybatisConfiguration.java:128] - addMappedStatement: com.study.content.mapper.TeachplanMapper.selectCount
2023-03-07 12:27:21,900 DEBUG [main][MybatisConfiguration.java:128] - addMappedStatement: com.study.content.mapper.TeachplanMapper.selectMaps
2023-03-07 12:27:21,900 DEBUG [main][MybatisConfiguration.java:128] - addMappedStatement: com.study.content.mapper.TeachplanMapper.selectMaps
2023-03-07 12:27:21,901 DEBUG [main][MybatisConfiguration.java:128] - addMappedStatement: com.study.content.mapper.TeachplanMapper.selectMapsPage
2023-03-07 12:27:21,901 DEBUG [main][MybatisConfiguration.java:128] - addMappedStatement: com.study.content.mapper.TeachplanMapper.selectMapsPage
2023-03-07 12:27:21,903 DEBUG [main][MybatisConfiguration.java:128] - addMappedStatement: com.study.content.mapper.TeachplanMapper.selectObjs
2023-03-07 12:27:21,903 DEBUG [main][MybatisConfiguration.java:128] - addMappedStatement: com.study.content.mapper.TeachplanMapper.selectObjs
2023-03-07 12:27:21,904 DEBUG [main][MybatisConfiguration.java:128] - addMappedStatement: com.study.content.mapper.TeachplanMapper.selectList
2023-03-07 12:27:21,904 DEBUG [main][MybatisConfiguration.java:128] - addMappedStatement: com.study.content.mapper.TeachplanMapper.selectList
2023-03-07 12:27:21,906 DEBUG [main][MybatisConfiguration.java:128] - addMappedStatement: com.study.content.mapper.TeachplanMapper.selectPage
2023-03-07 12:27:21,906 DEBUG [main][MybatisConfiguration.java:128] - addMappedStatement: com.study.content.mapper.TeachplanMapper.selectPage
2023-03-07 12:27:21,917 DEBUG [main][MybatisConfiguration.java:128] - addMappedStatement: com.study.content.mapper.TeachplanMediaMapper.insert
2023-03-07 12:27:21,917 DEBUG [main][MybatisConfiguration.java:128] - addMappedStatement: com.study.content.mapper.TeachplanMediaMapper.insert
2023-03-07 12:27:21,918 DEBUG [main][MybatisConfiguration.java:128] - addMappedStatement: com.study.content.mapper.TeachplanMediaMapper.delete
2023-03-07 12:27:21,918 DEBUG [main][MybatisConfiguration.java:128] - addMappedStatement: com.study.content.mapper.TeachplanMediaMapper.delete
2023-03-07 12:27:21,919 DEBUG [main][MybatisConfiguration.java:128] - addMappedStatement: com.study.content.mapper.TeachplanMediaMapper.deleteByMap
2023-03-07 12:27:21,919 DEBUG [main][MybatisConfiguration.java:128] - addMappedStatement: com.study.content.mapper.TeachplanMediaMapper.deleteByMap
2023-03-07 12:27:21,920 DEBUG [main][MybatisConfiguration.java:128] - addMappedStatement: com.study.content.mapper.TeachplanMediaMapper.deleteById
2023-03-07 12:27:21,920 DEBUG [main][MybatisConfiguration.java:128] - addMappedStatement: com.study.content.mapper.TeachplanMediaMapper.deleteById
2023-03-07 12:27:21,921 DEBUG [main][MybatisConfiguration.java:128] - addMappedStatement: com.study.content.mapper.TeachplanMediaMapper.deleteBatchIds
2023-03-07 12:27:21,921 DEBUG [main][MybatisConfiguration.java:128] - addMappedStatement: com.study.content.mapper.TeachplanMediaMapper.deleteBatchIds
2023-03-07 12:27:21,922 DEBUG [main][MybatisConfiguration.java:128] - addMappedStatement: com.study.content.mapper.TeachplanMediaMapper.update
2023-03-07 12:27:21,922 DEBUG [main][MybatisConfiguration.java:128] - addMappedStatement: com.study.content.mapper.TeachplanMediaMapper.update
2023-03-07 12:27:21,923 DEBUG [main][MybatisConfiguration.java:128] - addMappedStatement: com.study.content.mapper.TeachplanMediaMapper.updateById
2023-03-07 12:27:21,923 DEBUG [main][MybatisConfiguration.java:128] - addMappedStatement: com.study.content.mapper.TeachplanMediaMapper.updateById
2023-03-07 12:27:21,924 DEBUG [main][MybatisConfiguration.java:128] - addMappedStatement: com.study.content.mapper.TeachplanMediaMapper.selectById
2023-03-07 12:27:21,924 DEBUG [main][MybatisConfiguration.java:128] - addMappedStatement: com.study.content.mapper.TeachplanMediaMapper.selectById
2023-03-07 12:27:21,934 DEBUG [main][MybatisConfiguration.java:128] - addMappedStatement: com.study.content.mapper.TeachplanMediaMapper.selectBatchIds
2023-03-07 12:27:21,934 DEBUG [main][MybatisConfiguration.java:128] - addMappedStatement: com.study.content.mapper.TeachplanMediaMapper.selectBatchIds
2023-03-07 12:27:21,935 DEBUG [main][MybatisConfiguration.java:128] - addMappedStatement: com.study.content.mapper.TeachplanMediaMapper.selectByMap
2023-03-07 12:27:21,935 DEBUG [main][MybatisConfiguration.java:128] - addMappedStatement: com.study.content.mapper.TeachplanMediaMapper.selectByMap
2023-03-07 12:27:21,936 DEBUG [main][MybatisConfiguration.java:128] - addMappedStatement: com.study.content.mapper.TeachplanMediaMapper.selectOne
2023-03-07 12:27:21,936 DEBUG [main][MybatisConfiguration.java:128] - addMappedStatement: com.study.content.mapper.TeachplanMediaMapper.selectOne
2023-03-07 12:27:21,936 DEBUG [main][MybatisConfiguration.java:128] - addMappedStatement: com.study.content.mapper.TeachplanMediaMapper.selectCount
2023-03-07 12:27:21,936 DEBUG [main][MybatisConfiguration.java:128] - addMappedStatement: com.study.content.mapper.TeachplanMediaMapper.selectCount
2023-03-07 12:27:21,937 DEBUG [main][MybatisConfiguration.java:128] - addMappedStatement: com.study.content.mapper.TeachplanMediaMapper.selectMaps
2023-03-07 12:27:21,937 DEBUG [main][MybatisConfiguration.java:128] - addMappedStatement: com.study.content.mapper.TeachplanMediaMapper.selectMaps
2023-03-07 12:27:21,938 DEBUG [main][MybatisConfiguration.java:128] - addMappedStatement: com.study.content.mapper.TeachplanMediaMapper.selectMapsPage
2023-03-07 12:27:21,938 DEBUG [main][MybatisConfiguration.java:128] - addMappedStatement: com.study.content.mapper.TeachplanMediaMapper.selectMapsPage
2023-03-07 12:27:21,939 DEBUG [main][MybatisConfiguration.java:128] - addMappedStatement: com.study.content.mapper.TeachplanMediaMapper.selectObjs
2023-03-07 12:27:21,939 DEBUG [main][MybatisConfiguration.java:128] - addMappedStatement: com.study.content.mapper.TeachplanMediaMapper.selectObjs
2023-03-07 12:27:21,940 DEBUG [main][MybatisConfiguration.java:128] - addMappedStatement: com.study.content.mapper.TeachplanMediaMapper.selectList
2023-03-07 12:27:21,940 DEBUG [main][MybatisConfiguration.java:128] - addMappedStatement: com.study.content.mapper.TeachplanMediaMapper.selectList
2023-03-07 12:27:21,941 DEBUG [main][MybatisConfiguration.java:128] - addMappedStatement: com.study.content.mapper.TeachplanMediaMapper.selectPage
2023-03-07 12:27:21,941 DEBUG [main][MybatisConfiguration.java:128] - addMappedStatement: com.study.content.mapper.TeachplanMediaMapper.selectPage
2023-03-07 12:27:21,982 INFO [main][DirectJDKLog.java:173] - Starting ProtocolHandler ["http-nio-63040"]
2023-03-07 12:27:21,982 INFO [main][DirectJDKLog.java:173] - Starting ProtocolHandler ["http-nio-63040"]
2023-03-07 12:27:22,000 INFO [main][TomcatWebServer.java:220] - Tomcat started on port(s): 63040 (http) with context path '/content'
2023-03-07 12:27:22,000 INFO [main][TomcatWebServer.java:220] - Tomcat started on port(s): 63040 (http) with context path '/content'
2023-03-07 12:27:22,001 INFO [main][DocumentationPluginsBootstrapper.java:160] - Context refreshed
2023-03-07 12:27:22,001 INFO [main][DocumentationPluginsBootstrapper.java:160] - Context refreshed
2023-03-07 12:27:22,013 INFO [main][DocumentationPluginsBootstrapper.java:163] - Found 1 custom documentation plugin(s)
2023-03-07 12:27:22,013 INFO [main][DocumentationPluginsBootstrapper.java:163] - Found 1 custom documentation plugin(s)
2023-03-07 12:27:22,038 INFO [main][ApiListingReferenceScanner.java:41] - Scanning for api listing references
2023-03-07 12:27:22,038 INFO [main][ApiListingReferenceScanner.java:41] - Scanning for api listing references
2023-03-07 12:27:22,184 INFO [main][StartupInfoLogger.java:61] - Started ContentApiApplication in 3.531 seconds (JVM running for 4.702)
2023-03-07 12:27:22,184 INFO [main][StartupInfoLogger.java:61] - Started ContentApiApplication in 3.531 seconds (JVM running for 4.702)
2023-03-07 12:27:28,887 INFO [http-nio-63040-exec-1][DirectJDKLog.java:173] - Initializing Spring DispatcherServlet 'dispatcherServlet'
2023-03-07 12:27:28,887 INFO [http-nio-63040-exec-1][DirectJDKLog.java:173] - Initializing Spring DispatcherServlet 'dispatcherServlet'
2023-03-07 12:27:28,887 INFO [http-nio-63040-exec-1][FrameworkServlet.java:525] - Initializing Servlet 'dispatcherServlet'
2023-03-07 12:27:28,887 INFO [http-nio-63040-exec-1][FrameworkServlet.java:525] - Initializing Servlet 'dispatcherServlet'
2023-03-07 12:27:28,892 INFO [http-nio-63040-exec-1][FrameworkServlet.java:547] - Completed initialization in 5 ms
2023-03-07 12:27:28,892 INFO [http-nio-63040-exec-1][FrameworkServlet.java:547] - Completed initialization in 5 ms
2023-03-07 12:27:34,488 WARN [http-nio-63040-exec-3][AbstractSerializableParameter.java:421] - Illegal DefaultValue null for parameter type integer
java.lang.NumberFormatException: For input string: ""
	at java.lang.NumberFormatException.forInputString(NumberFormatException.java:65)
	at java.lang.Long.parseLong(Long.java:601)
	at java.lang.Long.valueOf(Long.java:803)
	at io.swagger.models.parameters.AbstractSerializableParameter.getExample(AbstractSerializableParameter.java:412)
	at sun.reflect.NativeMethodAccessorImpl.invoke0(Native Method)
	at sun.reflect.NativeMethodAccessorImpl.invoke(NativeMethodAccessorImpl.java:62)
	at sun.reflect.DelegatingMethodAccessorImpl.invoke(DelegatingMethodAccessorImpl.java:43)
	at java.lang.reflect.Method.invoke(Method.java:498)
	at com.fasterxml.jackson.databind.ser.BeanPropertyWriter.serializeAsField(BeanPropertyWriter.java:689)
	at com.fasterxml.jackson.databind.ser.std.BeanSerializerBase.serializeFields(BeanSerializerBase.java:755)
	at com.fasterxml.jackson.databind.ser.BeanSerializer.serialize(BeanSerializer.java:178)
	at com.fasterxml.jackson.databind.ser.impl.IndexedListSerializer.serializeContents(IndexedListSerializer.java:119)
	at com.fasterxml.jackson.databind.ser.impl.IndexedListSerializer.serialize(IndexedListSerializer.java:79)
	at com.fasterxml.jackson.databind.ser.impl.IndexedListSerializer.serialize(IndexedListSerializer.java:18)
	at com.fasterxml.jackson.databind.ser.BeanPropertyWriter.serializeAsField(BeanPropertyWriter.java:728)
	at com.fasterxml.jackson.databind.ser.std.BeanSerializerBase.serializeFields(BeanSerializerBase.java:755)
	at com.fasterxml.jackson.databind.ser.BeanSerializer.serialize(BeanSerializer.java:178)
	at com.fasterxml.jackson.databind.ser.BeanPropertyWriter.serializeAsField(BeanPropertyWriter.java:728)
	at com.fasterxml.jackson.databind.ser.std.BeanSerializerBase.serializeFields(BeanSerializerBase.java:755)
	at com.fasterxml.jackson.databind.ser.BeanSerializer.serialize(BeanSerializer.java:178)
	at com.fasterxml.jackson.databind.ser.std.MapSerializer.serializeFields(MapSerializer.java:726)
	at com.fasterxml.jackson.databind.ser.std.MapSerializer.serializeWithoutTypeInfo(MapSerializer.java:681)
	at com.fasterxml.jackson.databind.ser.std.MapSerializer.serialize(MapSerializer.java:637)
	at com.fasterxml.jackson.databind.ser.std.MapSerializer.serialize(MapSerializer.java:33)
	at com.fasterxml.jackson.databind.ser.BeanPropertyWriter.serializeAsField(BeanPropertyWriter.java:728)
	at com.fasterxml.jackson.databind.ser.std.BeanSerializerBase.serializeFields(BeanSerializerBase.java:755)
	at com.fasterxml.jackson.databind.ser.BeanSerializer.serialize(BeanSerializer.java:178)
	at com.fasterxml.jackson.databind.ser.DefaultSerializerProvider._serialize(DefaultSerializerProvider.java:480)
	at com.fasterxml.jackson.databind.ser.DefaultSerializerProvider.serializeValue(DefaultSerializerProvider.java:319)
	at com.fasterxml.jackson.databind.ObjectMapper._writeValueAndClose(ObjectMapper.java:4409)
	at com.fasterxml.jackson.databind.ObjectMapper.writeValueAsString(ObjectMapper.java:3663)
	at springfox.documentation.spring.web.json.JsonSerializer.toJson(JsonSerializer.java:38)
	at springfox.documentation.swagger2.web.Swagger2Controller.getDocumentation(Swagger2Controller.java:105)
	at sun.reflect.NativeMethodAccessorImpl.invoke0(Native Method)
	at sun.reflect.NativeMethodAccessorImpl.invoke(NativeMethodAccessorImpl.java:62)
	at sun.reflect.DelegatingMethodAccessorImpl.invoke(DelegatingMethodAccessorImpl.java:43)
	at java.lang.reflect.Method.invoke(Method.java:498)
	at org.springframework.web.method.support.InvocableHandlerMethod.doInvoke(InvocableHandlerMethod.java:190)
	at org.springframework.web.method.support.InvocableHandlerMethod.invokeForRequest(InvocableHandlerMethod.java:138)
	at org.springframework.web.servlet.mvc.method.annotation.ServletInvocableHandlerMethod.invokeAndHandle(ServletInvocableHandlerMethod.java:105)
	at org.springframework.web.servlet.mvc.method.annotation.RequestMappingHandlerAdapter.invokeHandlerMethod(RequestMappingHandlerAdapter.java:878)
	at org.springframework.web.servlet.mvc.method.annotation.RequestMappingHandlerAdapter.handleInternal(RequestMappingHandlerAdapter.java:792)
	at org.springframework.web.servlet.mvc.method.AbstractHandlerMethodAdapter.handle(AbstractHandlerMethodAdapter.java:87)
	at org.springframework.web.servlet.DispatcherServlet.doDispatch(DispatcherServlet.java:1040)
	at org.springframework.web.servlet.DispatcherServlet.doService(DispatcherServlet.java:943)
	at org.springframework.web.servlet.FrameworkServlet.processRequest(FrameworkServlet.java:1006)
	at org.springframework.web.servlet.FrameworkServlet.doGet(FrameworkServlet.java:898)
	at javax.servlet.http.HttpServlet.service(HttpServlet.java:626)
	at org.springframework.web.servlet.FrameworkServlet.service(FrameworkServlet.java:883)
	at javax.servlet.http.HttpServlet.service(HttpServlet.java:733)
	at org.apache.catalina.core.ApplicationFilterChain.internalDoFilter(ApplicationFilterChain.java:231)
	at org.apache.catalina.core.ApplicationFilterChain.doFilter(ApplicationFilterChain.java:166)
	at org.apache.tomcat.websocket.server.WsFilter.doFilter(WsFilter.java:53)
	at org.apache.catalina.core.ApplicationFilterChain.internalDoFilter(ApplicationFilterChain.java:193)
	at org.apache.catalina.core.ApplicationFilterChain.doFilter(ApplicationFilterChain.java:166)
	at org.springframework.web.filter.RequestContextFilter.doFilterInternal(RequestContextFilter.java:100)
	at org.springframework.web.filter.OncePerRequestFilter.doFilter(OncePerRequestFilter.java:119)
	at org.apache.catalina.core.ApplicationFilterChain.internalDoFilter(ApplicationFilterChain.java:193)
	at org.apache.catalina.core.ApplicationFilterChain.doFilter(ApplicationFilterChain.java:166)
	at org.springframework.web.filter.FormContentFilter.doFilterInternal(FormContentFilter.java:93)
	at org.springframework.web.filter.OncePerRequestFilter.doFilter(OncePerRequestFilter.java:119)
	at org.apache.catalina.core.ApplicationFilterChain.internalDoFilter(ApplicationFilterChain.java:193)
	at org.apache.catalina.core.ApplicationFilterChain.doFilter(ApplicationFilterChain.java:166)
	at org.springframework.web.filter.CharacterEncodingFilter.doFilterInternal(CharacterEncodingFilter.java:201)
	at org.springframework.web.filter.OncePerRequestFilter.doFilter(OncePerRequestFilter.java:119)
	at org.apache.catalina.core.ApplicationFilterChain.internalDoFilter(ApplicationFilterChain.java:193)
	at org.apache.catalina.core.ApplicationFilterChain.doFilter(ApplicationFilterChain.java:166)
	at org.apache.catalina.core.StandardWrapperValve.invoke(StandardWrapperValve.java:202)
	at org.apache.catalina.core.StandardContextValve.invoke(StandardContextValve.java:97)
	at org.apache.catalina.authenticator.AuthenticatorBase.invoke(AuthenticatorBase.java:542)
	at org.apache.catalina.core.StandardHostValve.invoke(StandardHostValve.java:143)
	at org.apache.catalina.valves.ErrorReportValve.invoke(ErrorReportValve.java:92)
	at org.apache.catalina.core.StandardEngineValve.invoke(StandardEngineValve.java:78)
	at org.apache.catalina.connector.CoyoteAdapter.service(CoyoteAdapter.java:343)
	at org.apache.coyote.http11.Http11Processor.service(Http11Processor.java:374)
	at org.apache.coyote.AbstractProcessorLight.process(AbstractProcessorLight.java:65)
	at org.apache.coyote.AbstractProtocol$ConnectionHandler.process(AbstractProtocol.java:888)
	at org.apache.tomcat.util.net.NioEndpoint$SocketProcessor.doRun(NioEndpoint.java:1597)
	at org.apache.tomcat.util.net.SocketProcessorBase.run(SocketProcessorBase.java:49)
	at java.util.concurrent.ThreadPoolExecutor.runWorker(ThreadPoolExecutor.java:1149)
	at java.util.concurrent.ThreadPoolExecutor$Worker.run(ThreadPoolExecutor.java:624)
	at org.apache.tomcat.util.threads.TaskThread$WrappingRunnable.run(TaskThread.java:61)
	at java.lang.Thread.run(Thread.java:748)
2023-03-07 12:27:34,488 WARN [http-nio-63040-exec-3][AbstractSerializableParameter.java:421] - Illegal DefaultValue null for parameter type integer
java.lang.NumberFormatException: For input string: ""
	at java.lang.NumberFormatException.forInputString(NumberFormatException.java:65)
	at java.lang.Long.parseLong(Long.java:601)
	at java.lang.Long.valueOf(Long.java:803)
	at io.swagger.models.parameters.AbstractSerializableParameter.getExample(AbstractSerializableParameter.java:412)
	at sun.reflect.NativeMethodAccessorImpl.invoke0(Native Method)
	at sun.reflect.NativeMethodAccessorImpl.invoke(NativeMethodAccessorImpl.java:62)
	at sun.reflect.DelegatingMethodAccessorImpl.invoke(DelegatingMethodAccessorImpl.java:43)
	at java.lang.reflect.Method.invoke(Method.java:498)
	at com.fasterxml.jackson.databind.ser.BeanPropertyWriter.serializeAsField(BeanPropertyWriter.java:689)
	at com.fasterxml.jackson.databind.ser.std.BeanSerializerBase.serializeFields(BeanSerializerBase.java:755)
	at com.fasterxml.jackson.databind.ser.BeanSerializer.serialize(BeanSerializer.java:178)
	at com.fasterxml.jackson.databind.ser.impl.IndexedListSerializer.serializeContents(IndexedListSerializer.java:119)
	at com.fasterxml.jackson.databind.ser.impl.IndexedListSerializer.serialize(IndexedListSerializer.java:79)
	at com.fasterxml.jackson.databind.ser.impl.IndexedListSerializer.serialize(IndexedListSerializer.java:18)
	at com.fasterxml.jackson.databind.ser.BeanPropertyWriter.serializeAsField(BeanPropertyWriter.java:728)
	at com.fasterxml.jackson.databind.ser.std.BeanSerializerBase.serializeFields(BeanSerializerBase.java:755)
	at com.fasterxml.jackson.databind.ser.BeanSerializer.serialize(BeanSerializer.java:178)
	at com.fasterxml.jackson.databind.ser.BeanPropertyWriter.serializeAsField(BeanPropertyWriter.java:728)
	at com.fasterxml.jackson.databind.ser.std.BeanSerializerBase.serializeFields(BeanSerializerBase.java:755)
	at com.fasterxml.jackson.databind.ser.BeanSerializer.serialize(BeanSerializer.java:178)
	at com.fasterxml.jackson.databind.ser.std.MapSerializer.serializeFields(MapSerializer.java:726)
	at com.fasterxml.jackson.databind.ser.std.MapSerializer.serializeWithoutTypeInfo(MapSerializer.java:681)
	at com.fasterxml.jackson.databind.ser.std.MapSerializer.serialize(MapSerializer.java:637)
	at com.fasterxml.jackson.databind.ser.std.MapSerializer.serialize(MapSerializer.java:33)
	at com.fasterxml.jackson.databind.ser.BeanPropertyWriter.serializeAsField(BeanPropertyWriter.java:728)
	at com.fasterxml.jackson.databind.ser.std.BeanSerializerBase.serializeFields(BeanSerializerBase.java:755)
	at com.fasterxml.jackson.databind.ser.BeanSerializer.serialize(BeanSerializer.java:178)
	at com.fasterxml.jackson.databind.ser.DefaultSerializerProvider._serialize(DefaultSerializerProvider.java:480)
	at com.fasterxml.jackson.databind.ser.DefaultSerializerProvider.serializeValue(DefaultSerializerProvider.java:319)
	at com.fasterxml.jackson.databind.ObjectMapper._writeValueAndClose(ObjectMapper.java:4409)
	at com.fasterxml.jackson.databind.ObjectMapper.writeValueAsString(ObjectMapper.java:3663)
	at springfox.documentation.spring.web.json.JsonSerializer.toJson(JsonSerializer.java:38)
	at springfox.documentation.swagger2.web.Swagger2Controller.getDocumentation(Swagger2Controller.java:105)
	at sun.reflect.NativeMethodAccessorImpl.invoke0(Native Method)
	at sun.reflect.NativeMethodAccessorImpl.invoke(NativeMethodAccessorImpl.java:62)
	at sun.reflect.DelegatingMethodAccessorImpl.invoke(DelegatingMethodAccessorImpl.java:43)
	at java.lang.reflect.Method.invoke(Method.java:498)
	at org.springframework.web.method.support.InvocableHandlerMethod.doInvoke(InvocableHandlerMethod.java:190)
	at org.springframework.web.method.support.InvocableHandlerMethod.invokeForRequest(InvocableHandlerMethod.java:138)
	at org.springframework.web.servlet.mvc.method.annotation.ServletInvocableHandlerMethod.invokeAndHandle(ServletInvocableHandlerMethod.java:105)
	at org.springframework.web.servlet.mvc.method.annotation.RequestMappingHandlerAdapter.invokeHandlerMethod(RequestMappingHandlerAdapter.java:878)
	at org.springframework.web.servlet.mvc.method.annotation.RequestMappingHandlerAdapter.handleInternal(RequestMappingHandlerAdapter.java:792)
	at org.springframework.web.servlet.mvc.method.AbstractHandlerMethodAdapter.handle(AbstractHandlerMethodAdapter.java:87)
	at org.springframework.web.servlet.DispatcherServlet.doDispatch(DispatcherServlet.java:1040)
	at org.springframework.web.servlet.DispatcherServlet.doService(DispatcherServlet.java:943)
	at org.springframework.web.servlet.FrameworkServlet.processRequest(FrameworkServlet.java:1006)
	at org.springframework.web.servlet.FrameworkServlet.doGet(FrameworkServlet.java:898)
	at javax.servlet.http.HttpServlet.service(HttpServlet.java:626)
	at org.springframework.web.servlet.FrameworkServlet.service(FrameworkServlet.java:883)
	at javax.servlet.http.HttpServlet.service(HttpServlet.java:733)
	at org.apache.catalina.core.ApplicationFilterChain.internalDoFilter(ApplicationFilterChain.java:231)
	at org.apache.catalina.core.ApplicationFilterChain.doFilter(ApplicationFilterChain.java:166)
	at org.apache.tomcat.websocket.server.WsFilter.doFilter(WsFilter.java:53)
	at org.apache.catalina.core.ApplicationFilterChain.internalDoFilter(ApplicationFilterChain.java:193)
	at org.apache.catalina.core.ApplicationFilterChain.doFilter(ApplicationFilterChain.java:166)
	at org.springframework.web.filter.RequestContextFilter.doFilterInternal(RequestContextFilter.java:100)
	at org.springframework.web.filter.OncePerRequestFilter.doFilter(OncePerRequestFilter.java:119)
	at org.apache.catalina.core.ApplicationFilterChain.internalDoFilter(ApplicationFilterChain.java:193)
	at org.apache.catalina.core.ApplicationFilterChain.doFilter(ApplicationFilterChain.java:166)
	at org.springframework.web.filter.FormContentFilter.doFilterInternal(FormContentFilter.java:93)
	at org.springframework.web.filter.OncePerRequestFilter.doFilter(OncePerRequestFilter.java:119)
	at org.apache.catalina.core.ApplicationFilterChain.internalDoFilter(ApplicationFilterChain.java:193)
	at org.apache.catalina.core.ApplicationFilterChain.doFilter(ApplicationFilterChain.java:166)
	at org.springframework.web.filter.CharacterEncodingFilter.doFilterInternal(CharacterEncodingFilter.java:201)
	at org.springframework.web.filter.OncePerRequestFilter.doFilter(OncePerRequestFilter.java:119)
	at org.apache.catalina.core.ApplicationFilterChain.internalDoFilter(ApplicationFilterChain.java:193)
	at org.apache.catalina.core.ApplicationFilterChain.doFilter(ApplicationFilterChain.java:166)
	at org.apache.catalina.core.StandardWrapperValve.invoke(StandardWrapperValve.java:202)
	at org.apache.catalina.core.StandardContextValve.invoke(StandardContextValve.java:97)
	at org.apache.catalina.authenticator.AuthenticatorBase.invoke(AuthenticatorBase.java:542)
	at org.apache.catalina.core.StandardHostValve.invoke(StandardHostValve.java:143)
	at org.apache.catalina.valves.ErrorReportValve.invoke(ErrorReportValve.java:92)
	at org.apache.catalina.core.StandardEngineValve.invoke(StandardEngineValve.java:78)
	at org.apache.catalina.connector.CoyoteAdapter.service(CoyoteAdapter.java:343)
	at org.apache.coyote.http11.Http11Processor.service(Http11Processor.java:374)
	at org.apache.coyote.AbstractProcessorLight.process(AbstractProcessorLight.java:65)
	at org.apache.coyote.AbstractProtocol$ConnectionHandler.process(AbstractProtocol.java:888)
	at org.apache.tomcat.util.net.NioEndpoint$SocketProcessor.doRun(NioEndpoint.java:1597)
	at org.apache.tomcat.util.net.SocketProcessorBase.run(SocketProcessorBase.java:49)
	at java.util.concurrent.ThreadPoolExecutor.runWorker(ThreadPoolExecutor.java:1149)
	at java.util.concurrent.ThreadPoolExecutor$Worker.run(ThreadPoolExecutor.java:624)
	at org.apache.tomcat.util.threads.TaskThread$WrappingRunnable.run(TaskThread.java:61)
	at java.lang.Thread.run(Thread.java:748)
2023-03-07 12:44:44,799 DEBUG [http-nio-63040-exec-10][HikariConfig.java:1066] - HikariPool-1 - configuration:
2023-03-07 12:44:44,799 DEBUG [http-nio-63040-exec-10][HikariConfig.java:1066] - HikariPool-1 - configuration:
2023-03-07 12:44:44,800 DEBUG [http-nio-63040-exec-10][HikariConfig.java:1098] - allowPoolSuspension.............false
2023-03-07 12:44:44,800 DEBUG [http-nio-63040-exec-10][HikariConfig.java:1098] - allowPoolSuspension.............false
2023-03-07 12:44:44,800 DEBUG [http-nio-63040-exec-10][HikariConfig.java:1098] - autoCommit......................true
2023-03-07 12:44:44,800 DEBUG [http-nio-63040-exec-10][HikariConfig.java:1098] - autoCommit......................true
2023-03-07 12:44:44,801 DEBUG [http-nio-63040-exec-10][HikariConfig.java:1098] - catalog.........................none
2023-03-07 12:44:44,801 DEBUG [http-nio-63040-exec-10][HikariConfig.java:1098] - catalog.........................none
2023-03-07 12:44:44,801 DEBUG [http-nio-63040-exec-10][HikariConfig.java:1098] - connectionInitSql...............none
2023-03-07 12:44:44,801 DEBUG [http-nio-63040-exec-10][HikariConfig.java:1098] - connectionInitSql...............none
2023-03-07 12:44:44,801 DEBUG [http-nio-63040-exec-10][HikariConfig.java:1098] - connectionTestQuery.............none
2023-03-07 12:44:44,801 DEBUG [http-nio-63040-exec-10][HikariConfig.java:1098] - connectionTestQuery.............none
2023-03-07 12:44:44,801 DEBUG [http-nio-63040-exec-10][HikariConfig.java:1098] - connectionTimeout...............30000
2023-03-07 12:44:44,801 DEBUG [http-nio-63040-exec-10][HikariConfig.java:1098] - connectionTimeout...............30000
2023-03-07 12:44:44,801 DEBUG [http-nio-63040-exec-10][HikariConfig.java:1098] - dataSource......................none
2023-03-07 12:44:44,801 DEBUG [http-nio-63040-exec-10][HikariConfig.java:1098] - dataSource......................none
2023-03-07 12:44:44,801 DEBUG [http-nio-63040-exec-10][HikariConfig.java:1098] - dataSourceClassName.............none
2023-03-07 12:44:44,801 DEBUG [http-nio-63040-exec-10][HikariConfig.java:1098] - dataSourceClassName.............none
2023-03-07 12:44:44,801 DEBUG [http-nio-63040-exec-10][HikariConfig.java:1098] - dataSourceJNDI..................none
2023-03-07 12:44:44,801 DEBUG [http-nio-63040-exec-10][HikariConfig.java:1098] - dataSourceJNDI..................none
2023-03-07 12:44:44,802 DEBUG [http-nio-63040-exec-10][HikariConfig.java:1098] - dataSourceProperties............{password=<masked>}
2023-03-07 12:44:44,802 DEBUG [http-nio-63040-exec-10][HikariConfig.java:1098] - dataSourceProperties............{password=<masked>}
2023-03-07 12:44:44,802 DEBUG [http-nio-63040-exec-10][HikariConfig.java:1098] - driverClassName................."com.mysql.cj.jdbc.Driver"
2023-03-07 12:44:44,802 DEBUG [http-nio-63040-exec-10][HikariConfig.java:1098] - driverClassName................."com.mysql.cj.jdbc.Driver"
2023-03-07 12:44:44,802 DEBUG [http-nio-63040-exec-10][HikariConfig.java:1098] - exceptionOverrideClassName......none
2023-03-07 12:44:44,802 DEBUG [http-nio-63040-exec-10][HikariConfig.java:1098] - exceptionOverrideClassName......none
2023-03-07 12:44:44,802 DEBUG [http-nio-63040-exec-10][HikariConfig.java:1098] - healthCheckProperties...........{}
2023-03-07 12:44:44,802 DEBUG [http-nio-63040-exec-10][HikariConfig.java:1098] - healthCheckProperties...........{}
2023-03-07 12:44:44,803 DEBUG [http-nio-63040-exec-10][HikariConfig.java:1098] - healthCheckRegistry.............none
2023-03-07 12:44:44,803 DEBUG [http-nio-63040-exec-10][HikariConfig.java:1098] - healthCheckRegistry.............none
2023-03-07 12:44:44,803 DEBUG [http-nio-63040-exec-10][HikariConfig.java:1098] - idleTimeout.....................600000
2023-03-07 12:44:44,803 DEBUG [http-nio-63040-exec-10][HikariConfig.java:1098] - idleTimeout.....................600000
2023-03-07 12:44:44,803 DEBUG [http-nio-63040-exec-10][HikariConfig.java:1098] - initializationFailTimeout.......1
2023-03-07 12:44:44,803 DEBUG [http-nio-63040-exec-10][HikariConfig.java:1098] - initializationFailTimeout.......1
2023-03-07 12:44:44,803 DEBUG [http-nio-63040-exec-10][HikariConfig.java:1098] - isolateInternalQueries..........false
2023-03-07 12:44:44,803 DEBUG [http-nio-63040-exec-10][HikariConfig.java:1098] - isolateInternalQueries..........false
2023-03-07 12:44:44,804 DEBUG [http-nio-63040-exec-10][HikariConfig.java:1098] - jdbcUrl.........................jdbc:mysql://localhost:3306/xc148_content?serverTimezone=UTC&userUnicode=true&useSSL=false&
2023-03-07 12:44:44,804 DEBUG [http-nio-63040-exec-10][HikariConfig.java:1098] - jdbcUrl.........................jdbc:mysql://localhost:3306/xc148_content?serverTimezone=UTC&userUnicode=true&useSSL=false&
2023-03-07 12:44:44,804 DEBUG [http-nio-63040-exec-10][HikariConfig.java:1098] - leakDetectionThreshold..........0
2023-03-07 12:44:44,804 DEBUG [http-nio-63040-exec-10][HikariConfig.java:1098] - leakDetectionThreshold..........0
2023-03-07 12:44:44,805 DEBUG [http-nio-63040-exec-10][HikariConfig.java:1098] - maxLifetime.....................1800000
2023-03-07 12:44:44,805 DEBUG [http-nio-63040-exec-10][HikariConfig.java:1098] - maxLifetime.....................1800000
2023-03-07 12:44:44,805 DEBUG [http-nio-63040-exec-10][HikariConfig.java:1098] - maximumPoolSize.................10
2023-03-07 12:44:44,805 DEBUG [http-nio-63040-exec-10][HikariConfig.java:1098] - maximumPoolSize.................10
2023-03-07 12:44:44,805 DEBUG [http-nio-63040-exec-10][HikariConfig.java:1098] - metricRegistry..................none
2023-03-07 12:44:44,805 DEBUG [http-nio-63040-exec-10][HikariConfig.java:1098] - metricRegistry..................none
2023-03-07 12:44:44,806 DEBUG [http-nio-63040-exec-10][HikariConfig.java:1098] - metricsTrackerFactory...........none
2023-03-07 12:44:44,806 DEBUG [http-nio-63040-exec-10][HikariConfig.java:1098] - metricsTrackerFactory...........none
2023-03-07 12:44:44,806 DEBUG [http-nio-63040-exec-10][HikariConfig.java:1098] - minimumIdle.....................10
2023-03-07 12:44:44,806 DEBUG [http-nio-63040-exec-10][HikariConfig.java:1098] - minimumIdle.....................10
2023-03-07 12:44:44,807 DEBUG [http-nio-63040-exec-10][HikariConfig.java:1098] - password........................<masked>
2023-03-07 12:44:44,807 DEBUG [http-nio-63040-exec-10][HikariConfig.java:1098] - password........................<masked>
2023-03-07 12:44:44,807 DEBUG [http-nio-63040-exec-10][HikariConfig.java:1098] - poolName........................"HikariPool-1"
2023-03-07 12:44:44,807 DEBUG [http-nio-63040-exec-10][HikariConfig.java:1098] - poolName........................"HikariPool-1"
2023-03-07 12:44:44,808 DEBUG [http-nio-63040-exec-10][HikariConfig.java:1098] - readOnly........................false
2023-03-07 12:44:44,808 DEBUG [http-nio-63040-exec-10][HikariConfig.java:1098] - readOnly........................false
2023-03-07 12:44:44,808 DEBUG [http-nio-63040-exec-10][HikariConfig.java:1098] - registerMbeans..................false
2023-03-07 12:44:44,808 DEBUG [http-nio-63040-exec-10][HikariConfig.java:1098] - registerMbeans..................false
2023-03-07 12:44:44,808 DEBUG [http-nio-63040-exec-10][HikariConfig.java:1098] - scheduledExecutor...............none
2023-03-07 12:44:44,808 DEBUG [http-nio-63040-exec-10][HikariConfig.java:1098] - scheduledExecutor...............none
2023-03-07 12:44:44,808 DEBUG [http-nio-63040-exec-10][HikariConfig.java:1098] - schema..........................none
2023-03-07 12:44:44,808 DEBUG [http-nio-63040-exec-10][HikariConfig.java:1098] - schema..........................none
2023-03-07 12:44:44,808 DEBUG [http-nio-63040-exec-10][HikariConfig.java:1098] - threadFactory...................internal
2023-03-07 12:44:44,808 DEBUG [http-nio-63040-exec-10][HikariConfig.java:1098] - threadFactory...................internal
2023-03-07 12:44:44,808 DEBUG [http-nio-63040-exec-10][HikariConfig.java:1098] - transactionIsolation............default
2023-03-07 12:44:44,808 DEBUG [http-nio-63040-exec-10][HikariConfig.java:1098] - transactionIsolation............default
2023-03-07 12:44:44,808 DEBUG [http-nio-63040-exec-10][HikariConfig.java:1098] - username........................"root"
2023-03-07 12:44:44,808 DEBUG [http-nio-63040-exec-10][HikariConfig.java:1098] - username........................"root"
2023-03-07 12:44:44,808 DEBUG [http-nio-63040-exec-10][HikariConfig.java:1098] - validationTimeout...............5000
2023-03-07 12:44:44,808 DEBUG [http-nio-63040-exec-10][HikariConfig.java:1098] - validationTimeout...............5000
2023-03-07 12:44:44,810 INFO [http-nio-63040-exec-10][HikariDataSource.java:110] - HikariPool-1 - Starting...
2023-03-07 12:44:44,810 INFO [http-nio-63040-exec-10][HikariDataSource.java:110] - HikariPool-1 - Starting...
2023-03-07 12:44:44,976 DEBUG [http-nio-63040-exec-10][HikariPool.java:564] - HikariPool-1 - Added connection com.mysql.cj.jdbc.ConnectionImpl@4187a85
2023-03-07 12:44:44,976 DEBUG [http-nio-63040-exec-10][HikariPool.java:564] - HikariPool-1 - Added connection com.mysql.cj.jdbc.ConnectionImpl@4187a85
2023-03-07 12:44:44,978 INFO [http-nio-63040-exec-10][HikariDataSource.java:123] - HikariPool-1 - Start completed.
2023-03-07 12:44:44,978 INFO [http-nio-63040-exec-10][HikariDataSource.java:123] - HikariPool-1 - Start completed.
2023-03-07 12:44:45,090 DEBUG [http-nio-63040-exec-10][BaseJdbcLogger.java:137] - ==>  Preparing: INSERT INTO course_base ( company_id, name, users, tags, mt, st, grade, teachmode, description, pic, create_date, change_date, audit_status, status ) VALUES ( ?, ?, ?, ?, ?, ?, ?, ?, ?, ?, ?, ?, ?, ? )
2023-03-07 12:44:45,090 DEBUG [http-nio-63040-exec-10][BaseJdbcLogger.java:137] - ==>  Preparing: INSERT INTO course_base ( company_id, name, users, tags, mt, st, grade, teachmode, description, pic, create_date, change_date, audit_status, status ) VALUES ( ?, ?, ?, ?, ?, ?, ?, ?, ?, ?, ?, ?, ?, ? )
2023-03-07 12:44:45,093 DEBUG [HikariPool-1 housekeeper][HikariPool.java:421] - HikariPool-1 - Pool stats (total=1, active=1, idle=0, waiting=0)
2023-03-07 12:44:45,093 DEBUG [HikariPool-1 housekeeper][HikariPool.java:421] - HikariPool-1 - Pool stats (total=1, active=1, idle=0, waiting=0)
2023-03-07 12:44:45,099 DEBUG [HikariPool-1 connection adder][HikariPool.java:728] - HikariPool-1 - Added connection com.mysql.cj.jdbc.ConnectionImpl@36241caa
2023-03-07 12:44:45,099 DEBUG [HikariPool-1 connection adder][HikariPool.java:728] - HikariPool-1 - Added connection com.mysql.cj.jdbc.ConnectionImpl@36241caa
2023-03-07 12:44:45,102 DEBUG [HikariPool-1 connection adder][HikariPool.java:728] - HikariPool-1 - Added connection com.mysql.cj.jdbc.ConnectionImpl@77191691
2023-03-07 12:44:45,102 DEBUG [HikariPool-1 connection adder][HikariPool.java:728] - HikariPool-1 - Added connection com.mysql.cj.jdbc.ConnectionImpl@77191691
2023-03-07 12:44:45,105 DEBUG [HikariPool-1 connection adder][HikariPool.java:728] - HikariPool-1 - Added connection com.mysql.cj.jdbc.ConnectionImpl@46240789
2023-03-07 12:44:45,105 DEBUG [HikariPool-1 connection adder][HikariPool.java:728] - HikariPool-1 - Added connection com.mysql.cj.jdbc.ConnectionImpl@46240789
2023-03-07 12:44:45,108 DEBUG [HikariPool-1 connection adder][HikariPool.java:728] - HikariPool-1 - Added connection com.mysql.cj.jdbc.ConnectionImpl@1736e9de
2023-03-07 12:44:45,108 DEBUG [HikariPool-1 connection adder][HikariPool.java:728] - HikariPool-1 - Added connection com.mysql.cj.jdbc.ConnectionImpl@1736e9de
2023-03-07 12:44:45,118 DEBUG [HikariPool-1 connection adder][HikariPool.java:728] - HikariPool-1 - Added connection com.mysql.cj.jdbc.ConnectionImpl@3df4dff6
2023-03-07 12:44:45,118 DEBUG [HikariPool-1 connection adder][HikariPool.java:728] - HikariPool-1 - Added connection com.mysql.cj.jdbc.ConnectionImpl@3df4dff6
2023-03-07 12:44:45,121 DEBUG [http-nio-63040-exec-10][BaseJdbcLogger.java:137] - ==> Parameters: 22(Long), (String), (String), teach(String), 1-9(String), 1-9-2(String), 204001(String), 200002(String), (String), (String), 2023-03-07T12:44:45.041(LocalDateTime), null, 202002(String), 203001(String)
2023-03-07 12:44:45,121 DEBUG [HikariPool-1 connection adder][HikariPool.java:728] - HikariPool-1 - Added connection com.mysql.cj.jdbc.ConnectionImpl@13781249
2023-03-07 12:44:45,121 DEBUG [http-nio-63040-exec-10][BaseJdbcLogger.java:137] - ==> Parameters: 22(Long), (String), (String), teach(String), 1-9(String), 1-9-2(String), 204001(String), 200002(String), (String), (String), 2023-03-07T12:44:45.041(LocalDateTime), null, 202002(String), 203001(String)
2023-03-07 12:44:45,121 DEBUG [HikariPool-1 connection adder][HikariPool.java:728] - HikariPool-1 - Added connection com.mysql.cj.jdbc.ConnectionImpl@13781249
2023-03-07 12:44:45,125 DEBUG [HikariPool-1 connection adder][HikariPool.java:728] - HikariPool-1 - Added connection com.mysql.cj.jdbc.ConnectionImpl@37484648
2023-03-07 12:44:45,125 DEBUG [HikariPool-1 connection adder][HikariPool.java:728] - HikariPool-1 - Added connection com.mysql.cj.jdbc.ConnectionImpl@37484648
2023-03-07 12:44:45,128 DEBUG [HikariPool-1 connection adder][HikariPool.java:728] - HikariPool-1 - Added connection com.mysql.cj.jdbc.ConnectionImpl@446dabab
2023-03-07 12:44:45,128 DEBUG [HikariPool-1 connection adder][HikariPool.java:728] - HikariPool-1 - Added connection com.mysql.cj.jdbc.ConnectionImpl@446dabab
2023-03-07 12:44:45,132 DEBUG [HikariPool-1 connection adder][HikariPool.java:728] - HikariPool-1 - Added connection com.mysql.cj.jdbc.ConnectionImpl@94e70bd
2023-03-07 12:44:45,132 DEBUG [HikariPool-1 connection adder][HikariPool.java:728] - HikariPool-1 - Added connection com.mysql.cj.jdbc.ConnectionImpl@94e70bd
2023-03-07 12:44:45,132 DEBUG [HikariPool-1 connection adder][HikariPool.java:421] - HikariPool-1 - After adding stats (total=10, active=1, idle=9, waiting=0)
2023-03-07 12:44:45,132 DEBUG [HikariPool-1 connection adder][HikariPool.java:421] - HikariPool-1 - After adding stats (total=10, active=1, idle=9, waiting=0)
2023-03-07 12:44:45,136 DEBUG [http-nio-63040-exec-10][BaseJdbcLogger.java:137] - <==    Updates: 1
2023-03-07 12:44:45,136 DEBUG [http-nio-63040-exec-10][BaseJdbcLogger.java:137] - <==    Updates: 1
2023-03-07 12:44:45,150 DEBUG [http-nio-63040-exec-10][BaseJdbcLogger.java:137] - ==>  Preparing: INSERT INTO course_market ( id, charge, price, original_price, qq, wechat, phone, valid_days ) VALUES ( ?, ?, ?, ?, ?, ?, ?, ? )
2023-03-07 12:44:45,150 DEBUG [http-nio-63040-exec-10][BaseJdbcLogger.java:137] - ==>  Preparing: INSERT INTO course_market ( id, charge, price, original_price, qq, wechat, phone, valid_days ) VALUES ( ?, ?, ?, ?, ?, ?, ?, ? )
2023-03-07 12:44:45,150 DEBUG [http-nio-63040-exec-10][BaseJdbcLogger.java:137] - ==> Parameters: 118(Long), 201001(String), 18888.0(Float), 19998.0(Float), 112344556(String), pp444(String), 114514(String), 365(Integer)
2023-03-07 12:44:45,150 DEBUG [http-nio-63040-exec-10][BaseJdbcLogger.java:137] - ==> Parameters: 118(Long), 201001(String), 18888.0(Float), 19998.0(Float), 112344556(String), pp444(String), 114514(String), 365(Integer)
2023-03-07 12:44:45,154 DEBUG [http-nio-63040-exec-10][BaseJdbcLogger.java:137] - <==    Updates: 1
2023-03-07 12:44:45,154 DEBUG [http-nio-63040-exec-10][BaseJdbcLogger.java:137] - <==    Updates: 1
2023-03-07 12:44:45,156 DEBUG [http-nio-63040-exec-10][BaseJdbcLogger.java:137] - ==>  Preparing: SELECT id,company_id,company_name,name,users,tags,mt,st,grade,teachmode,description,pic,create_date,change_date,create_people,change_people,audit_status,status FROM course_base WHERE id=?
2023-03-07 12:44:45,156 DEBUG [http-nio-63040-exec-10][BaseJdbcLogger.java:137] - ==>  Preparing: SELECT id,company_id,company_name,name,users,tags,mt,st,grade,teachmode,description,pic,create_date,change_date,create_people,change_people,audit_status,status FROM course_base WHERE id=?
2023-03-07 12:44:45,157 DEBUG [http-nio-63040-exec-10][BaseJdbcLogger.java:137] - ==> Parameters: 118(Long)
2023-03-07 12:44:45,157 DEBUG [http-nio-63040-exec-10][BaseJdbcLogger.java:137] - ==> Parameters: 118(Long)
2023-03-07 12:44:45,168 DEBUG [http-nio-63040-exec-10][BaseJdbcLogger.java:137] - <==      Total: 1
2023-03-07 12:44:45,168 DEBUG [http-nio-63040-exec-10][BaseJdbcLogger.java:137] - <==      Total: 1
2023-03-07 12:44:45,173 DEBUG [http-nio-63040-exec-10][BaseJdbcLogger.java:137] - ==>  Preparing: SELECT id,charge,price,original_price,qq,wechat,phone,valid_days FROM course_market WHERE id=?
2023-03-07 12:44:45,173 DEBUG [http-nio-63040-exec-10][BaseJdbcLogger.java:137] - ==>  Preparing: SELECT id,charge,price,original_price,qq,wechat,phone,valid_days FROM course_market WHERE id=?
2023-03-07 12:44:45,173 DEBUG [http-nio-63040-exec-10][BaseJdbcLogger.java:137] - ==> Parameters: 118(Long)
2023-03-07 12:44:45,173 DEBUG [http-nio-63040-exec-10][BaseJdbcLogger.java:137] - ==> Parameters: 118(Long)
2023-03-07 12:44:45,175 DEBUG [http-nio-63040-exec-10][BaseJdbcLogger.java:137] - <==      Total: 1
2023-03-07 12:44:45,175 DEBUG [http-nio-63040-exec-10][BaseJdbcLogger.java:137] - <==      Total: 1
2023-03-07 12:44:45,177 DEBUG [http-nio-63040-exec-10][BaseJdbcLogger.java:137] - ==>  Preparing: SELECT id,name,label,parentid,is_show,orderby,is_leaf FROM course_category WHERE id=?
2023-03-07 12:44:45,177 DEBUG [http-nio-63040-exec-10][BaseJdbcLogger.java:137] - ==>  Preparing: SELECT id,name,label,parentid,is_show,orderby,is_leaf FROM course_category WHERE id=?
2023-03-07 12:44:45,177 DEBUG [http-nio-63040-exec-10][BaseJdbcLogger.java:137] - ==> Parameters: 1-9(String)
2023-03-07 12:44:45,177 DEBUG [http-nio-63040-exec-10][BaseJdbcLogger.java:137] - ==> Parameters: 1-9(String)
2023-03-07 12:44:45,178 DEBUG [http-nio-63040-exec-10][BaseJdbcLogger.java:137] - <==      Total: 1
2023-03-07 12:44:45,178 DEBUG [http-nio-63040-exec-10][BaseJdbcLogger.java:137] - <==      Total: 1
2023-03-07 12:44:45,178 DEBUG [http-nio-63040-exec-10][BaseJdbcLogger.java:137] - ==>  Preparing: SELECT id,name,label,parentid,is_show,orderby,is_leaf FROM course_category WHERE id=?
2023-03-07 12:44:45,178 DEBUG [http-nio-63040-exec-10][BaseJdbcLogger.java:137] - ==>  Preparing: SELECT id,name,label,parentid,is_show,orderby,is_leaf FROM course_category WHERE id=?
2023-03-07 12:44:45,180 DEBUG [http-nio-63040-exec-10][BaseJdbcLogger.java:137] - ==> Parameters: 1-9-2(String)
2023-03-07 12:44:45,180 DEBUG [http-nio-63040-exec-10][BaseJdbcLogger.java:137] - ==> Parameters: 1-9-2(String)
2023-03-07 12:44:45,180 DEBUG [http-nio-63040-exec-10][BaseJdbcLogger.java:137] - <==      Total: 1
2023-03-07 12:44:45,180 DEBUG [http-nio-63040-exec-10][BaseJdbcLogger.java:137] - <==      Total: 1
2023-03-07 12:45:15,098 DEBUG [HikariPool-1 housekeeper][HikariPool.java:421] - HikariPool-1 - Pool stats (total=10, active=0, idle=10, waiting=0)
2023-03-07 12:45:15,098 DEBUG [HikariPool-1 housekeeper][HikariPool.java:421] - HikariPool-1 - Pool stats (total=10, active=0, idle=10, waiting=0)
2023-03-07 12:45:15,098 DEBUG [HikariPool-1 housekeeper][HikariPool.java:517] - HikariPool-1 - Fill pool skipped, pool is at sufficient level.
2023-03-07 12:45:15,098 DEBUG [HikariPool-1 housekeeper][HikariPool.java:517] - HikariPool-1 - Fill pool skipped, pool is at sufficient level.
2023-03-07 12:45:45,106 DEBUG [HikariPool-1 housekeeper][HikariPool.java:421] - HikariPool-1 - Pool stats (total=10, active=0, idle=10, waiting=0)
2023-03-07 12:45:45,106 DEBUG [HikariPool-1 housekeeper][HikariPool.java:421] - HikariPool-1 - Pool stats (total=10, active=0, idle=10, waiting=0)
2023-03-07 12:45:45,106 DEBUG [HikariPool-1 housekeeper][HikariPool.java:517] - HikariPool-1 - Fill pool skipped, pool is at sufficient level.
2023-03-07 12:45:45,106 DEBUG [HikariPool-1 housekeeper][HikariPool.java:517] - HikariPool-1 - Fill pool skipped, pool is at sufficient level.
2023-03-07 12:46:15,110 DEBUG [HikariPool-1 housekeeper][HikariPool.java:421] - HikariPool-1 - Pool stats (total=10, active=0, idle=10, waiting=0)
2023-03-07 12:46:15,110 DEBUG [HikariPool-1 housekeeper][HikariPool.java:421] - HikariPool-1 - Pool stats (total=10, active=0, idle=10, waiting=0)
2023-03-07 12:46:15,110 DEBUG [HikariPool-1 housekeeper][HikariPool.java:517] - HikariPool-1 - Fill pool skipped, pool is at sufficient level.
2023-03-07 12:46:15,110 DEBUG [HikariPool-1 housekeeper][HikariPool.java:517] - HikariPool-1 - Fill pool skipped, pool is at sufficient level.
2023-03-07 12:46:45,119 DEBUG [HikariPool-1 housekeeper][HikariPool.java:421] - HikariPool-1 - Pool stats (total=10, active=0, idle=10, waiting=0)
2023-03-07 12:46:45,119 DEBUG [HikariPool-1 housekeeper][HikariPool.java:421] - HikariPool-1 - Pool stats (total=10, active=0, idle=10, waiting=0)
2023-03-07 12:46:45,119 DEBUG [HikariPool-1 housekeeper][HikariPool.java:517] - HikariPool-1 - Fill pool skipped, pool is at sufficient level.
2023-03-07 12:46:45,119 DEBUG [HikariPool-1 housekeeper][HikariPool.java:517] - HikariPool-1 - Fill pool skipped, pool is at sufficient level.
2023-03-07 12:47:15,120 DEBUG [HikariPool-1 housekeeper][HikariPool.java:421] - HikariPool-1 - Pool stats (total=10, active=0, idle=10, waiting=0)
2023-03-07 12:47:15,120 DEBUG [HikariPool-1 housekeeper][HikariPool.java:421] - HikariPool-1 - Pool stats (total=10, active=0, idle=10, waiting=0)
2023-03-07 12:47:15,120 DEBUG [HikariPool-1 housekeeper][HikariPool.java:517] - HikariPool-1 - Fill pool skipped, pool is at sufficient level.
2023-03-07 12:47:15,120 DEBUG [HikariPool-1 housekeeper][HikariPool.java:517] - HikariPool-1 - Fill pool skipped, pool is at sufficient level.
2023-03-07 12:47:45,136 DEBUG [HikariPool-1 housekeeper][HikariPool.java:421] - HikariPool-1 - Pool stats (total=10, active=0, idle=10, waiting=0)
2023-03-07 12:47:45,136 DEBUG [HikariPool-1 housekeeper][HikariPool.java:421] - HikariPool-1 - Pool stats (total=10, active=0, idle=10, waiting=0)
2023-03-07 12:47:45,136 DEBUG [HikariPool-1 housekeeper][HikariPool.java:517] - HikariPool-1 - Fill pool skipped, pool is at sufficient level.
2023-03-07 12:47:45,136 DEBUG [HikariPool-1 housekeeper][HikariPool.java:517] - HikariPool-1 - Fill pool skipped, pool is at sufficient level.
2023-03-07 12:48:15,143 DEBUG [HikariPool-1 housekeeper][HikariPool.java:421] - HikariPool-1 - Pool stats (total=10, active=0, idle=10, waiting=0)
2023-03-07 12:48:15,143 DEBUG [HikariPool-1 housekeeper][HikariPool.java:421] - HikariPool-1 - Pool stats (total=10, active=0, idle=10, waiting=0)
2023-03-07 12:48:15,143 DEBUG [HikariPool-1 housekeeper][HikariPool.java:517] - HikariPool-1 - Fill pool skipped, pool is at sufficient level.
2023-03-07 12:48:15,143 DEBUG [HikariPool-1 housekeeper][HikariPool.java:517] - HikariPool-1 - Fill pool skipped, pool is at sufficient level.
2023-03-07 12:48:45,153 DEBUG [HikariPool-1 housekeeper][HikariPool.java:421] - HikariPool-1 - Pool stats (total=10, active=0, idle=10, waiting=0)
2023-03-07 12:48:45,153 DEBUG [HikariPool-1 housekeeper][HikariPool.java:421] - HikariPool-1 - Pool stats (total=10, active=0, idle=10, waiting=0)
2023-03-07 12:48:45,153 DEBUG [HikariPool-1 housekeeper][HikariPool.java:517] - HikariPool-1 - Fill pool skipped, pool is at sufficient level.
2023-03-07 12:48:45,153 DEBUG [HikariPool-1 housekeeper][HikariPool.java:517] - HikariPool-1 - Fill pool skipped, pool is at sufficient level.
2023-03-07 12:49:15,160 DEBUG [HikariPool-1 housekeeper][HikariPool.java:421] - HikariPool-1 - Pool stats (total=10, active=0, idle=10, waiting=0)
2023-03-07 12:49:15,160 DEBUG [HikariPool-1 housekeeper][HikariPool.java:421] - HikariPool-1 - Pool stats (total=10, active=0, idle=10, waiting=0)
2023-03-07 12:49:15,160 DEBUG [HikariPool-1 housekeeper][HikariPool.java:517] - HikariPool-1 - Fill pool skipped, pool is at sufficient level.
2023-03-07 12:49:15,160 DEBUG [HikariPool-1 housekeeper][HikariPool.java:517] - HikariPool-1 - Fill pool skipped, pool is at sufficient level.
2023-03-07 12:49:45,168 DEBUG [HikariPool-1 housekeeper][HikariPool.java:421] - HikariPool-1 - Pool stats (total=10, active=0, idle=10, waiting=0)
2023-03-07 12:49:45,168 DEBUG [HikariPool-1 housekeeper][HikariPool.java:421] - HikariPool-1 - Pool stats (total=10, active=0, idle=10, waiting=0)
2023-03-07 12:49:45,168 DEBUG [HikariPool-1 housekeeper][HikariPool.java:517] - HikariPool-1 - Fill pool skipped, pool is at sufficient level.
2023-03-07 12:49:45,168 DEBUG [HikariPool-1 housekeeper][HikariPool.java:517] - HikariPool-1 - Fill pool skipped, pool is at sufficient level.
2023-03-07 12:50:15,169 DEBUG [HikariPool-1 housekeeper][HikariPool.java:421] - HikariPool-1 - Pool stats (total=10, active=0, idle=10, waiting=0)
2023-03-07 12:50:15,169 DEBUG [HikariPool-1 housekeeper][HikariPool.java:421] - HikariPool-1 - Pool stats (total=10, active=0, idle=10, waiting=0)
2023-03-07 12:50:15,169 DEBUG [HikariPool-1 housekeeper][HikariPool.java:517] - HikariPool-1 - Fill pool skipped, pool is at sufficient level.
2023-03-07 12:50:15,169 DEBUG [HikariPool-1 housekeeper][HikariPool.java:517] - HikariPool-1 - Fill pool skipped, pool is at sufficient level.
2023-03-07 12:50:45,173 DEBUG [HikariPool-1 housekeeper][HikariPool.java:421] - HikariPool-1 - Pool stats (total=10, active=0, idle=10, waiting=0)
2023-03-07 12:50:45,173 DEBUG [HikariPool-1 housekeeper][HikariPool.java:421] - HikariPool-1 - Pool stats (total=10, active=0, idle=10, waiting=0)
2023-03-07 12:50:45,173 DEBUG [HikariPool-1 housekeeper][HikariPool.java:517] - HikariPool-1 - Fill pool skipped, pool is at sufficient level.
2023-03-07 12:50:45,173 DEBUG [HikariPool-1 housekeeper][HikariPool.java:517] - HikariPool-1 - Fill pool skipped, pool is at sufficient level.
2023-03-07 12:51:15,184 DEBUG [HikariPool-1 housekeeper][HikariPool.java:421] - HikariPool-1 - Pool stats (total=10, active=0, idle=10, waiting=0)
2023-03-07 12:51:15,184 DEBUG [HikariPool-1 housekeeper][HikariPool.java:421] - HikariPool-1 - Pool stats (total=10, active=0, idle=10, waiting=0)
2023-03-07 12:51:15,184 DEBUG [HikariPool-1 housekeeper][HikariPool.java:517] - HikariPool-1 - Fill pool skipped, pool is at sufficient level.
2023-03-07 12:51:15,184 DEBUG [HikariPool-1 housekeeper][HikariPool.java:517] - HikariPool-1 - Fill pool skipped, pool is at sufficient level.
2023-03-07 12:51:45,194 DEBUG [HikariPool-1 housekeeper][HikariPool.java:421] - HikariPool-1 - Pool stats (total=10, active=0, idle=10, waiting=0)
2023-03-07 12:51:45,194 DEBUG [HikariPool-1 housekeeper][HikariPool.java:421] - HikariPool-1 - Pool stats (total=10, active=0, idle=10, waiting=0)
2023-03-07 12:51:45,194 DEBUG [HikariPool-1 housekeeper][HikariPool.java:517] - HikariPool-1 - Fill pool skipped, pool is at sufficient level.
2023-03-07 12:51:45,194 DEBUG [HikariPool-1 housekeeper][HikariPool.java:517] - HikariPool-1 - Fill pool skipped, pool is at sufficient level.
2023-03-07 12:52:15,202 DEBUG [HikariPool-1 housekeeper][HikariPool.java:421] - HikariPool-1 - Pool stats (total=10, active=0, idle=10, waiting=0)
2023-03-07 12:52:15,202 DEBUG [HikariPool-1 housekeeper][HikariPool.java:421] - HikariPool-1 - Pool stats (total=10, active=0, idle=10, waiting=0)
2023-03-07 12:52:15,202 DEBUG [HikariPool-1 housekeeper][HikariPool.java:517] - HikariPool-1 - Fill pool skipped, pool is at sufficient level.
2023-03-07 12:52:15,202 DEBUG [HikariPool-1 housekeeper][HikariPool.java:517] - HikariPool-1 - Fill pool skipped, pool is at sufficient level.
2023-03-07 12:52:45,209 DEBUG [HikariPool-1 housekeeper][HikariPool.java:421] - HikariPool-1 - Pool stats (total=10, active=0, idle=10, waiting=0)
2023-03-07 12:52:45,209 DEBUG [HikariPool-1 housekeeper][HikariPool.java:421] - HikariPool-1 - Pool stats (total=10, active=0, idle=10, waiting=0)
2023-03-07 12:52:45,209 DEBUG [HikariPool-1 housekeeper][HikariPool.java:517] - HikariPool-1 - Fill pool skipped, pool is at sufficient level.
2023-03-07 12:52:45,209 DEBUG [HikariPool-1 housekeeper][HikariPool.java:517] - HikariPool-1 - Fill pool skipped, pool is at sufficient level.
2023-03-07 12:53:15,214 DEBUG [HikariPool-1 housekeeper][HikariPool.java:421] - HikariPool-1 - Pool stats (total=10, active=0, idle=10, waiting=0)
2023-03-07 12:53:15,214 DEBUG [HikariPool-1 housekeeper][HikariPool.java:421] - HikariPool-1 - Pool stats (total=10, active=0, idle=10, waiting=0)
2023-03-07 12:53:15,214 DEBUG [HikariPool-1 housekeeper][HikariPool.java:517] - HikariPool-1 - Fill pool skipped, pool is at sufficient level.
2023-03-07 12:53:15,214 DEBUG [HikariPool-1 housekeeper][HikariPool.java:517] - HikariPool-1 - Fill pool skipped, pool is at sufficient level.
2023-03-07 12:53:45,222 DEBUG [HikariPool-1 housekeeper][HikariPool.java:421] - HikariPool-1 - Pool stats (total=10, active=0, idle=10, waiting=0)
2023-03-07 12:53:45,222 DEBUG [HikariPool-1 housekeeper][HikariPool.java:421] - HikariPool-1 - Pool stats (total=10, active=0, idle=10, waiting=0)
2023-03-07 12:53:45,222 DEBUG [HikariPool-1 housekeeper][HikariPool.java:517] - HikariPool-1 - Fill pool skipped, pool is at sufficient level.
2023-03-07 12:53:45,222 DEBUG [HikariPool-1 housekeeper][HikariPool.java:517] - HikariPool-1 - Fill pool skipped, pool is at sufficient level.
2023-03-07 12:54:15,230 DEBUG [HikariPool-1 housekeeper][HikariPool.java:421] - HikariPool-1 - Pool stats (total=10, active=0, idle=10, waiting=0)
2023-03-07 12:54:15,230 DEBUG [HikariPool-1 housekeeper][HikariPool.java:421] - HikariPool-1 - Pool stats (total=10, active=0, idle=10, waiting=0)
2023-03-07 12:54:15,230 DEBUG [HikariPool-1 housekeeper][HikariPool.java:517] - HikariPool-1 - Fill pool skipped, pool is at sufficient level.
2023-03-07 12:54:15,230 DEBUG [HikariPool-1 housekeeper][HikariPool.java:517] - HikariPool-1 - Fill pool skipped, pool is at sufficient level.
2023-03-07 12:54:45,236 DEBUG [HikariPool-1 housekeeper][HikariPool.java:421] - HikariPool-1 - Pool stats (total=10, active=0, idle=10, waiting=0)
2023-03-07 12:54:45,236 DEBUG [HikariPool-1 housekeeper][HikariPool.java:421] - HikariPool-1 - Pool stats (total=10, active=0, idle=10, waiting=0)
2023-03-07 12:54:45,236 DEBUG [HikariPool-1 housekeeper][HikariPool.java:517] - HikariPool-1 - Fill pool skipped, pool is at sufficient level.
2023-03-07 12:54:45,236 DEBUG [HikariPool-1 housekeeper][HikariPool.java:517] - HikariPool-1 - Fill pool skipped, pool is at sufficient level.
2023-03-07 12:55:15,245 DEBUG [HikariPool-1 housekeeper][HikariPool.java:421] - HikariPool-1 - Pool stats (total=10, active=0, idle=10, waiting=0)
2023-03-07 12:55:15,245 DEBUG [HikariPool-1 housekeeper][HikariPool.java:421] - HikariPool-1 - Pool stats (total=10, active=0, idle=10, waiting=0)
2023-03-07 12:55:15,246 DEBUG [HikariPool-1 housekeeper][HikariPool.java:517] - HikariPool-1 - Fill pool skipped, pool is at sufficient level.
2023-03-07 12:55:15,246 DEBUG [HikariPool-1 housekeeper][HikariPool.java:517] - HikariPool-1 - Fill pool skipped, pool is at sufficient level.
2023-03-07 12:55:45,249 DEBUG [HikariPool-1 housekeeper][HikariPool.java:421] - HikariPool-1 - Pool stats (total=10, active=0, idle=10, waiting=0)
2023-03-07 12:55:45,249 DEBUG [HikariPool-1 housekeeper][HikariPool.java:421] - HikariPool-1 - Pool stats (total=10, active=0, idle=10, waiting=0)
2023-03-07 12:55:45,249 DEBUG [HikariPool-1 housekeeper][HikariPool.java:517] - HikariPool-1 - Fill pool skipped, pool is at sufficient level.
2023-03-07 12:55:45,249 DEBUG [HikariPool-1 housekeeper][HikariPool.java:517] - HikariPool-1 - Fill pool skipped, pool is at sufficient level.
2023-03-07 12:56:15,262 DEBUG [HikariPool-1 housekeeper][HikariPool.java:421] - HikariPool-1 - Pool stats (total=10, active=0, idle=10, waiting=0)
2023-03-07 12:56:15,262 DEBUG [HikariPool-1 housekeeper][HikariPool.java:421] - HikariPool-1 - Pool stats (total=10, active=0, idle=10, waiting=0)
2023-03-07 12:56:15,262 DEBUG [HikariPool-1 housekeeper][HikariPool.java:517] - HikariPool-1 - Fill pool skipped, pool is at sufficient level.
2023-03-07 12:56:15,262 DEBUG [HikariPool-1 housekeeper][HikariPool.java:517] - HikariPool-1 - Fill pool skipped, pool is at sufficient level.
2023-03-07 12:56:45,270 DEBUG [HikariPool-1 housekeeper][HikariPool.java:421] - HikariPool-1 - Pool stats (total=10, active=0, idle=10, waiting=0)
2023-03-07 12:56:45,270 DEBUG [HikariPool-1 housekeeper][HikariPool.java:421] - HikariPool-1 - Pool stats (total=10, active=0, idle=10, waiting=0)
2023-03-07 12:56:45,270 DEBUG [HikariPool-1 housekeeper][HikariPool.java:517] - HikariPool-1 - Fill pool skipped, pool is at sufficient level.
2023-03-07 12:56:45,270 DEBUG [HikariPool-1 housekeeper][HikariPool.java:517] - HikariPool-1 - Fill pool skipped, pool is at sufficient level.
2023-03-07 12:57:15,277 DEBUG [HikariPool-1 housekeeper][HikariPool.java:421] - HikariPool-1 - Pool stats (total=10, active=0, idle=10, waiting=0)
2023-03-07 12:57:15,277 DEBUG [HikariPool-1 housekeeper][HikariPool.java:421] - HikariPool-1 - Pool stats (total=10, active=0, idle=10, waiting=0)
2023-03-07 12:57:15,277 DEBUG [HikariPool-1 housekeeper][HikariPool.java:517] - HikariPool-1 - Fill pool skipped, pool is at sufficient level.
2023-03-07 12:57:15,277 DEBUG [HikariPool-1 housekeeper][HikariPool.java:517] - HikariPool-1 - Fill pool skipped, pool is at sufficient level.
2023-03-07 12:57:45,281 DEBUG [HikariPool-1 housekeeper][HikariPool.java:421] - HikariPool-1 - Pool stats (total=10, active=0, idle=10, waiting=0)
2023-03-07 12:57:45,281 DEBUG [HikariPool-1 housekeeper][HikariPool.java:421] - HikariPool-1 - Pool stats (total=10, active=0, idle=10, waiting=0)
2023-03-07 12:57:45,281 DEBUG [HikariPool-1 housekeeper][HikariPool.java:517] - HikariPool-1 - Fill pool skipped, pool is at sufficient level.
2023-03-07 12:57:45,281 DEBUG [HikariPool-1 housekeeper][HikariPool.java:517] - HikariPool-1 - Fill pool skipped, pool is at sufficient level.
2023-03-07 12:58:15,295 DEBUG [HikariPool-1 housekeeper][HikariPool.java:421] - HikariPool-1 - Pool stats (total=10, active=0, idle=10, waiting=0)
2023-03-07 12:58:15,295 DEBUG [HikariPool-1 housekeeper][HikariPool.java:421] - HikariPool-1 - Pool stats (total=10, active=0, idle=10, waiting=0)
2023-03-07 12:58:15,295 DEBUG [HikariPool-1 housekeeper][HikariPool.java:517] - HikariPool-1 - Fill pool skipped, pool is at sufficient level.
2023-03-07 12:58:15,295 DEBUG [HikariPool-1 housekeeper][HikariPool.java:517] - HikariPool-1 - Fill pool skipped, pool is at sufficient level.
2023-03-07 12:58:45,311 DEBUG [HikariPool-1 housekeeper][HikariPool.java:421] - HikariPool-1 - Pool stats (total=10, active=0, idle=10, waiting=0)
2023-03-07 12:58:45,311 DEBUG [HikariPool-1 housekeeper][HikariPool.java:421] - HikariPool-1 - Pool stats (total=10, active=0, idle=10, waiting=0)
2023-03-07 12:58:45,311 DEBUG [HikariPool-1 housekeeper][HikariPool.java:517] - HikariPool-1 - Fill pool skipped, pool is at sufficient level.
2023-03-07 12:58:45,311 DEBUG [HikariPool-1 housekeeper][HikariPool.java:517] - HikariPool-1 - Fill pool skipped, pool is at sufficient level.
2023-03-07 12:59:15,325 DEBUG [HikariPool-1 housekeeper][HikariPool.java:421] - HikariPool-1 - Pool stats (total=10, active=0, idle=10, waiting=0)
2023-03-07 12:59:15,325 DEBUG [HikariPool-1 housekeeper][HikariPool.java:421] - HikariPool-1 - Pool stats (total=10, active=0, idle=10, waiting=0)
2023-03-07 12:59:15,325 DEBUG [HikariPool-1 housekeeper][HikariPool.java:517] - HikariPool-1 - Fill pool skipped, pool is at sufficient level.
2023-03-07 12:59:15,325 DEBUG [HikariPool-1 housekeeper][HikariPool.java:517] - HikariPool-1 - Fill pool skipped, pool is at sufficient level.
2023-03-07 12:59:45,330 DEBUG [HikariPool-1 housekeeper][HikariPool.java:421] - HikariPool-1 - Pool stats (total=10, active=0, idle=10, waiting=0)
2023-03-07 12:59:45,330 DEBUG [HikariPool-1 housekeeper][HikariPool.java:421] - HikariPool-1 - Pool stats (total=10, active=0, idle=10, waiting=0)
2023-03-07 12:59:45,330 DEBUG [HikariPool-1 housekeeper][HikariPool.java:517] - HikariPool-1 - Fill pool skipped, pool is at sufficient level.
2023-03-07 12:59:45,330 DEBUG [HikariPool-1 housekeeper][HikariPool.java:517] - HikariPool-1 - Fill pool skipped, pool is at sufficient level.
