2023-03-07 21:00:24,809 DEBUG [HikariPool-1 housekeeper][HikariPool.java:421] - HikariPool-1 - Pool stats (total=10, active=0, idle=10, waiting=0)
2023-03-07 21:00:24,809 DEBUG [HikariPool-1 housekeeper][HikariPool.java:421] - HikariPool-1 - Pool stats (total=10, active=0, idle=10, waiting=0)
2023-03-07 21:00:24,814 DEBUG [HikariPool-1 housekeeper][HikariPool.java:517] - HikariPool-1 - Fill pool skipped, pool is at sufficient level.
2023-03-07 21:00:24,814 DEBUG [HikariPool-1 housekeeper][HikariPool.java:517] - HikariPool-1 - Fill pool skipped, pool is at sufficient level.
2023-03-07 21:00:54,817 DEBUG [HikariPool-1 housekeeper][HikariPool.java:421] - HikariPool-1 - Pool stats (total=10, active=0, idle=10, waiting=0)
2023-03-07 21:00:54,817 DEBUG [HikariPool-1 housekeeper][HikariPool.java:421] - HikariPool-1 - Pool stats (total=10, active=0, idle=10, waiting=0)
2023-03-07 21:00:54,818 DEBUG [HikariPool-1 housekeeper][HikariPool.java:517] - HikariPool-1 - Fill pool skipped, pool is at sufficient level.
2023-03-07 21:00:54,818 DEBUG [HikariPool-1 housekeeper][HikariPool.java:517] - HikariPool-1 - Fill pool skipped, pool is at sufficient level.
2023-03-07 21:01:19,327 DEBUG [http-nio-63040-exec-7][BaseJdbcLogger.java:137] - ==>  Preparing: select one.id one_id, one.pname one_pname, one.parentid one_parentid, one.grade one_grade, one.media_type one_mediaType, one.start_time one_stratTime, one.end_time one_endTime, one.orderby one_orderby, one.course_id one_courseId, one.course_pub_id one_coursePubId, two.id two_id, two.pname two_pname, two.parentid two_parentid, two.grade two_grade, two.media_type two_mediaType, two.start_time two_stratTime, two.end_time two_endTime, two.orderby two_orderby, two.course_id two_courseId, two.course_pub_id two_coursePubId, m1.media_fileName mediaFilename, m1.id teachplanMeidaId, m1.media_id mediaId from teachplan one inner join teachplan two on one.id = two.parentid left join teachplan_media m1 on two.id = m1.teachplan_id where one.course_id = ? order by one.orderby, two.orderby
2023-03-07 21:01:19,327 DEBUG [http-nio-63040-exec-7][BaseJdbcLogger.java:137] - ==>  Preparing: select one.id one_id, one.pname one_pname, one.parentid one_parentid, one.grade one_grade, one.media_type one_mediaType, one.start_time one_stratTime, one.end_time one_endTime, one.orderby one_orderby, one.course_id one_courseId, one.course_pub_id one_coursePubId, two.id two_id, two.pname two_pname, two.parentid two_parentid, two.grade two_grade, two.media_type two_mediaType, two.start_time two_stratTime, two.end_time two_endTime, two.orderby two_orderby, two.course_id two_courseId, two.course_pub_id two_coursePubId, m1.media_fileName mediaFilename, m1.id teachplanMeidaId, m1.media_id mediaId from teachplan one inner join teachplan two on one.id = two.parentid left join teachplan_media m1 on two.id = m1.teachplan_id where one.course_id = ? order by one.orderby, two.orderby
2023-03-07 21:01:19,328 DEBUG [http-nio-63040-exec-7][BaseJdbcLogger.java:137] - ==> Parameters: 117(Long)
2023-03-07 21:01:19,328 DEBUG [http-nio-63040-exec-7][BaseJdbcLogger.java:137] - ==> Parameters: 117(Long)
2023-03-07 21:01:19,336 DEBUG [http-nio-63040-exec-7][BaseJdbcLogger.java:137] - <==      Total: 9
2023-03-07 21:01:19,336 DEBUG [http-nio-63040-exec-7][BaseJdbcLogger.java:137] - <==      Total: 9
2023-03-07 21:01:21,525 DEBUG [http-nio-63040-exec-2][BaseJdbcLogger.java:137] - ==>  Preparing: select one.id one_id, one.pname one_pname, one.parentid one_parentid, one.grade one_grade, one.media_type one_mediaType, one.start_time one_stratTime, one.end_time one_endTime, one.orderby one_orderby, one.course_id one_courseId, one.course_pub_id one_coursePubId, two.id two_id, two.pname two_pname, two.parentid two_parentid, two.grade two_grade, two.media_type two_mediaType, two.start_time two_stratTime, two.end_time two_endTime, two.orderby two_orderby, two.course_id two_courseId, two.course_pub_id two_coursePubId, m1.media_fileName mediaFilename, m1.id teachplanMeidaId, m1.media_id mediaId from teachplan one inner join teachplan two on one.id = two.parentid left join teachplan_media m1 on two.id = m1.teachplan_id where one.course_id = ? order by one.orderby, two.orderby
2023-03-07 21:01:21,525 DEBUG [http-nio-63040-exec-2][BaseJdbcLogger.java:137] - ==>  Preparing: select one.id one_id, one.pname one_pname, one.parentid one_parentid, one.grade one_grade, one.media_type one_mediaType, one.start_time one_stratTime, one.end_time one_endTime, one.orderby one_orderby, one.course_id one_courseId, one.course_pub_id one_coursePubId, two.id two_id, two.pname two_pname, two.parentid two_parentid, two.grade two_grade, two.media_type two_mediaType, two.start_time two_stratTime, two.end_time two_endTime, two.orderby two_orderby, two.course_id two_courseId, two.course_pub_id two_coursePubId, m1.media_fileName mediaFilename, m1.id teachplanMeidaId, m1.media_id mediaId from teachplan one inner join teachplan two on one.id = two.parentid left join teachplan_media m1 on two.id = m1.teachplan_id where one.course_id = ? order by one.orderby, two.orderby
2023-03-07 21:01:21,525 DEBUG [http-nio-63040-exec-2][BaseJdbcLogger.java:137] - ==> Parameters: 117(Long)
2023-03-07 21:01:21,525 DEBUG [http-nio-63040-exec-2][BaseJdbcLogger.java:137] - ==> Parameters: 117(Long)
2023-03-07 21:01:21,532 DEBUG [http-nio-63040-exec-2][BaseJdbcLogger.java:137] - <==      Total: 9
2023-03-07 21:01:21,532 DEBUG [http-nio-63040-exec-2][BaseJdbcLogger.java:137] - <==      Total: 9
2023-03-07 21:01:24,819 DEBUG [HikariPool-1 housekeeper][HikariPool.java:421] - HikariPool-1 - Pool stats (total=10, active=0, idle=10, waiting=0)
2023-03-07 21:01:24,819 DEBUG [HikariPool-1 housekeeper][HikariPool.java:421] - HikariPool-1 - Pool stats (total=10, active=0, idle=10, waiting=0)
2023-03-07 21:01:24,819 DEBUG [HikariPool-1 housekeeper][HikariPool.java:517] - HikariPool-1 - Fill pool skipped, pool is at sufficient level.
2023-03-07 21:01:24,819 DEBUG [HikariPool-1 housekeeper][HikariPool.java:517] - HikariPool-1 - Fill pool skipped, pool is at sufficient level.
2023-03-07 21:01:54,833 DEBUG [HikariPool-1 housekeeper][HikariPool.java:421] - HikariPool-1 - Pool stats (total=10, active=0, idle=10, waiting=0)
2023-03-07 21:01:54,833 DEBUG [HikariPool-1 housekeeper][HikariPool.java:421] - HikariPool-1 - Pool stats (total=10, active=0, idle=10, waiting=0)
2023-03-07 21:01:54,833 DEBUG [HikariPool-1 housekeeper][HikariPool.java:517] - HikariPool-1 - Fill pool skipped, pool is at sufficient level.
2023-03-07 21:01:54,833 DEBUG [HikariPool-1 housekeeper][HikariPool.java:517] - HikariPool-1 - Fill pool skipped, pool is at sufficient level.
2023-03-07 21:02:24,839 DEBUG [HikariPool-1 housekeeper][HikariPool.java:421] - HikariPool-1 - Pool stats (total=10, active=0, idle=10, waiting=0)
2023-03-07 21:02:24,839 DEBUG [HikariPool-1 housekeeper][HikariPool.java:421] - HikariPool-1 - Pool stats (total=10, active=0, idle=10, waiting=0)
2023-03-07 21:02:24,839 DEBUG [HikariPool-1 housekeeper][HikariPool.java:517] - HikariPool-1 - Fill pool skipped, pool is at sufficient level.
2023-03-07 21:02:24,839 DEBUG [HikariPool-1 housekeeper][HikariPool.java:517] - HikariPool-1 - Fill pool skipped, pool is at sufficient level.
2023-03-07 21:02:54,841 DEBUG [HikariPool-1 housekeeper][HikariPool.java:421] - HikariPool-1 - Pool stats (total=10, active=0, idle=10, waiting=0)
2023-03-07 21:02:54,841 DEBUG [HikariPool-1 housekeeper][HikariPool.java:421] - HikariPool-1 - Pool stats (total=10, active=0, idle=10, waiting=0)
2023-03-07 21:02:54,841 DEBUG [HikariPool-1 housekeeper][HikariPool.java:517] - HikariPool-1 - Fill pool skipped, pool is at sufficient level.
2023-03-07 21:02:54,841 DEBUG [HikariPool-1 housekeeper][HikariPool.java:517] - HikariPool-1 - Fill pool skipped, pool is at sufficient level.
2023-03-07 21:03:24,851 DEBUG [HikariPool-1 housekeeper][HikariPool.java:421] - HikariPool-1 - Pool stats (total=10, active=0, idle=10, waiting=0)
2023-03-07 21:03:24,851 DEBUG [HikariPool-1 housekeeper][HikariPool.java:421] - HikariPool-1 - Pool stats (total=10, active=0, idle=10, waiting=0)
2023-03-07 21:03:24,851 DEBUG [HikariPool-1 housekeeper][HikariPool.java:517] - HikariPool-1 - Fill pool skipped, pool is at sufficient level.
2023-03-07 21:03:24,851 DEBUG [HikariPool-1 housekeeper][HikariPool.java:517] - HikariPool-1 - Fill pool skipped, pool is at sufficient level.
2023-03-07 21:03:54,857 DEBUG [HikariPool-1 housekeeper][HikariPool.java:421] - HikariPool-1 - Pool stats (total=10, active=0, idle=10, waiting=0)
2023-03-07 21:03:54,857 DEBUG [HikariPool-1 housekeeper][HikariPool.java:421] - HikariPool-1 - Pool stats (total=10, active=0, idle=10, waiting=0)
2023-03-07 21:03:54,857 DEBUG [HikariPool-1 housekeeper][HikariPool.java:517] - HikariPool-1 - Fill pool skipped, pool is at sufficient level.
2023-03-07 21:03:54,857 DEBUG [HikariPool-1 housekeeper][HikariPool.java:517] - HikariPool-1 - Fill pool skipped, pool is at sufficient level.
2023-03-07 21:04:24,866 DEBUG [HikariPool-1 housekeeper][HikariPool.java:421] - HikariPool-1 - Pool stats (total=10, active=0, idle=10, waiting=0)
2023-03-07 21:04:24,866 DEBUG [HikariPool-1 housekeeper][HikariPool.java:421] - HikariPool-1 - Pool stats (total=10, active=0, idle=10, waiting=0)
2023-03-07 21:04:24,866 DEBUG [HikariPool-1 housekeeper][HikariPool.java:517] - HikariPool-1 - Fill pool skipped, pool is at sufficient level.
2023-03-07 21:04:24,866 DEBUG [HikariPool-1 housekeeper][HikariPool.java:517] - HikariPool-1 - Fill pool skipped, pool is at sufficient level.
2023-03-07 21:04:54,880 DEBUG [HikariPool-1 housekeeper][HikariPool.java:421] - HikariPool-1 - Pool stats (total=10, active=0, idle=10, waiting=0)
2023-03-07 21:04:54,880 DEBUG [HikariPool-1 housekeeper][HikariPool.java:421] - HikariPool-1 - Pool stats (total=10, active=0, idle=10, waiting=0)
2023-03-07 21:04:54,880 DEBUG [HikariPool-1 housekeeper][HikariPool.java:517] - HikariPool-1 - Fill pool skipped, pool is at sufficient level.
2023-03-07 21:04:54,880 DEBUG [HikariPool-1 housekeeper][HikariPool.java:517] - HikariPool-1 - Fill pool skipped, pool is at sufficient level.
2023-03-07 21:05:24,893 DEBUG [HikariPool-1 housekeeper][HikariPool.java:421] - HikariPool-1 - Pool stats (total=10, active=0, idle=10, waiting=0)
2023-03-07 21:05:24,893 DEBUG [HikariPool-1 housekeeper][HikariPool.java:421] - HikariPool-1 - Pool stats (total=10, active=0, idle=10, waiting=0)
2023-03-07 21:05:24,893 DEBUG [HikariPool-1 housekeeper][HikariPool.java:517] - HikariPool-1 - Fill pool skipped, pool is at sufficient level.
2023-03-07 21:05:24,893 DEBUG [HikariPool-1 housekeeper][HikariPool.java:517] - HikariPool-1 - Fill pool skipped, pool is at sufficient level.
